!	27
$	1
%	1
&	4
'	3
''	214
'S	18
'accidental	1
'irretraceable	1
'possum	2
's	147
(	211
)	204
***	3
*****	1
+	1
,	3240
-	6
--	235
-200°	1
-273°	1
.	2323
...	1
._	3
//gutenberg.org/license	1
//pglaf.org	2
//pglaf.org/fundraising	1
//www.gutenberg.org	1
//www.gutenberg.org/2/0/4/1/20417/	1
//www.pgdp.net	1
//www.pglaf.org	1
0	1
0.24	1
1	22
1,000	2
1,300	1
1.	1
1.00	1
1.A	1
1.B	1
1.C	2
1.E.1	3
1.E.2	1
1.E.3	1
1.E.4	1
1.E.6	1
1.E.7	3
1.E.8	2
1.E.9	2
1.F	1
1.F.1	1
1.F.3	1
1.F.4	1
1/100th	1
1/125,000,000	1
1/1800	1
1/1845	1
1/35,000	1
1/367,000	1
1/67,000	1
10	7
10,000	2
100	1
100,000	4
100,000,000,000,000,000	1
100-INCH	1
101	1
104	1
105	1
11	1
11.86	1
116	2
117	1
118	1
119	3
12	1
12,000	1
12.	1
120	1
121	2
128	1
12:30	1
138	2
14	2
14.	1
141	1
142,000	1
146	2
15	1
15-20	1
15.	1
150,000	1
1500	1
156	1
157	2
16	2
16.	1
160	2
161	2
164	2
166	1
167	1
168	1
17	2
170	1
172	1
174	1
175	1
176-177	1
1769-1832	1
178	1
1781.9	1
179	2
1796	1
18	1
18.	1
1825-95	1
1850	1
1856	1
1859	3
186	3
186,000	4
1864	1
1868	1
1869	1
187	1
1871	2
1872	1
1873-6	1
1894	1
1895	1
1898	1
19	5
190	2
1900	1
1901	1
1903	1
1904-5	1
1905	1
1907	1
1908	4
1909	1
191	5
1910	1
1911	2
1912	1
1914	3
1915	1
1917	2
1917._	1
1917_	1
1918	2
1919	3
192	1
1921	5
1922	6
1924	1
193	1
196	1
197	1
197,000,000	1
2	35
2-1/2	1
20	2
20,000,000	1
200	1
2001	1
2007	1
201	1
202	1
20417	1
206	1
208	1
209	1
21	1
21.	1
212	1
213	1
216	1
22	3
220	1
221	1
23	2
233	2
238	2
239	1
24	1
243	1
246	1
25	2
25,000	3
250	3
251	1
252	1
254	1
255	1
258	2
26	2
26,000,000	1
262	1
267	1
27	1
271	2
274	1
275	1
278	2
279	1
28	1
280	1
283	1
286	1
287	1
29	5
290	2
291	1
3	26
3,000	1
30	1
30,000	1
30,000-50,000	1
300	1
3030	1
31	1
31900	1
32	2
34	1
34,000,000	1
34.7	1
35	2
36.0	1
37	1
4	15
4,000	1
4,500	1
4.	1
4.29	1
40	2
40-INCH	2
400,000,000	1
41	1
4557	1
48	1
483.3	1
5	11
5,000	2
5,000°	1
5,500	1
50	1
500	3
500,000	3
500°	1
53	1
55	1
56	3
57	2
580,000,000	1
6	8
60	2
60,000	2
600	1
62	1
64	1
64-6221541	1
65	1
67	1
7	9
7,918	1
7/250000	1
72	2
76	1
77	1
7918	1
8	4
8,100	1
8.	1
80	1
800	1
809	1
82	1
83	2
84.02	1
84116	1
86	1
86500	1
866400	1
9	4
9,000	1
9.	1
90	2
91	3
92	2
92,830,000	1
92.9	1
93,000,000	1
94	1
95	1
:	263
;	241
=	2
?	50
A	160
A.	6
A.C.	1
ABOUT	4
ACT	2
ACTUAL	1
ADAPTATION	1
ADAPTATIONS	2
ADAPTED	5
AEGIR	2
AFRICA	2
AGES	2
AGES_	1
AGO	2
AGREE	1
AGREEMENT	1
AIR	2
ALBATROSS	2
ALLIGATOR	1
ALONG	2
ALSATIAN	1
ALSO	1
ALTAMIRA	2
ALTERNATING	2
AMOEBA	1
AMONGST	1
AN	17
ANALYSING	2
ANCESTORS	1
AND	53
ANDROMEDA	1
ANIMAL	7
ANIMALS	9
ANOTHER	3
ANT	1
ANY	3
ANYTHING	1
APE	1
APE-MAN	4
APES	3
APPEARANCE	2
APPEARANCES	1
AQUATIC	2
ARBOREAL	1
ARCHITECTURE	1
ARCTURUS	1
ARE	7
ARGONAUTA	1
AROUND	2
ARRANGEMENT	2
ARRHENIUS	1
ARTHUR	1
ARTISTIC	1
AS	6
ASCENT	2
ASCII	1
ASTRONOMICAL	1
AT	11
ATOMS	3
ATTACKING	2
ATTITUDE	1
ATTRACTION	1
AURORA	1
AUSTRALIA	3
AUSTRALIAN	3
AVOCET	1
Above	3
According	7
Account	1
Acquisitions	2
Actions	1
Adopting	1
Adventurers	1
Africa	4
African	2
Africans	1
After	6
Again	2
Age	6
Age_	1
Agency	3
Agency._	1
Ages	8
Air	1
Algol	2
All	7
Almanac_	1
Almost	1
Along	1
Alpha	2
Already	2
Alytes	1
America	6
American	5
Americana_	2
Amniota	1
Amoeba	1
Amoebæ	1
Among	3
Amphibia	1
Amphibian	2
Amphibians	10
An	11
Anamnia	1
Anatomical	1
Ancient	2
And	31
Angler	1
Angoras	1
Animal	5
Animalcule	2
Animals	6
Animals_	1
Animate	2
Another	10
Antarctic	1
Anthropoid	1
Any	1
Anyone	1
Apart	4
Apennines	1
Apprenticeship	1
April	2
Archimedes	1
Archive	7
Archæopteryx	1
Archæozoic	1
Arctic	2
Are	1
Arges	1
Argonaut	1
Aristotle	2
Arthur	8
As	25
Ascent	1
Asia	5
Association	3
Astronomers	2
Astronomical	2
Astronomy	2
Astronomy_	3
Astrophysical	1
At	12
Atlantic	2
Atoms	2
Atromaculatus_	1
Attempts	1
Attention	1
August	1
Aurelia	1
Australia	3
Australian	2
Avebury	1
Avoided	1
Azores	1
B.	2
BABY	2
BACK	2
BACKBONELESS	2
BALL	3
BANDED	2
BANDS	2
BARON	1
BE	2
BEAR	2
BECOME	3
BEETLE	1
BEFORE	1
BEGIN	1
BEGINNING	2
BELOW	1
BETWEEN	2
BEUNE	1
BEYOND	1
BIBLIOGRAPHY	3
BIG	2
BILL	5
BILLS	2
BIPED	1
BIRD	6
BIRDS	1
BIRTH	1
BISON	2
BITTERLING	2
BITTERN	1
BONES	1
BOREALIS	1
BRAGG	1
BRAIN	2
BRAIN-CASE	2
BRAINS	1
BRANCHES	1
BRAZIL	1
BREAKING	1
BREAKS	1
BREEDING	2
BRITISH	2
BROKEN	1
BROWNIAN	1
BUILT	1
BULLET	1
BUNCH	2
BUT	2
BY	9
Babies	1
Backboneless	1
Bacteria	1
Baltic	3
Banded	1
Bates	1
Batesian	1
Bayliss	1
Beach	1
Bear	1
Beaver	1
Becoming	2
Becquerel	1
Before	3
Beginning	3
Beginnings	3
Being	1
Belgium	1
Belle	1
Below	1
Berenices	1
Berridge	7
Berridge._	1
Besides	3
Beta	3
Big	1
Biological	1
Biology	1
Bird	1
Birds	2
Birds_	1
Birgus	1
Birnam	1
Bittern	2
Blue	2
Boar	1
Bodies	1
Body	2
Body-mind	1
Bolivia	1
Bolton	1
Bolton._	1
Bon	1
Bone	2
Bony	1
Book	1
Borneo	1
Both	4
Box	1
Bragg	1
Bred	1
Brian	1
Bricks	1
Bridge	1
Britain	7
British	11
Broadening	1
Brocklehurst	2
Brocklehurst._	1
Bronze	1
Brown	3
Brownian	1
Bugs	1
Buller	1
Bustard	1
But	88
By	10
C	1
C.	9
CAMBRIDGE	1
CAMOUFLAGING	1
CANYON	1
CAPELLA	1
CAPTURED	1
CAPTURING	2
CAREFULLY	1
CAREY	1
CARPET	2
CARRIER	1
CARRYING	4
CASSOWARY	2
CAST	2
CATCHING	3
CAUGHT	1
CAUSE	1
CAVE	3
CAVERN	1
CHALK-FORMING	1
CHAMELEON	2
CHAPELLE-AUX-SAINTS	1
CHARACTERISTIC	2
CHARLES	1
CHEETAHS	1
CHICKEN	1
CHIMPANZEE	6
CHIMPANZEES	2
CIRCUIT	1
CLERK-MAXWELL	1
CLIMBS	1
CLODD	1
CLOUD	1
CLUSTER	2
CMC	1
COCO-NUT	1
COLONY	2
COLORATION	3
COLOUR	1
COLOUR-CHANGE	1
COLOURS	1
COMETS	1
COMMON	5
COMPARATIVE	2
COMPARISONS	2
CONSEQUENTIAL	1
CONTENTS	1
CONTINUALLY	2
CORAL	1
CORE	1
CRATERS	2
CREATURES	1
CROMAGNARD	1
CROMAGNON	1
CROOKES	1
CRUSTACEANS	2
CUCKOO-SPIT	1
CULMINATING	1
CURIOUS	1
CURRENT	2
CUVIER	1
CV	1
Cagcombe	2
California	2
Californian	1
Called	1
Cambrian	2
Cambridge	2
Canals_	1
Cap	1
Carboniferous	4
Care	2
Carnivores	1
Carrier	1
Case	2
Caterpillars	1
Cattle	1
Cavendish	1
Celandine	1
Celebes	1
Cenozoic	2
Cerebrum	1
Certainly	1
Ceylon	1
Chalmers	1
Chamberlin	2
Chameleon	1
Chameleons	1
Change	2
Changes	1
Charles	3
Chauliodus	1
Chemistry	1
Chief	1
Chili	1
China	1
Church	1
Circle	1
Clean	1
Cloth	1
Club-moss	1
Co	1
Co.	2
Co._	1
Coal	1
Coal-measures	1
Cochroaches	1
Collection	3
Collection._	2
College	2
Colony	1
Colour	1
Columbia._	1
Coma	1
Combe	1
Combustion	1
Comet	1
Comparative	1
Compare	1
Compared	1
Conditions	1
Conifers	1
Conquering	1
Conquest	1
Conservation	1
Conservator	1
Continental	1
Contrast	1
Contributions	1
Copernicus	1
Copper	3
Copyright	1
Corona	1
Correlated	1
Country	1
Cox	1
Crab	1
Cradle	1
Crane	2
Creation	1
Creatures	1
Cretaceous	2
Cribb	1
Cribb._	1
Crickets	1
Cro-Magnon	1
Croatia	1
Crocodilian	1
Cromagnards	1
Crookes	6
Crossing	1
Crossland	1
Crumb-of-Bread	1
Crustaceans	1
Ctenophores	1
Curie	1
Curiously	1
Curlews	1
Current	1
Cuttlefishes	1
Cycads	1
Cyclostomes	1
Cynodonts	1
D.	1
DAMAGE	1
DAMAGES	1
DARWIN	2
DAWN	3
DAYS	1
DEAD-LEAF	2
DEATH	2
DEEP	1
DEEP-SEA	3
DELICATELY	1
DENTITION	1
DEPARTS	1
DEPERET	1
DEPOSITORY	1
DEPTHS	1
DETECTING	2
DEVONIAN	1
DIAGRAM	7
DIAGRAMS	1
DIAMETER	1
DIAMOND	2
DIFFERENT	1
DINGO	1
DIRECT	1
DIRECT-READING	1
DISC	3
DISCHARGE	1
DISCHARGED	1
DISCLAIMER	1
DISCOVERED	2
DISCOVERY	2
DISINTEGRATION	2
DISTANCE	1
DISTANCES	1
DISTRIBUTE	1
DISTURBANCE	1
DIVERSE	1
DOG	2
DOMESTICATED	1
DONATIONS	1
DOUBLE-SLIDE	2
DOWN	1
DRAGON	1
DRAWING	2
DRAWN	3
DRY	1
Dalton	1
Dando	1
Dando_	1
Dark	1
Darwin	6
David	1
Day	1
Death	2
Deeps	1
Deer	1
Defect	1
Devonian	2
Dexterity	1
Diagram	1
Dinosaur	2
Dinosaurs	3
Dipnoan	1
Directly	1
Disappearance	1
Discovery	4
Discs	1
Dissipation	2
Distinctly	1
Distributed	1
Do	2
Doctrine	1
Dominion	1
Don	1
Donations	2
Dr	1
Dr.	10
Dragon	1
Dragons	1
Drawing	1
Drawn	1
Drifters	1
Drosophila	1
Dublin	1
Duck-billed	1
Duckmole	1
Duffus	1
Duffus._	1
Duncan	1
During	4
Dwarfs	1
Dynamo	1
Düsseldorf	1
E	1
E.	4
E.G	2
E.g	1
EACH	2
EAR	1
EARLIEST	1
EARLY	3
EARTH	5
EARTHWORM	4
EBOOK	1
EBook	1
ECLIPSE	1
EDDINGTON	1
EDGE-ON	1
EEL	1
EFFECTED	1
EGG	1
EGGS	2
EIGHT-ARMED	2
EINSTEIN	1
ELECTRIC	4
ELECTRICAL	1
ELECTRIFIED	1
ELECTRON	4
ELECTRONS	4
ELMHIRST	1
ENERGY	1
ENGRAVED	1
ENORMOUSLY	1
ENTERS	1
ENTIRE	2
ENVIRONMENT	2
EOCENE	1
ERA_	2
ERNEST	1
ESSENTIAL	1
ESTIMATED	1
ETHER	1
EVEN	1
EVOLUTION	6
EVOLVING	1
EXAMPLE	1
EXCAVATING	1
EXCEPT	1
EXISTENCE	1
EXPECTATION	1
EXTINCT	5
Each	9
Early	3
Earth	7
Earthworms	1
East	3
Edinburgh	1
Eel	1
Egg-eating	1
Egypt	1
Eighth	1
Einstein	3
Electric	1
Electricians	1
Electricity	1
Electrons	5
Elk	2
Elliott	2
Elusiveness	1
Email	1
Embryological	2
Emotions	1
Encyclopædia	1
End	1
Energetic	1
Energy	7
Energy_	2
England	1
English	2
Enough	1
Enregistered	1
Eocene	3
Eohippus	1
Era	1
Erect	1
Ernest	6
Error	1
Escape	1
Establishment	1
Ether	4
Euclid	1
Europe	6
European	2
Even	11
Eventually	2
Everest	1
Every	13
Everybody	1
Everyone	1
Everything	2
Evidences	2
Evolution	15
Evolution-idea	1
Evolution._	3
Evolution_	1
Evolutionary	2
Examination	1
Except	2
Existence	1
Experiential	1
Experimental	1
Experimenting	1
Experiments	3
Extending	1
Extraordinary	1
F.	2
F.E.S	5
F.E.S._	3
F.R.S	2
F.Z.S	2
F.Z.S._	1
FACE	1
FALCON	1
FALL	2
FALLS	1
FAMILY	1
FAMOUS	1
FASCINATING	2
FEATURE	1
FEIGNING	2
FELL	2
FEMALE	1
FERAL	1
FEW	1
FIG	12
FIRST	4
FISH	7
FISHES	5
FITNESS	1
FLAMING	1
FLIGHTLESS	1
FLINTY	1
FLIPPER	1
FLOWER	2
FLY-TRAP	1
FLYING	3
FOLK	1
FONT-DE-GAUME	3
FOOD	4
FOR	15
FORAMINIFER	2
FORAMINIFERA	1
FORBES	1
FORE-LIMBS	1
FOREST	2
FORESTIER	1
FORMS	2
FOSSIL	1
FOUNDATIONS	1
FOUR	1
FRANCE	1
FREDERICK	1
FRESH	1
FRILLED	1
FROG	2
FROM	9
FRUITS	1
FURNEAUX	1
Fabre._	1
Factors	2
Fahr	1
Far	2
Faraday	1
Fate	1
Fife	2
Fifty-foot	1
Fig	5
Figs	1
Figure	1
Fiji	1
Finally	3
First	3
Fish	2
Fishes	2
Five	1
Floating	1
Flower	1
Flying	8
Folk	2
Following	1
For	27
Foraminifera	1
Forbes	2
Force	1
Forces	3
Fore-limb	2
Foresight	2
Forming	1
Forms	2
Forreri_	1
Foundation	12
Fountain	1
Four	1
Fourteen	1
Fourth	3
Fox	1
France	1
French	1
Freshwater	1
Frog	2
Frog-mouth	1
From	14
Fruit-fly	1
Fry	1
Fry._	1
Full	1
Furthermore	2
G	1
G.	6
GABOON	2
GALLOPING	2
GAMBIAN	1
GAMBIENSE	1
GARMENT	1
GATEPOST	2
GENEALOGICAL	3
GEOLOGICAL	1
GIANT	3
GIBBON	1
GIRAFFE	1
GISBERT	1
GIVING	1
GLOWING	1
GOING	1
GOLF	1
GONE	1
GOODRICH	1
GORILLA	3
GOSSAMER	2
GRADUAL	1
GRANULES	2
GRAZING	1
GREAT	7
GREEN	2
GREENLAND	1
GROUP	1
GUTENBERG	1
GUTENBERG-tm	1
Galileo	1
Galway	1
Gambier	4
Gamble	1
Gamma	3
Ganymede	1
Gardens	2
General	3
Generally	1
Gertrude	1
Getting	2
Giant	2
Giants	1
Gibraltar	1
Gibson	1
Gilbert	1
Giraffe	1
Given	5
Glaciation	1
Glasgow	1
Glass	1
Glimpses	1
Go	1
God	1
God-like	1
Goethe	1
Going	2
Golden	3
Great	2
Greek	5
Greeks	2
Greenwich	2
Greenwich._	3
Grouse	1
Gutenberg	17
Gutenberg-tm	27
Gyges	1
H.	20
HABITS	2
HADDON	1
HAMMERING	2
HAND	2
HARPY-EAGLE	2
HAS	6
HAVE	1
HEAD	5
HEADLEY	1
HEIDELBERG	2
HEIGHT	1
HENRY	1
HER	2
HERCULES	2
HESPERORNIS	1
HICKSON	1
HIGH	1
HIGHLY	1
HILL	1
HINCKS	1
HIND-LEG	2
HIND-LIMBS	1
HISTORY	2
HOATZIN	2
HOLDER	1
HOLDING	1
HOLMAN	1
HOMING	1
HOMOLOGY	1
HORNBILL	1
HORSE	4
HOW	2
HUGE	1
HUMAN	2
HUNTING	1
HUXLEY	1
HYDROGEN	1
Hampton	3
Hare	1
Harry	1
Hart	1
Harvard	2
Haunts	1
Hawk	1
Hawkins	1
He	20
Heat	3
Heavens_	1
Hebrides	1
Heidelberg	5
Helena	1
Hence	3
Herbert	1
Here	6
Heritable	1
Hermon	1
High	1
Higher	2
Hilger	1
Hill	1
Hinkins	1
Hippolyte	2
His	1
History	6
History_	1
Hitherto	1
Hobhouse	1
Holmes	3
Home	1
Horses	1
How	6
However	2
Human	2
Humanity	1
Hunger	1
Huxley	4
Hydra	2
Hydrostatica_	1
Hypothesis	1
I	8
ICE	2
IDEAS	1
IDENTIFYING	1
II	1
III	3
ILLUSTRATION	1
ILLUSTRATIONS	1
IMMENSE	1
IMPERFECT	1
IMPRESSION	2
IN	38
INCIDENTAL	1
INCONCEIVABLE	1
INCONCEIVABLY	1
INCREASE	1
INDIGENOUS	1
INDIRECT	1
INHABITING	2
INSECT	2
INSET	1
INSIDE	1
INSTRUMENT	2
INTRICATE	1
INTRODUCTION	1
INTRODUCTORY	1
INVISIBILITY	1
INVISIBLE	1
IRS	1
IS	11
ISAAC	1
IT	3
ITS	5
Ice	5
Ichthyosaurs	1
Ideas	1
If	50
Illustration	111
Illustration_	6
Imitation	1
Imperial	2
In	115
Inachis_	2
Indeed	2
India	2
Indian	2
Indo-China	1
Influence	1
Information	4
Infusorians	1
Ingersoll	1
Innumerable	1
Insectivores	2
Insects	1
Instantaneously	1
Instinct	1
Instinctive	5
Institution	2
Intelligence	3
Intelligent	2
Interesting	1
Interglacial	3
Internal	1
Internat	1
Interpretation	2
Invertebrate	2
Invertebrates	1
Investigation	1
Invisible_	1
Iron	1
Is	3
Isaac	1
Islands	1
It	203
Italian	1
Italians	1
Its	7
J	9
J.	38
JACKDAW	2
JAVA	3
JAW	1
JEAN	1
JOHN	1
JOHNSTONE	1
JULY	1
JUPITER	2
JURASSIC	1
James	4
Janes	1
January	2
Japan	1
Jasper	2
Java	1
Jeans	1
Jesuit	1
John	1
Johnson	1
Jones	1
Joule	1
Journ	1
Jumna	1
June	2
Jungle	1
Jupiter	13
Jurassic	4
Just	1
KAPP	1
KEITH	2
KELVIN	1
KETTLE	2
KILLING	1
KIPPAX	1
KIWI	2
KNOWN	1
Kea	1
Keen	1
Keith	1
Kelvin	2
Kent	1
Key	1
Killdeer	1
Kinds	1
King	1
King-crabs	1
Kingdom	1
Kipling	1
Knickerbocker	1
Knipe	2
Knowledge	2
Known	1
L.	2
LA	1
LAMPREYS	1
LAND	1
LAPLACE	1
LARGE	3
LAYS	1
LEOPARDS	1
LIABLE	1
LICENSE	2
LIFE	6
LIFE-HISTORY	2
LIGHT	2
LIGHTNING	1
LIKE	2
LIMBS	1
LIME	1
LIMESTONE	1
LIMITED	2
LINE	1
LITTLE	2
LIVE	2
LIVING	1
LIZARD	1
LL.D.	2
LOCKYER	1
LODGE	1
LONDON	1
LONG	1
LORD	3
LOWELL	1
LOWER	1
LULL	1
Laboratory	1
Lafayette	1
Lake	3
Lamprey	1
Land	5
Langmuir	1
Language	1
Langur	1
Laplace	4
Lapland	1
Latro_	1
Laying	1
Le	1
Leave	1
Leibnitz	1
Lemurs	1
Lenard	2
Leonard	1
Let	5
Library	1
License	3
Lick	1
Life	3
Life._	1
Life_	3
Light	7
Light-waves	1
Like	2
Limits	1
Linnæus	1
Literary	6
Living	4
Lizards	1
Lizzie	3
Lloyd	1
Locomotion	1
Locomotive	2
Lodge	1
Logos	1
London	2
Look	1
Looking	5
Lord	2
Louis	2
Love	1
Lowell	2
Lower	1
Ltd	3
Ltd._	1
Lull	6
Luther	1
Lycosa	1
Lynx	1
M.	1
M.D.	2
M.F	1
MADE	1
MAGNET	2
MAGNETIC	3
MAIN	3
MAKING	1
MALE	3
MAMMALS	2
MAN	12
MAN-OF-WAR	1
MANTIS	1
MAP	2
MARCH	1
MARINE	1
MARINUS_	1
MARKED	1
MARS	2
MATTER	3
MAUER	1
MAY	3
MC	1
MCCABE	1
MCKREADY	1
MEAN	1
MEANS	1
MEANT	1
MEDIAN	1
MERCHANTIBILITY	1
MERCURY	1
MESSIER	1
METEORITE	2
METEORS	2
METHODS	2
MILES	2
MILKY	2
MILLION	2
MIND	4
MINUTE	1
MIXING	3
MODEL	2
MODERN	2
MODIFIED	2
MOLECULES	1
MONITOR	1
MONKEYS	1
MOON	4
MOTH	1
MOTHER	1
MOUNT	1
MOUTHS	2
MOVEMENT	1
MOVING	1
MUD-FISH	1
MUD-SKIPPER	2
MURRAY	1
MUSEUM	1
Macmillan	2
Macmillan_	1
Macpherson	1
Made	1
Magnetism	2
Magnifying	1
Mail	1
Malay	1
Mammal	1
Mammals	1
Man	23
Man_	4
Manchester	2
Mantis	1
Manual	1
Many	11
March	1
Marquis	2
Mars	17
Marsh	2
Marshes	1
Martian	2
Martians	1
Masking	1
Matter	2
Matter_	1
Matthew	1
Mauer	1
Max	1
May	1
Maze	1
McGREGOR	1
McGregor	3
McGregor._	4
Meanwhile	1
Measuring	1
Mediterranean	2
Men	7
Men_	1
Mendelism	1
Mentone	1
Mercury	4
Merychippus	1
Mesohippus	1
Mesozoic	6
Messrs	1
Messrs.	2
Metal	1
Metals	1
Metchnikoff	1
Meteorites	1
Mexico	1
Mic	1
Michael	2
Michelson	1
Middle	1
Milky	7
Millions	1
Mills	1
Mills._	1
Mimicry	1
Mind	10
Mind-body	1
Miocene	2
Miss	1
Mission	1
Mississippi	1
Modern	2
Molecules	1
Mongols	1
Monkey	3
Monkeys	1
Moon	2
More	1
More-pork	1
Moreover	7
Morgan	3
Morley	1
Moseley	1
Most	5
Moth	3
Motion	1
Mound-birds	2
Mount	9
Mountains	1
Mouse	2
Movement	1
Mr.	6
Much	3
Murray	3
Museum	11
Museum._	1
Museum_	1
Must	1
Müller	1
Müllerian	1
N	2
N.	4
NARROW	1
NATURAL	1
NAUTILUS	2
NEANDERTHAL	2
NEAR	2
NEBULA	5
NEBULAR	1
NEGLIGENCE	1
NEST	3
NEVILLE	1
NEWBIGIN	1
NEWCOMB	1
NEWTON	3
NIAGARA	1
NIGER_	1
NINE	1
NO	1
NORTH	5
NORTH-WEST	2
NORTHERN	3
NOT	1
NOTABLE	1
NOTE	1
NOTICE	1
NOW	1
NUMBER	1
NUMBERS	1
NUTS	1
National	1
Natural	11
Nature	13
Nature_	2
Nautiloids	1
Nautilus	4
Neanderthal	11
Neanderthaler	1
Neanderthalers	1
Nearly	2
Nebula	3
Nebular	1
Neoceratodus	2
Neolithic	7
Neptune	3
Nest	1
New	16
Newcomb	1
Newer	1
Newton	3
Next	1
Niagara	3
Niger_	1
Nightjar	1
No	8
Noctiluca	1
None	1
Nor	2
Norman	2
North	7
Northern	1
Nos	2
Not	4
Note	7
Notice	4
Now	21
Nowadays	1
Nurse-Frog	1
O	1
O.	1
OBELIA	2
OBJECTS	1
OCTOBER	1
OF	150
OFF	1
OFFSHOOT	1
OKAPI	1
OLD	1
OLIGOCENE	1
ON	14
ONES	2
ONLY	1
OPEN	2
OPEN-SEA	1
OPOSSUM	1
OR	24
ORANG	3
ORANG-UTAN	4
ORIGIN	1
ORIONIS	1
OSBORN	1
OTHER	2
OTTER	1
OUT	3
OUTBURSTS	1
OUTFLOWING	2
OUTLINE	5
Observatory	18
Observatory._	8
Ocean	3
Ocean_	1
Oceans	1
Of	10
Old	3
Oligocene	1
Oliver	1
On	20
Once	1
One	21
Online	1
Only	1
Open-sea	1
Or	3
Organic	3
Organisms	1
Origin	2
Orohippus	1
Orthoptera	1
Osborn	5
Oscar	1
Other	3
Others	4
Otherwise	1
Ottawa	1
Our	5
Out	2
Outline	3
Over	1
Owing	1
P.	4
PAGE	1
PAINTINGS	1
PALM	1
PAPER	1
PARAGRAPH	1
PARENTS	1
PARIASAURUS	1
PARTICLES	1
PARTS	1
PASSAGE	2
PASSING	1
PEARLY	3
PECULIAR	1
PELAGIC	2
PELICAN	1
PENGUINS	1
PEOPLE	1
PERHAPS	4
PERIOD	7
PERIOPHTHALMUS	1
PERMIAN	1
PERRIN	1
PETREL	1
PG	1
PGLAF	1
PHENOMENA	1
PHOTOGRAPH	5
PIECE	1
PIGEON	2
PILTDOWN	1
PIN	1
PITHECANTHROPUS	5
PLAINS	2
PLANE	3
PLANETS	2
PLATYPUS	2
PLEISTOCENE	1
POINT	1
POLARIS	1
POLYPS	1
POLYSTOMELLA	2
PORTIONS	1
PORTUGUESE	1
PR	1
PRAYING	1
PRECEDING	1
PREDECESSORS	1
PREHISTORIC	1
PRESENT	1
PROCYON	1
PRODUCED	1
PROFESSOR	8
PROFILE	1
PROJECT	2
PROMINENCES	4
PROTECTIVE	5
PROTEROSPONGIA	1
PROTOPTERUS	1
PROVIDED	1
PROVIDES	2
PS	1
PTERODACTYL	1
PUFFIN	1
PUNITIVE	1
PUTNAM	1
Pacific	2
Paloloworm	1
Palæolithic	4
Palæozoic	3
Paraguay	1
Parasitism	1
Parental	1
Paris	2
Park	3
Park._	3
Part	1
Passenger	1
Patrick	1
Pearly	2
Peculiarities	1
Pedigree	1
Pelagica_	1
Pelomyxa	1
Percival	2
Perhaps	12
Permanently	1
Permian	3
Persia	1
Persistent	1
Peter	3
Petrie	1
Phalangers	1
Phoenix	1
Phosphorus	1
Photo	41
Photographed	1
Photographically	1
Photos	1
Physical	2
Physicists	1
Physics	2
Physiological	1
Pickering	1
Piltdown	6
Pipa	1
Pithecanthropus	2
Pitt	1
Place	1
Placing	1
Plain	1
Planet	1
Plankton	3
Plants	3
Play	1
Please	1
Pleistocene	3
Plesiosaurs	1
Pliocene	4
Polar	1
Polished	1
Ponds	1
Possibly	1
Post-Glacial	1
Postglacial	1
Poulton	1
Power	3
Presently	1
Press	3
Press_	1
Primates	1
Primitive	1
Primrose	1
Printing	6
Produced	1
Prof.	5
Professor	36
Progress	1
Project	39
Proof	1
Proofreading	1
Proterozoic	1
Protists	2
Protozoa	6
Pterodactyl	1
Pterodactyls	5
Public	1
Pulled	1
Punics	1
Putnam	1
Pycnogon	1
Périgord	1
QUARTER	1
Quart	1
Queensland	1
Quite	2
R.	8
RACE	1
RADIUM	2
RAYS	3
READ	1
RECONSTRUCTED	1
REEDS	2
REEF-BUILDING	1
REFLEX	2
REFRACTING	1
REFRACTOR	1
REGARDS	1
REGION	1
REGIUS	1
REGROWING	2
REGULUS	1
RELATED	1
RELATIVE	3
REMAINS	1
REMEDIES	1
REPRESENTATION	2
REPRESENTATIVE	1
REPRESENTED	1
REPTILE	1
RESEMBLANCE	2
RESEMBLE	2
RESTORATION	2
REVEALING	1
REVOLUTION	2
RHODESIA	1
RHODESIAN	2
RIGEL	1
RISING	1
RIVERS	2
ROBBER-CRAB	1
ROCK	2
ROMANCE	2
ROOF	1
ROOTS	1
ROTATING	1
ROUNDED	1
RUTHERFORD	1
Rabbit	1
Rabbits	1
Races	2
Radium	4
Rapid	1
Rats	1
Ray	4
Reactions	1
Real	1
Reality_	1
Reason	1
Record	1
Red	5
Redistribution	1
Refund	1
Reid	1
Reid._	1
Reindeer	1
Relationship	1
Release	1
Religiosa_	1
Remains	1
Replacement	1
Report	4
Report_	1
Reproduced	7
Reptiles	2
Rhine	1
Rhinoderma	1
Rhodesian	1
Richard	1
Right	1
Riki-Tiki-Tavi	1
Rischgitz	1
Rise	3
Ritchie	1
Rock	2
Rodents	1
Roman	1
Romance	3
Rome	1
Rotifer	1
Round	1
Round-mouths	1
Royal	4
Royalty	2
Running	1
Russel	1
Russell	2
Rutherford	1
S	1
S.	13
S.F	1
SALMON	3
SALTS	1
SAME	1
SAND-PIT	1
SARGASSO	1
SATELLITES	1
SC	1
SCANDINAVIA	1
SCANTY	1
SCARBOROUGH	2
SCARLET	1
SCENE	4
SCHARFF	1
SCIENCE	2
SCOOPING	1
SE	1
SEA	4
SEA-ANEMONE-LIKE	1
SEA-ANEMONES	2
SEA-CUCUMBER	1
SEA-HORSE	1
SEASONAL	1
SECRETED	2
SECTION	1
SEEN	3
SEIZING	2
SEVEN	1
SHAPES	1
SHELL	4
SHOEBILL	1
SHORE-POOLS	1
SHOWING	15
SHOWS	1
SIDE-VIEW	1
SIDEWAYS	1
SILK	2
SILURIAN	1
SIMILARITY	1
SIR	13
SIRIUS	1
SITE	1
SITTING	2
SIX	1
SIZE	4
SIZES	1
SKELETON	3
SKELETONS	2
SKULL	8
SKULL-CAP	1
SMALL	11
SMALLER	1
SNAKE	2
SOAP	2
SOBRAL	1
SODDY	1
SOLAR	6
SOLDIER	1
SOMETIMES	1
SONS	1
SOUTH	2
SOUTHERN	2
SPAIN	2
SPARK	2
SPECIALIZED	1
SPECIES	1
SPECTRA	1
SPECTROSCOPE	1
SPEED	1
SPIDER	3
SPIRAL	2
SPRING	1
ST.	1
STAGE	1
STAGES	2
STAR	2
STARFISH	1
STARS	1
START	1
STELLAR	1
STEPS	1
STICKLEBACK	1
STORING	1
STORM	1
STORY	1
STRATA	2
STREAM	1
STREAMING	2
STRICT	1
STRIKE	1
STRONG	1
STRUGGLE	1
SUBSTANCES	2
SUCH	1
SUGGESTIONS	2
SUN	8
SUN-SPOT	1
SUNNING	1
SURFACE	3
SURINAM	2
SVANTE	1
SWOOPING	2
SYSTEM	2
SY^	2
Safety	1
Sally	2
Salps	1
Saturn	3
Saunders	1
Schoetensack	1
Schuchert	2
Schultze_	1
Schwalbe	1
Sci	2
Science	8
Scientific	2
Scotland	3
Scottish	1
Sea	7
Sea_	1
Seas_	1
Seasonal	1
Seaweed	1
Secchi	1
Second	2
Secondly	1
Section	5
Sections	1
See	2
Seeing	1
Semang	1
Sense	1
Senses	1
Sentences	1
Separate	1
September	2
Series	1
Service	1
Several	2
Sexual	1
Shasta	1
She	5
Sheer	1
Shepstone	2
Shepstone._	2
Shore	1
Showing	4
Sickness	1
Side._	2
Silurian	2
Simian	3
Similarly	3
Simple	2
Since	3
Single	1
Sir	9
Sirius	1
Six	1
Sixth	1
Skies_	1
Sky	1
Sleeping	3
Slipher	1
Slipper	1
Slow-worm	1
Small	1
Smithsonian	5
So	19
Soddy	3
Solar	9
Some	23
Sometimes	6
Somewhat	1
Son._	1
Sons	2
Sons._	1
Sound	1
South	12
Southern	4
Space_	1
Sparrows	1
Speaking	2
Special	1
Species_	3
Spectrum	1
Spinthariscope	1
Spiny	1
Spiral	2
Sporting	1
Spy	1
Squirrel	1
Stars	1
States	9
Stellar	2
Steps	2
Stickleback	1
Stock	1
Stone	3
Stones	1
Story	2
Strangest	1
Streams_	1
Structure	1
Struggle	1
Study	1
Subconscious	1
Subsequent	1
Substitutes	2
Such	9
Sugar-bird	1
Sumatra	1
Sun	5
Sun_	1
Suns	1
Suppose	1
Surface	1
Surinam	1
Surroundings	1
Swimmers	2
System	3
Systema	2
T	1
T.	2
TAKEN	1
TASSEL	2
TEA	1
TEARING	1
TELESCOPE	2
TEN-ARMED	2
THAN	1
THAT	7
THE	184
THEIR	3
THEM	3
THEN	2
THEORY	2
THIS	2
THOMAS	1
THOMSON	4
THOUGH	1
THREE	2
THREE-QUARTER	1
THREE-SPINED	2
THROUGH	4
THRUSH	2
THRUSTING	2
TIDE	1
TIDES	2
TIME	1
TIMES	1
TO	16
TO-DAY	1
TOGETHER	2
TOLD	1
TOOTHED	1
TORTOISES	1
TOTAL	1
TRADEMARK	1
TRANSPARENT	1
TREE	4
TRENT	2
TRIASSIC	1
TRICERATOPS	2
TRILOBITE	2
TROPICAL	2
TRYING	1
TRYPANOSOMA	1
TUBE	1
TWO	2
TYPICAL	1
Take	1
Taking	1
Team	1
Technically	1
Telescopes	1
Telescopes_	1
Temps_	1
Tentative	1
Tenth	1
Tertiary	2
Text-Book	1
Thames	1
Thanks	1
That	15
The	446
Their	11
Then	3
Theoretically	1
Theory	2
There	77
Thereafter	1
These	27
They	64
Things	1
Third	1
Thirdly	1
This	73
Thomson	2
Thorndike	1
Those	1
Though	1
Thousands	1
Throughout	1
Thus	35
Tibet	1
Tides_	1
Tigris	1
Time-table	1
Times_	1
Titan	1
Title	1
To	19
To-day	1
Toad	1
Together	1
Told	1
Tracheate	1
Trained	1
Transition	1
Tree-Toad	1
Trial	1
Trial-and-error	1
Triassic	4
Tribes	1
Tricks	1
Trilobite	1
Trilobites	2
Trout	1
Trypanosome	2
Turkestan	1
Twelfth	1
Two	3
Tycho	1
Types	1
Typical	1
U.S	1
U.S.	1
U.S.A	1
UNDER	1
UNIVERSE	3
UP	3
UPPER	1
URANUS	1
USE	1
Uganda	1
Underwood	2
Uniform	1
United	5
Universe	3
University	3
Unless	3
Unlike	1
Up	2
Updated	1
Upper	2
Uranium	2
Uranus	2
Useful	1
Using	1
Utah	1
V	1
V.	2
VACUUM	1
VARIABLE	1
VEGETARIAN	1
VENUS	2
VERY	4
VI	1
VIEW	6
VII	2
VIII	2
VISCID	2
VISIBLE	2
VM	1
VOLVOX	2
Vanilla	1
Variability	1
Variable	1
Various	1
Vedda	1
Venatici	1
Venus	6
Vertebrates	4
Very	4
Victoria	1
Viewed	1
Virgil	1
Visibility	1
Visible	1
Viviparity	1
Voice	1
Vol	2
Volunteers	1
Volvox	2
Vulgalis_	1
W.	13
WALKING	2
WALKING-FISH	2
WALL	1
WALLS	1
WAR	1
WARRANTIES	2
WARRANTY	1
WAS	2
WASP	1
WATER	1
WAVE	1
WAVES	2
WEBB	1
WEED	1
WERE	1
WHALE	2
WHAT	1
WHEN	3
WHICH	8
WHIRLIGIG	2
WHOSE	2
WILD	3
WILLIAM	1
WILSON	1
WINTER	1
WITH	7
WOLF-DOG	1
WONDERFUL	1
WOODPECKER	1
WOOLLY	1
WORK	1
WORLD	1
WOUNDED	1
Wallace	1
Walt	1
War	2
Ward	8
Warty	1
Was	1
Washington	2
Watch	1
Water	1
Watson	1
Wave-motions	1
Waves	3
Way	6
We	70
Weald	1
Web	2
Weir	1
Well-finished	1
Western	1
Whale	3
What	27
Whatever	4
Wheat	3
Wheat_	1
When	33
Whence	1
Whenever	2
Where	2
Whereupon	1
Whether	3
While	3
White	1
Whitman	1
Who	1
Why	5
Wild	2
Wild_	1
Wilkinson	1
William	6
Willow	1
Wilson	7
Wilson._	1
With	4
Within	3
Without	2
Witmer	1
Wits	1
Wolf	1
Wonder	1
Wonder-World	1
Wood	1
Woodward	1
Work	1
Work_	1
World	2
World_	1
Worlds_	1
Wyoming	1
X	2
X-RAY	4
X-RAYS	2
X-Rays	3
X-rays	11
Y.S	1
YAWNING	1
YEARS	2
YELLOW-CROWNED	2
YERKES	2
YORK	1
YOU	3
YOUNG	5
YUCCA	1
Year	1
Years	1
Yerkes	5
Yes	1
Yet	9
York	5
You	6
Young	1
Yucca	6
ZETA	1
Zeppelin	1
Zinc	1
Zoo	1
Zoological	5
[	135
]	130
_	3
_72-inch	1
_A	2
_ARCHÆOZOIC	1
_After	5
_Ancient	1
_Anguilla	1
_Animals	1
_Anthropology	1
_Anthropology_	1
_Aquatic	1
_Aquitania_	1
_Archæopteryx_	1
_Argyroneta	1
_Artemia	1
_Asterias	1
_Astronomy_	1
_Birgus	1
_Brownian	1
_CENOZOIC	1
_Call	1
_Cambrian_	1
_Celestial	1
_Coloured	6
_Connaissance	1
_Cretaceous_	1
_Daily	1
_Descent	2
_Devonian_	2
_Draco	1
_Electricity_	1
_Eocene_	1
_Essays	1
_Evolution	2
_Evolution_	1
_Extinct	1
_FORMATIVE	1
_Famille_	1
_Fauna	1
_From	10
_Heat	1
_History	2
_Homo	2
_In	1
_Intelligence_	1
_It	1
_Kallima_	1
_Lieu_	1
_Life	3
_Light	1
_Ligula_	1
_Lingula_	1
_Luidia_	1
_Man	1
_Mantis	1
_Matter	3
_Melanocetus	1
_Men	2
_Messrs	1
_Nautical	1
_Nebula	2
_Oncorhynchus_	1
_Ordovician_	2
_Organic	3
_Origin	1
_Periophthalmus_	1
_Permian_	2
_Petromyzon	1
_Photo	35
_Photos	1
_Phyllopteryx_	1
_Physophora	1
_Pithecanthropus	1
_Pleistocene_	1
_Popular	1
_Procellaria	1
_RECENT	1
_Races	1
_Reproduced	7
_Reproduction	1
_Rhodeus	2
_Scientific	4
_Scotia_	1
_Semotilus	1
_Silurian_	1
_Story	1
_Stringops_	1
_Text-Book	1
_The	13
_These	1
_This_	1
_Transformation	1
_Travail_	1
_Triassic_	1
_Varanus_	1
_Worlds	1
_Yerkes	1
_______________________________________________________________________	2
_a	1
_a-b._	1
_a_	5
_absorbs_	1
_acting	1
_after	1
_always	2
_anatomical_	1
_animal_	1
_b_	4
_better_	1
_c_	2
_colour_	1
_coloured_	1
_comparative_	1
_conceptual_	1
_conquered_	1
_critical	1
_did_	1
_different_	1
_diffraction	1
_each	1
_egg_-cell	1
_embryo_-fish	1
_embryo_-mammal	1
_embryo_-reptile	1
_energy	1
_ensemble_	1
_every	1
_evolved_	1
_fact_	2
_factors_	1
_from	1
_g_	1
_grilse_	1
_held	1
_helios_	1
_historical_	1
_in	1
_inferred_	2
_instinctive	1
_integrative_	1
_internal	1
_invisible_	1
_is	1
_is_	1
_its	1
_kelts_	1
_kinetic	1
_learn_	1
_local_	1
_middlemen_	1
_movement_	1
_multicellular_	1
_mutation_	1
_nearest_	1
_o_	1
_one_	1
_opposite_	1
_our	1
_perceptual_	1
_pigment_	1
_possible_	1
_post_	1
_primary	1
_quality_	1
_reflecting_	1
_refracting_	1
_representative_	1
_rest_	1
_same_	1
_specificity_	1
_square_	1
_that	1
_the	1
_the_	1
_to	2
_transit_	1
_trillions_	1
_unavailable_	1
_vestigial_	1
_visible_	1
_waves_	1
``	205
a	1233
abandoned	1
abandonment	1
abbreviated	1
abbreviation	1
abdomen	1
abdominal	1
abeyance	1
abide	1
abilities	1
ability	1
able	23
about	101
above	13
absence	4
absolute	3
absolutely	1
absorb	1
absorbed	1
absorbing	1
absorbs	3
absorption	1
absorptive	1
abstruse	1
absurdly	1
abundance	4
abundant	3
abysses	3
accentuated	1
accept	1
acceptance	1
acceptation	1
accepted	4
accepting	1
access	6
accessed	1
accessory	1
accident	1
accompanied	1
accompany	1
accompanying	1
accomplished	1
accomplishment	1
accordance	2
according	5
account	9
accounted	3
accounts	1
accretion	2
accumulate	1
accumulates	1
accumulating	1
accumulation	1
accuracy	1
accurate	3
accurately	1
achieved	2
achievements	2
acid	2
acknowledge	2
acquiesce	2
acquired	1
acquisition	3
acquisitions	4
across	9
act	4
acted	1
acting	4
action	9
actions	10
active	5
actively	1
activities	1
activity	12
activity_	1
actual	8
actually	7
acute	1
adapt	1
adaptability	1
adaptation	4
adaptations	2
adapted	10
added	4
addition	5
additional	4
additions	1
addresses	1
adepts	2
adequate	2
adjustable	1
adjusted	3
adjustment	1
adjustments	1
admirable	1
admirably	1
admiration	2
admired	1
admit	5
admitted	2
admittedly	1
adult	2
adults	2
advance	4
advanced	5
advances	3
advantage	9
advantageous	2
advantageously	1
advantages	1
adventure	3
adventures	2
adventurous	3
advertisement	1
aerates	1
aerial	3
aerolite	1
aeroplane	1
affect	5
affected	2
affection	1
affects	1
affinities	1
afford	2
afforded	4
affording	1
after	36
afterwards	1
again	25
against	16
age	14
age-old	1
ageing	1
agencies	1
agency	1
agent	1
agents	1
ages	21
agile	1
agility	1
agitated	4
ago	20
agoing	1
agree	6
agreement	9
agrees	1
agricultural	1
agriculture	1
ahead	3
aid	2
aim	1
aiming	1
air	37
air-breathing	5
air-tubes	3
alacrity	2
albatros	1
alder	1
alert	3
alertness	2
alevin	1
alga	1
algæ	1
alighting	1
alike	1
alive	1
all	134
all-pervading	1
allantois	1
alley	1
allied	1
allies	1
allotted	1
allow	4
allowed	1
almost	31
alone	6
along	19
alongside	1
alphabet	2
already	11
also	48
alteration	1
alternately	1
alternating	2
alternative	2
although	9
altogether	7
aluminum	1
always	22
amalgams	1
amazing	1
amazingly	1
amber	1
amenity	1
amid	1
amoeba	2
amoeboid	2
among	31
amongst	5
amount	9
amphibians	10
an	201
analysed	1
analysing	3
analysis	1
anatomical	2
anatomists	1
anatomy	1
ancestor	2
ancestors	10
ancestral	4
ancestry	3
ancestry_	1
anchor	1
ancient	15
ancients	1
and	1448
angels	1
anger	1
angle	2
angler	1
angles	4
animal	64
animal_	1
animalcule	1
animals	89
animate	1
another	61
answer	10
answers	8
ant	4
antagonistic	1
ante-natal	1
antenna-bearing	1
anthropoid	3
anthropologists	1
anti-bodies	1
anticipating	1
anticipation	1
antiquity	3
antler	1
ants	6
anxious	1
any	73
anyone	2
anything	3
anywhere	2
apart	11
apartness	2
ape	6
ape-like	2
ape-man	1
apes	17
apparatus	4
apparent	5
apparently	5
appeals	2
appear	7
appearance	8
appeared	4
appearing	2
appears	3
appendages	2
appendix	2
appetites_	1
apple	3
apple-trees	1
apples	1
applicable	3
applied	8
applies	2
applying	1
appreciate	1
appreciation	2
appreciative	1
appreciatively	1
apprehension	1
apprenticeship	5
approach	4
approached	1
approaches	2
appropriate	2
appropriately	1
approved	1
approximately	3
apt	4
aptitudes	1
aquarium	1
aquatic	3
arboreal	12
archaic	1
are	491
are_	1
area	10
areas	8
argument	2
arguments	1
arid	2
arise	3
arisen	2
arising	1
arithmetical	1
arm	5
armour	1
arms	5
arose	7
around	4
arrange	1
arranged	2
arrangement	2
arrangements	1
arranges	1
arrived	2
arrow-worm	1
arrows	1
art	3
arteries	1
article	2
articles	2
artificer	1
artificial	3
artificially	1
artistic	1
as	395
ascend	2
ascendant	1
ascends	1
ascent	1
ascetic	1
ascidians	1
asexual	2
ashes	1
ashore	1
ask	1
asked	3
asking	1
asks	1
aspect	4
aspects	3
assemblage	2
assimilation	1
associate	2
associated	13
associates	1
associating	1
association	5
associations	5
assume	2
assumed	1
assuming	1
assumption	1
assuredly	1
astonishing	1
astronomer	5
astronomers	10
astronomy	8
asymmetrical	1
at	192
atmosphere	17
atom	36
atomic	6
atomism	1
atoms	48
attaches	1
attaching	1
attacked	1
attacks	1
attain	1
attained	2
attaining	3
attempt	2
attempts	3
attendance	1
attendant	1
attended	2
attention	3
attentive	1
attenuated	1
attitude	1
attract	1
attracted	1
attracting	1
attraction	1
attractive	1
attracts	1
attributed	1
attributes	1
audibly	1
aurora	2
authorities	7
authority	3
automatic	1
automatically	2
autotomy	1
autumn	3
availability	1
available	2
avalanche	1
average	7
avoid	1
avoided	1
await	1
awakened	1
aware	4
awareness	1
away	26
awful	1
axes	1
axis	11
azure	1
baboons	1
back	31
backbone	7
backboned	7
backboneless	1
backed	1
background	2
backgrounds	1
backwards	1
bacteria	6
bad	1
badly	1
bag	1
bait	1
baking	1
balance	2
balancing	2
ball	4
ball-room	1
balls	1
band	1
bandage	1
banished	1
bank	1
bar	2
bare	1
barely	1
barking	1
barrels	1
barriers	1
basalts	1
base	4
based	2
bases	1
basin	1
basins	1
basis	5
bat	3
bath	1
bathers	1
bats	1
battalion	1
batteries	3
be	350
bear	4
bearers	1
bearings	1
beat	1
beaten	3
beating	1
beautiful	12
beauty	1
beaver	2
became	14
because	32
become	25
becomes	16
becoming	7
beds	3
beech	1
been	116
bees	6
beetle	1
beetling	2
before	37
began	21
begin	8
beginning	24
beginnings	3
begins	5
begun	1
behave	2
behaves	1
behaving	1
behaviour	31
beheld	1
behind	13
beholding	1
being	37
beings	2
belief	2
believe	7
believed	2
believes	1
believing	1
bell	5
bells	1
belly	1
belong	2
belonged	1
belongs	1
below	12
belt	1
beneath	3
beneficial	2
benefit	1
benevolence	1
benevolent	1
bent	1
berries	1
besides	9
best	7
best-defined	1
beta-rays	1
betokens	1
betray	1
betraying	1
better	5
between	41
beyond	10
bids	1
big	10
big-brain	2
big-brained	2
bigger	2
biggest	2
bilateral	1
bill	2
billion	1
billions	1
bills	2
binary	1
bind	1
binding	1
biological	1
biologists	1
biology	1
biped	1
bipeds	2
birch	1
bird	25
bird-dropping	2
birds	52
birth	5
birthplace	2
bison	2
bit	3
bite	2
bits	1
bitten	1
bitterling	1
bittern	1
bivalve	2
bivalves	1
black	9
blackbird	1
blackish-grey	1
blanket	1
blaze	2
blend	1
blind	2
blood	17
blood-channels	1
blood-containing	1
blood-fluid	1
blossoms	1
blotch	1
blotched	1
bloweth	1
blowhole	1
blown	4
blue	11
blues	1
bluffing	1
boar	1
board	3
boarders	1
bodies	18
bodily	4
body	68
body-building	1
body-cells	2
body-making	1
body_	1
bodyguard	1
boiling	1
bold	1
bolometer	1
bombarded	1
bond	2
bone	2
bones	4
bony	2
book	4
books	4
boot	1
borealis	1
borings	1
born	5
borne	3
borrowed	1
both	21
bottle	1
bottom	3
bound	3
boundary	1
bounded	1
bounding	1
bounds	2
bountiful	1
box	4
boxed-in	1
boxes	3
boy	2
boyhood	1
boys	1
braced	1
brain	31
brains	4
brake	1
braking	1
branch	5
branch-gripping	1
branched	1
branches	12
breadth	1
break	3
breakage	1
breakers	1
breaking	6
breaks	1
breast	1
breast-bone	2
breathe	2
breathing	2
breed	1
breeding	3
breeding-place	2
breeds	2
brethren	1
brick	1
bricks	3
bridge	1
bridged	1
bridges	1
briefly	1
bright	2
brighten	1
brightly	4
brightness	1
brilliancy	1
brilliant	3
brine-shrimp	1
bring	6
bringing	1
brings	4
bristle-tails	1
bristles	1
brittle	1
broad	4
broadened	2
broader	1
broiling	1
broken	11
bromogelatine	1
bronze	1
brooding	1
brothers	1
brought	10
brown	11
brownish	1
brows	1
browsing	1
brush	1
brushes	2
bubble	8
bubbles	2
buckled	1
bud	2
budding	2
bug	1
bugbear	1
build	3
building	6
built	8
bulbs	1
bulk	5
bulkiest	1
bulky	1
bull-terrier	1
bullet	4
bullhead	1
bullies	1
burden	1
burial	1
buried	2
buries	1
burn	1
burning	3
burns	2
burrow	3
burrowing	3
burst	2
bursts	1
bury	1
burying	1
bush	1
bushels	2
bushmen	1
bushy-tailed	1
business	4
but	176
butter	1
butterflies	3
butterfly	3
button	1
buttons	1
by	357
cabbage	1
cables	1
cache	2
caffeine	1
cage	1
calcium	1
calculate	3
calculated	5
calculation	2
calculations	2
call	17
called	47
calls	1
calm	1
came	11
camouflaged	1
can	132
canal	1
canals	2
candle	3
canine	1
canines	1
cannonade	1
canopy	1
capable	1
capacious	1
capacities	10
capacity	8
capillaries	1
caps	2
captivity	2
capture	2
captures	1
carapace	2
carapaces	1
carbon	3
carbonic	1
carcase	1
card	6
cards	3
care	10
careful	3
carefully	3
careless	1
cares	1
carpo-metacarpus	1
carried	5
carrier	2
carries	5
carry	4
carrying	1
case	32
cases	36
cast	1
casting	1
castings	1
cat	3
catch	2
catches	1
catching	1
caterpillar	1
caterpillars	2
cathode	1
cats	1
caught	1
cauliflower	1
cause	8
caused	8
causes	3
causing	1
caution	2
cautious	1
cautiously	1
cave-bear	1
cave-hyæna	1
cave-lion	1
cave-man	1
cavities	1
cease	3
ceased	6
ceaseless	1
ceases	1
ceasing	1
cell	6
cell-wall	1
cells	13
cellulose	3
cent	3
centenarian	1
centimetre	1
centipedes	1
central	10
centre	7
centred	1
centres	4
centrosome	1
centuries	2
century	7
cereal	1
cerebral	2
certain	46
certainly	8
certainty	2
cessation	1
chain	2
chains	4
chalk	1
chalk-forming	2
chambers	1
chameleon	5
chameleons	1
championed	1
chance	1
change	16
changed	5
changeful	2
changefulness	1
changes	18
changing	4
chaps	1
chapter	10
character	2
characteristic	9
characteristically	1
characteristics	3
characters	3
charge	7
charged	2
charges	5
chariot	1
charitable	1
charities	1
charts	1
cheaper	1
check	1
checks	1
cheerful	1
chemical	17
chemicals	1
chemist	1
chemists	4
chequered	1
chess	1
chest	1
chewing	1
chick	1
chickens	3
chicks	1
chief	6
chiefly	4
child	5
children	2
chimpanzee	5
chimpanzees	2
chin	5
chins	1
chlorophyll	2
choice	1
chooses	1
chopped	1
christened	2
chromatophores	1
chromosomes	6
chromosphere	3
chronology	1
chrysalis	1
churning	1
cigarette	1
circle	3
circles	3
circling	1
circuit	1
circular	1
circulate	1
circulated	1
circumference	1
circumstance	1
circumstances	3
circumvented	1
circumventing	1
cited	1
cities	3
city	1
civilisation	5
civilisations	1
class	4
classes	1
claw	1
claws	1
clay	1
cleaned	1
cleaning	1
clear	12
clear-cut	2
cleared	1
clearer	1
clearest	1
clearly	6
clefts	1
clever	6
cleverer	1
cleverest	2
cliff	2
cliff-loving	1
climate	7
climatic	2
climax	6
climb	2
climbers	2
climbing	2
climbs	1
cling	3
clinging	1
clock	3
clock-work	1
clog	1
close	8
close-set	1
closed	3
closely	9
closing	1
cloth	1
clothe	1
clothing	1
cloud	7
cloud-belts	1
cloud-like	1
clouding	1
cloudlets	1
clouds	1
club-mosses	1
cluck	1
clucking	1
clue	1
clues	1
clumps	1
cluster	2
clutches	1
co-operating	1
co-ordination	1
coal	9
coal-fields	1
coarser	1
coast	1
coat	2
coating	1
cobras	1
cock-paidle	1
cock-pigeon	1
cockchafers	1
cockroaches	2
coco-nut	1
coco-palm	1
coco-palms	1
coconut	1
cocoon	1
cod	1
cod-banks	1
code	1
coherence	1
coherent	2
cohesion	1
coil	3
coiled	2
coin	1
coincides	1
cold	10
colder	2
collar	1
collar-bone	1
collaterals	1
collect	1
collecting	2
collection	3
collections	1
collects	1
collided	1
collides	1
colliding	2
collie	1
collision	1
colonies	2
colonisation	2
colonise	1
colonised	2
colonising	1
colony	7
color	1
coloration	3
colossal	2
colour	21
colour-associations	1
colour-change	3
colour-varieties	1
coloured	2
colouring	3
colours	14
column	1
comb-bearers	1
combative	1
combination	2
combine	2
combined	1
combustion	3
come	23
comes	9
comet	5
comets	3
comfortable	2
comfortably	1
coming	2
command	2
commands	1
commensalism	4
committing	1
commodity	1
common	22
commoner	2
commonly	1
commotion	1
communal	1
communicating	1
communication	2
communities	1
compact	2
comparable	1
comparative	1
comparatively	5
compare	1
compared	5
comparing	1
comparison	2
compartment	2
compass	2
compel	1
competition	3
competitions	1
competitive	1
compilation	1
complete	8
completely	2
completion	1
complex	4
complexity	5
compliance	3
complicated	7
comply	4
complying	1
component	1
composed	7
composition	2
compound	1
compounded	1
compounds	3
compressed	1
comprises	1
computation	1
computer	2
computers	1
concatenation	1
concave	1
conceal	1
conceive	3
conceived	1
concentrated	1
concentrating	1
concentration	1
concentric	1
concept	1
conception	2
conceptions	1
concepts	1
concern	1
concerned	2
concerning	3
concluding	1
conclusion	6
conclusions	3
condensation	3
condense	1
condensed	3
condition	2
conditions	16
conduct	5
conductor	1
cones	2
confess	1
confessed	1
confidently	1
confined	2
confines	1
confirmation	2
confirmed	1
confirms	1
confront	1
confronted	1
congestion	1
conical	1
conifers	1
connected	4
connection	6
conquer	2
conquered	4
conquering	3
conquest	7
consequence	3
consequences	4
consequent	1
consequently	1
conservative	3
consider	2
considerable	19
considered	2
considering	1
consist	1
consisted	2
consistence	1
consistently	1
consists	10
conspicuous	6
conspicuously	2
conspicuousness	1
constant	2
constantly	4
constituents	1
constitute	3
constituted	1
constitutes	2
constitution	4
constitutional	1
constricted	1
construct	1
constructed	1
construction	1
contact	5
contacts	1
contain	4
contained	2
containing	6
contains	7
contemporaneously	1
contemporaries	1
content	2
contentment	1
continent	1
continents	2
contingencies	1
continual	2
continually	1
continuance	1
continue	5
continued	6
continues	2
continuing	3
continuity	1
continuous	7
contract	2
contracting	4
contraction	3
contracts	2
contrary	1
contrast	3
contrasted	1
contrasts	1
contribute	1
contributions	2
control	6
controlled	1
controlling	1
controversial	1
convenient	1
conveniently	1
conventional	1
converse	1
convert	1
converted	2
converting	1
convex	1
convey	1
conveyed	1
conviction	2
convince	1
convinced	2
convincing	2
convoluted	1
cool	3
cooled	3
cooler	1
cooling	5
cools	1
coot	1
copied	2
copies	4
copious	1
copper	10
copy	6
copying	1
copyright	10
coral	1
coral-reefs	1
coral-snakes	1
corals	3
cord	2
cords	1
core	1
cork	1
corner	3
corners	2
corona	1
corpuscles	1
correlation	1
correspond	2
corresponded	1
corresponding	9
correspondingly	1
corroborated	2
corroborating	1
corrupt	1
cosmic	2
cost	1
costs	2
cotton	1
cough	2
could	33
count	2
counted	2
counteractive	1
counterpart	1
counterparts	3
countries	3
counts	2
couple	1
courage	1
course	39
cover	4
covered	3
covering	1
covers	1
crab	5
crab-apple	1
crabs	2
cracking	1
cradle	7
cranial	2
craters	2
craves	1
create	2
created	2
creating	1
creation	2
creature	21
creatures	33
credit	3
credits	1
creep	3
creeping	1
creeps	1
crest	4
crevices	1
crew	1
crickets	1
crime	1
crisis	1
critical	5
croaking	2
crocodile	2
crooked	1
crop	3
cross	3
cross-fertilisation	2
crossed	1
crosses	1
crouching	2
crow	1
crowded	1
crowding	1
crown	3
crowned	1
crowning	2
crows	1
crumbs	1
crunch	1
crust	7
crustacean	1
crustaceans	6
cry	3
crystal	1
crystals	3
cube	1
cubic	3
cuckoo-spit	2
culminating	1
culmination	1
cultivated	6
cultivation	1
culture	1
cupboard	1
cups	1
curiosity	1
curious	1
curl	1
curly	1
curly-haired	1
current	20
currents	3
curtain	2
curved	2
cusps	1
cut	1
cuts	4
cutting	1
cuttlefish	2
cuttlefishes	3
cuttles	1
cycads	2
cycle	1
cyclones	1
cylinder	1
cylindrical	1
d'etre_	1
daily	3
dainty	1
damaged	1
damages	2
damp	3
dance	1
dancing	1
danger	2
danger-call	1
danger-signal	1
dangerously	1
dangers	1
dare	1
daring	1
dark	15
darkness	5
darting	1
data	1
date	4
dates	5
daughter-units	1
dawn	2
day	34
daylight	1
days	11
dazzling	1
dead	11
deaf	1
deal	9
dealt	1
death	9
death-feigning	1
debased	1
debris	1
decay	1
decaying	1
decipher	1
decipiens_	1
decisions	1
decline	2
declined	1
decorative	1
decrease	2
decreases	1
decreasing	1
deduce	1
deductible	1
deep	11
deep-sea	3
deep-seated	1
deep-violet	2
deep-water	1
deepening	1
deeper	3
deepish	1
deeply	6
deeps	1
deer	1
defect	1
defective	1
defenceless	1
deficient	1
definite	15
definitely	7
definition	1
degenerated	1
degeneration	1
degree	10
degrees	4
deletions	1
deliberate	1
deliberately	1
delicate	4
delicately	1
delight	1
delivered	1
delusions	1
demand	2
demonstrate	1
denoted	1
dense	6
density	2
departed	2
departments	1
departure	1
departures	6
depend	2
depended	2
dependence	1
dependent	4
depends	12
depletion	1
deposit	1
depositing	1
depository	2
deposits	5
depressed	1
depressing	1
depths	2
derivative	1
derive	1
derived	2
dermis	1
descendant	2
descended	5
descending	1
descends	1
descent	2
describe	1
described	11
description	4
desert	1
deserves	1
desire	2
desired	1
destined	3
destroy	4
destroyed	4
destroying	1
destruction	1
detach	1
detachable	1
detaches	1
detail	2
details	3
detect	5
detected	2
detecting	2
detective	1
determine	1
develop	5
developed	7
developing	1
development	20
develops	2
device	3
devices	1
devoured	1
devouring	2
dexterities	1
diagram	9
diameter	10
diamond	2
diary	1
dictum	1
did	13
die	3
died	3
diet	1
differ	5
difference	6
different	45
different-lengthed	1
differentiation	2
differently	1
differing	1
differs	3
difficult	17
difficulties	8
difficulty	1
diffuse	1
digestive	3
digged	1
digit	1
dilute	1
dim	1
dimensions	3
diminish	1
diminishing	1
dints	1
direct	9
directed	1
direction	16
directions	6
directly	7
disappear	1
disappearance	1
disappeared	5
disappearing	1
disappears	1
disc	5
disc-like	1
discern	2
discerned	1
discharge	4
discharged	1
discharges	1
disciples	1
disclaim	1
disclaimer	2
disclaimers	1
disclosed	1
discontinue	1
discourse	2
discover	7
discovered	21
discoveries	8
discovering	1
discovers	1
discovery	14
discredited	1
discrepant	1
discriminate	3
discriminates	1
discrimination	2
discriminative	1
discussed	3
discussing	1
disease	3
disembodied	2
disentangle	1
disguise	7
disguises	1
disgust	1
disgusted	1
dish	1
disintegrate	1
disintegrates	1
disintegration	2
disk	1
dislodged	1
disorder	1
disorders	1
disparagement	1
dispense	1
dispersion	2
display	1
displayed	1
displaying	2
displays	1
disposal	1
disposed	2
disposing	1
disposition	1
dispositions	1
disproved	1
dispute	1
disputed	1
dissection	1
dissimilars	1
dissipated	2
dissociated	1
dissolution	1
dissolve	2
dissolved	4
dissolving	1
distance	18
distances	7
distant	8
distended	1
distinct	12
distinction	2
distinctive	5
distinctively	1
distinctness	1
distinguishable	1
distinguished	6
distribute	3
distributed	5
distributing	3
distribution	5
districts	2
distrust	2
disturbance	3
disturbances	2
disturbed	2
disturbing	2
ditch	2
diurnal	1
dive	2
dived	2
diverged	1
divergence	1
diverging	1
diverse	2
diversely	1
diversity	3
diverted	1
dives	1
divide	1
divided	5
divides	1
dividing	3
diving	2
diving-bell	1
divisible	1
division	4
do	58
does	27
dog	10
dogfish	1
dogma	1
dogs	3
doing	4
domain	7
dome	1
dome-like	1
domed	2
domestic	2
domesticated	7
domestication	2
dominance	1
donate	1
donations	6
done	2
door	2
doors	3
dormitory	1
dorsal	1
double	4
double-breather	1
doubled	1
doubles	1
doubt	18
doubtless	2
dovecot	1
down	45
down-drifting	1
downward-projecting	1
downwards	1
dozen	2
dragging	1
dragon-flies	1
dragons	2
drained	1
drainpipes	1
draw	3
drawing	4
drawings	1
drawn	1
dream	1
dreams	1
dress	2
drew	2
dried	4
drift	2
drifters	1
drifting	2
drink	1
drive	1
driven	2
driving	2
droop	1
drop	3
drops	3
drought	1
drowned	1
drum	1
dry	20
drying	1
duck-ponds	1
duckmole	1
ductless	2
due	16
dug	1
dull	3
dull-red	1
dulled	1
duration	2
during	18
dusk	1
dust	9
dusty	1
dwarf	1
dwell	1
dwindled	1
dwindling	3
dying	1
dynamic	1
dynamo	3
e	1
e.g	15
eBook	2
eBooks	3
each	32
eagerly	1
eagle	1
eagles	1
ear	6
ear-passage	1
earlier	3
earliest	3
early	14
ears	2
earth	99
earth-knot	1
earth_	1
earthworm	4
earthworms	1
easier	3
easiest	1
easily	7
easy	8
easygoing	3
eat	1
eaten	1
eaters	1
eating	3
echoes	1
eclipse	4
eclipsed	2
economically	1
economised	1
economy	2
eddies	1
edge	3
edge-on	2
edges	4
editions	3
educable	1
education	2
educational	1
educative	1
eel	2
eel-fare	1
eels	4
effect	13
effected	3
effective	5
effectively	2
effects	3
efficiencies	1
efficiency	3
efficient	1
effort	2
efforts	1
egg	10
egg-cell	7
egg-cells	1
egg-layer	1
egg-laying	2
egg-shell	1
eggs	21
eight	9
eighteen	1
eighty	1
eighty-eight	1
eighty-seven	1
either	8
ejected	1
ejecting	1
elbow-room	1
electric	17
electrical	7
electricity	23
electricity_	1
electrified	1
electro-magnetic	2
electron	12
electronic	16
electronically	2
electrons	47
element	11
elementary	1
elements	12
elephant	4
elephants	2
elevated	1
elevation	2
eleven	1
eleventh	1
elk	1
elongated	5
eloquent	4
else	6
elsewhere	2
elusiveness	1
elvers	3
emancipated	2
emancipation	4
embodiment	1
embryo	6
embryology	1
embryonic	1
embryos	2
emerge	2
emerged	3
emergence	5
emerges	2
emerging	1
eminent	4
eminently	1
emit	2
emits	2
emitting	1
emmer	1
emotion	1
emotional	1
emotions	3
emphasise	1
emphasized	1
emphatic	1
employed	1
employees	1
employment	2
empties	1
empty	8
emulsions	1
enable	3
enabled	3
enables	2
enacted	1
encased	1
encasements	1
encounters	1
encouraged	1
encouragement	2
encumbered	2
end	24
endeavour	5
endeavours	1
endless	1
endowed	2
ends	1
endurance	1
endure	1
enemies	8
enemy	1
energetic	2
energetically	1
energy	75
energy_	1
enforced	1
engage	1
engrained	2
engravings	1
engulfs	2
enigmatic	1
enjoy	1
enlarged	1
enlargement	1
enormous	10
enormously	8
enough	16
enregister	1
enregistered	4
enregistering	1
enregistration	1
ensuring	1
entailed	1
entangled	4
entellus_	1
enter	3
entered	3
entering	2
enters	1
entire	3
entirely	5
entities	2
entity	4
entombed	1
entomologist	1
entrance	2
entrancing	1
envelop	1
envelope	2
environing	1
environment	10
environmental	1
eoliths	1
episode	1
epoch	1
epoch-making	1
equal	7
equally	3
equatorial	1
equatorials	1
equilibrium	3
equipment	3
equivalent	1
era	6
eras	4
erect	4
erected	1
erecting	1
erectus._	1
ermine	1
erratic	1
error	3
errors	1
escape	3
escaped	1
escapes	2
escaping	1
especially	6
essential	11
essentially	4
established	8
establishing	2
establishment	3
estimate	3
estimated	3
estimation	1
estuaries	1
etc	2
eternal	4
ether	32
ethical	1
evade	3
evaporate	1
even	47
evening	1
evenly	1
eventful	1
eventfulness	1
events	1
eventually	2
ever	11
everlasting	1
every	33
everyday	2
everyone	1
everything	6
everywhere	2
evidence	15
evidences	4
evidently	1
evolution	72
evolution-idea	2
evolution._	1
evolution_	1
evolutionary	5
evolutionist	2
evolve	2
evolved	12
evolving	2
exact	4
exactitude	1
exactly	4
exactness	1
exalted	2
examination	1
examined	2
examining	1
example	6
examples	2
exceeding	1
exceedingly	1
excellence	1
except	12
excepting	1
exception	1
exceptional	4
exceptionally	1
exceptions	3
excesses	1
excessively	2
excited	1
excitedly	1
exclusively	1
exempt	2
exercise	1
exert	2
exertions	1
exerts	1
exhausted	1
exhaustion	1
exhibit	2
exhibited	1
exhibition	2
exhibits	1
exist	7
existence	13
existing	1
exists	4
expansion	2
expect	6
expected	1
expedition	1
expend	1
expenditure	1
expenses	2
expensive	1
experience	10
experience_	1
experiment	9
experimental	7
experimentally	1
experimented	1
experimenting	5
experiments	12
expert	1
experts	1
explain	6
explained	4
explaining	1
explanation	5
exploration	2
explorer	1
exploring	1
explosive	3
exposed	4
expositor	1
express	2
expressed	4
expresses	4
expressing	2
expression	8
expressions	2
expressive	1
exquisite	2
exquisitely	1
extend	3
extended	3
extends	2
extension	2
extent	4
exterminated	1
external	6
extinct	12
extinguished	1
extracted	1
extracting	1
extraordinarily	2
extraordinary	9
extreme	3
extremely	4
extremes	1
exuberance	2
exuberant	1
exudation	1
eye	17
eye-hole	1
eye-piece	3
eyebrow	3
eyebrows	1
eyelid	3
eyes	12
face	14
facial	2
facilitates	1
facilitating	1
facility	2
facing	1
fact	35
factor	1
factors	4
facts	15
faculty	1
fade	1
fail	2
failed	1
fails	1
failures	3
faint	4
faintest	1
faintly	1
faintness	1
fairly	1
faith	1
fall	10
falling	7
falls	5
familiar	5
familiarly	1
families	2
family	6
famous	4
fan	1
fancied	1
fanwise	1
far	33
far-flung	1
far-reaching	2
farther	2
fascinating	2
fashion	1
fashioning	1
fast	3
fasten	1
fastened	1
fastening	1
faster	6
fat	1
fatal	2
father	4
fathoms	4
fats	1
faults	1
fauna	7
faunas	1
favour	2
favourable	1
favoured	2
favouring	1
fear	1
feather-stars	1
feathers	2
feature	4
features	4
fed	2
federal	1
fee	6
feeble	3
feebler	2
feed	5
feeding	2
feeds	1
feel	5
feelers	2
feeling	6
feelings	2
feels	1
fees	3
feet	9
feint	1
fellows	1
felt	1
felted	1
female	8
female-producing	1
females	2
feminine	2
fend	1
ferment	1
fertile	1
fertilisation	1
fertilised	5
fertilises	1
fever	1
few	25
fewer	2
fibre	1
field	12
fields	2
fierce	1
fiery	4
fifteen	4
fiftieth	1
fifty	6
figure	3
figures	4
filaments	1
file	1
filings	2
fill	3
filled	1
film	4
films	1
final	5
finally	6
financial	1
find	25
finds	3
fine	16
finely	1
finer	1
finest	2
finger	7
finger-tip	1
fingers	8
finished	1
fins	2
fire	6
fire-mist	1
fire-mists	2
fired	1
fires	1
firing	1
firm	2
firma	2
firmer	1
firmly	5
first	62
first-class	1
fish	13
fish-eating	1
fish-like	1
fish-lizards	1
fisheries	1
fishermen	1
fishes	27
fit	4
fitly	1
fitness	2
fitter	1
five	14
fives	1
fix	1
fixed	4
fixing	1
fixity	1
fizzing	1
flagellum	1
flame	2
flames	3
flaming	1
flanks	1
flash	4
flat	4
flat-fish	1
flattened	1
flattening	1
flattish	1
fleece	1
flesh	6
flesh-and-blood	1
flew	3
flexible	1
flicking	1
flies	1
flight	8
flightless	1
flint	2
flint-shelled	1
flinty	2
flinty-shelled	1
flipper	1
flippers	2
flit	1
float	2
floated	1
floating	5
flood	3
floods	1
floor	5
flora	1
flotation	1
flounder	1
flourish	1
flow	8
flowed	1
flower	2
flower-vase	1
flowering	5
flowers	1
flows	1
fluctuate	1
fluid	4
fluttering	1
flux	1
fly	8
fly-trap	1
flying	13
flywheel	3
foals	1
foam-bells	1
focus	1
fogs	1
fold	2
folded	1
folk	1
follow	9
followed	10
following	8
follows	4
fond	2
food	22
food-canal	6
food-canals	1
food-plant	2
food-supply	2
foot	9
foothold	3
footing	1
for	257
forbears	1
forbidding	1
force	13
forced	2
forceps	2
forces	2
forcing	1
fore-leg	1
fore-limb	4
fore-limbs	4
forecloses	1
forehead	5
forelegs	1
foremost	1
forest	3
forests	12
forever	1
forking	2
form	43
form-resemblance	2
format	2
formation	3
formations	2
formats	2
formed	11
formerly	1
forming	6
forms	27
formulated	1
forth	7
forthcoming	1
fortunate	1
fortunately	1
forty	1
forty-one	1
forward	2
fossil	5
fossil-bearing	1
fossilized	1
fossils	4
fostered	2
found	51
founded	2
fountain	1
four	18
four-chambered	1
fourteen	2
fourth	4
fowlers	1
fox	3
fox-terrier	1
foxes	2
fraction	2
fragments	2
framework	1
frankly	1
freak	1
free	14
free-swimming	2
freed	2
freedom	2
freeing	1
freely	2
freezing	1
freezing-point	2
frequency	1
frequent	3
frequently	4
fresh	5
freshwater	11
freshwaters	4
friar-birds	1
friction	2
friend	2
friendly	1
frilled	2
fringing	1
fro	1
frog	4
frog-hopper	1
frog-like	1
frogs	7
from	295
fronds	1
front	2
frost	1
froth	1
frozen	2
frugivorous	1
fruit	3
fruit-laden	1
fruition	1
fruits	1
fry	3
ft.	1
fulcrum	1
full	20
full-grown	5
fuller	1
fullest	1
fully	4
fully-formed	1
fun	1
function	3
functioning	1
functions	3
fundamental	9
fundamentally	1
fur	4
furiously	1
furl	1
furnace	1
furnaces	1
furnish	3
furnished	2
furnishes	1
furnishings	2
further	8
fusion	3
future	10
gain	1
gained	3
gaining	1
gains	3
gait	1
gale	1
gales	1
game	3
gannets	1
gap	2
garment	2
gas	17
gas-bubbles	1
gaseous	4
gases	7
gate-posts	1
gateways	4
gather	3
gathered	3
gathering	2
gauging	1
gaunt	1
gave	11
gbnewby	1
gearing	1
genealogical	1
genealogy	1
genera	1
general	30
generalisation	1
generalised	3
generally	2
generate	2
generates	3
generating	1
generation	12
generations	2
generosity	1
genesis	1
genius	6
gentleness	1
gentler	1
gently	2
genus	1
geographical	1
geological	3
geologists	1
germ-cell	1
germ-cells	4
germ-cells_	1
germinal	2
germinates	1
germination	1
gestures	1
get	19
gets	4
getting	14
giant	4
giants	2
gibbon	1
gift	1
gigantic	6
gill-breathing	1
gill-cavity	1
gill-plates	1
gill-slits	1
gills	7
girdles	1
girdling	1
girth	1
gist	2
give	22
given	15
gives	8
giving	11
gizzard	1
glacier	1
glamour	1
glance	1
gland	1
glare	2
glass	8
gleams	2
gliding	3
glimpse	4
glittering	1
globe	6
globe-fishes	1
globes	4
globule	1
gloomy	1
glories	1
glorious	2
glory	1
glow	5
glow-worm	1
glowing	5
glued	1
gnawed	1
go	25
goals	1
gods	1
goes	8
going	19
gold	7
golden	2
gone	6
good	20
gorging	1
gorilla	2
gossamer	4
got	14
gouging	1
govern	1
grade	1
gradual	8
gradually	10
grain	4
gramme	2
grandest	1
granted	2
granular	1
grappling	2
grasp	1
grasping	2
grass	2
grasshoppers	1
gratefully	1
gratification	1
grating	1
grave	1
gravelly	1
gravers	1
gravitation	7
gravitational	5
gravity	1
grazing	4
great	123
greater	12
greatest	9
greatly	8
greatness	1
green	19
green-flies	1
gregarious	1
gregariousness	1
grew	3
grey	2
greyish	2
grilse	1
grind	1
grip	1
gripped	1
gripping	2
groaning	1
ground	17
grounds	1
group	6
groups	7
grouse	2
grouselike	1
grow	1
growing	7
grown	1
grows	3
growth	5
guanin	1
guard	1
guarded	1
guards	2
guess	1
guessed	1
guide	2
guided	1
guiding	2
guile	1
guise	2
gulf	1
gullet	1
gulps	1
gum	1
gumboil	1
gyrating	1
habit	4
habitats	1
habits	7
had	60
haddock	1
hairs	6
half	15
half-made	1
half-monkeys	1
halfpenny	1
halo	1
halves	1
hammers	1
hand	25
handed	2
handicapped	1
handkerchief	1
handle	2
handling	1
hands	2
hangers-on	1
hanging	1
hangs	1
happen	2
happened	5
happening	1
happens	2
happily	1
hard	8
hardly	7
hardwood	1
hare	5
hares	1
harks	1
harm	1
harmless	1
harmonious	1
harmonise	1
harmony	1
harness	1
harnessed	1
harvest	2
harvest-mouse	1
has	213
hasten	2
hatch	2
hatched	5
hatching	3
haunt	10
haunts	7
have	249
having	10
he	59
head	5
head-end	1
heads	4
health	2
heaps	1
hear	4
heard	4
hearing	4
heart	6
heat	44
heat-measuring	1
heaved	1
heavenly	1
heavens	7
heavier	2
heavily	1
heavy	6
heel	2
height	3
heightened	1
heights	1
heir	1
held	3
helium	2
helmet	1
help	5
helped	1
helping	1
helps	2
hemispheres	1
hen	2
hen-pigeon	1
hence	2
her	24
herbage	2
herbs	1
here	20
hereditary	5
heretofore	1
heritage	1
hermit-crab	4
hermonis_	1
herons	1
herring	5
herring-gull	1
hers	1
hewn	1
hibernates	1
hibernating	1
hibernation	1
hidden	3
hide	1
hiding	1
hierarchy	1
high	16
higher	24
highest	2
highly	10
hillock	1
hills	2
him	7
himself	5
hind	3
hind-legs	2
hindmost	1
hint	4
hinted	2
hints	1
his	70
historic	1
historical	2
history	15
history_	1
hit	2
hitherto	1
hits	1
hold	6
holding	2
holds	2
hole	2
hollow	1
hollowed-out	1
home	10
honour	2
hood	1
hoofed	2
hooky	1
hop	1
hope	6
hopes	1
horns	1
horse	8
horsepower	1
horses	2
horsetails	1
host	4
hostile	1
hot	7
hotter	3
hour	5
hours	14
hours_	1
house	2
house-flies	1
how	36
however	34
http	8
hue	2
hug	1
huge	7
human	36
humane	1
humanly	1
humanoid	4
humblest	1
humerus	1
humidity	1
humming-birds	1
hump	1
hundred	14
hundreds	7
hundredth	1
hunger	1
hungry	4
hunt	1
hunted	1
hunters	2
hunting	2
hunts	1
husk	1
hustler	1
hydrogen	11
hydrosphere	1
hypotheses	1
hypothesis	5
i.e	7
ice	4
ice-fields	1
ice-sheets	1
ichneumon	1
idea	12
ideals	2
ideas	15
identification	1
identifying	1
if	62
ignorance	1
ignorant	1
illumined	2
illustrate	7
illustrated	3
illustrates	4
illustrating	1
illustration	11
illustrations	3
image	2
images	1
imagination	2
imaginative	2
imagine	5
imagined	2
imaginings	1
imitation	2
immaterial	1
immature	2
immediate	4
immediately	5
immemorial	1
immense	10
immensely	2
immensity	1
immersed	1
imminent	1
impact	1
impatiently	1
imperfect	2
imperious	1
implement	1
implements	2
implicit	1
implied	7
implies	5
imply	3
implying	1
importance	9
important	29
impossible	11
impressed	1
impressing	1
impression	3
impressions	1
impressive	2
improve	1
improved	1
improvement	2
improvements	3
impulse	3
in	1038
in-breeding	1
inaccessible	1
inaccurate	1
inanimate	1
inborn	5
incalculable	2
incandescence	1
incandescent	1
incessant	1
incessantly	1
inch	13
inches	14
incident	1
inclination	1
inclined	3
include	5
included	5
includes	3
including	11
income	1
incomplete	1
inconceivable	3
inconceivably	3
inconspicuous	5
increase	8
increased	8
increases	1
increasing	1
incredible	1
indeed	6
indefinitely	2
indemnify	1
indents	1
independence	1
independent	3
independently	1
indestructible	1
index	1
indicate	5
indicated	2
indicates	2
indication	1
indicative	1
indicus_	1
indifference	1
indifferent	1
indigo	3
indirect	1
indirectly	3
indispensable	1
individual	18
individually	1
individuals	1
indivisible	3
indubitable	3
induce	1
induced	1
inducing	1
indulge	1
industries	2
ineffective	1
ineffectively	1
inequalities	1
inequilibrium	1
inert	4
inevitable	1
inevitableness	1
inexhaustible	2
inexpensive	1
infant	4
infantile	2
infects	1
infer	1
inference	6
infinitely	2
inflate	1
inflated	2
influence	4
influenced	3
influences	1
information	3
infringement	1
infusorians	1
ingenious	1
ingested	1
inhabit	1
inhabitant	1
inherent	1
inheritance	5
inherited	1
inhospitable	1
injected	1
injure	1
inkling	2
inky	1
inland	2
inner	2
innermost	1
innings	1
innocent	2
innocent-looking	1
innumerable	2
inorganic	4
inquire	2
inquiry	4
inquisitiveness	2
insect	14
insect-visitors	1
insectivorous	1
insects	23
inserted	1
insertion	2
inside	5
insignificant	2
inspirations	1
instability	1
instance	15
instances	3
instantaneously	1
instantly	1
instead	3
instinct	4
instinctive	10
instinctively	1
instincts	4
institutions	3
instructions	1
instructive	3
instrument	10
instruments	8
insurgence	3
insurgent	1
intact	1
intellect	2
intellectual	3
intellectually	1
intelligence	23
intelligent	11
intelligently	1
intelligible	1
intended	1
intense	3
intensification	1
intensity	1
inter-relation	1
inter-relations	4
intercept	1
intercepts	2
interchange	1
intercrossing	1
interest	14
interested	1
interesting	30
interests	1
interference	1
interferes	1
interglacial	1
interior	7
interlinked	1
intermediate	2
internal	11
internally	1
interpose	1
interpret	1
interpretation	1
interpreter	1
interpreting	1
interprets	1
interstices	1
intervals	1
intervened	1
interwoven	1
intimate	2
intimately	2
into	93
intrepid	1
intricate	2
intrinsic	1
introduced	1
introduces	1
introducing	1
introduction	2
introductions	2
intrude	1
intruder	1
intruding	1
invaded	1
invaders	1
invading	1
invariable	1
invasion	2
invasions	1
invented	1
invention	5
inventions	1
inverse	1
investigated	1
investigation	1
investigations	1
investigators	1
invisibility	3
invisible	13
involve	1
involved	2
involves	2
iron	12
irregular	1
irregularities	1
irrigation	1
irritation	1
is	1039
island-universes	1
islands	5
isolate	1
isolated	2
isolation	2
issue	1
it	502
it_	1
items	2
its	190
itself	21
jackdaw	1
jar	1
jaw	9
jaws	4
jelly	1
jellyfish	2
jellyfishes	2
jerks	1
jets	2
jetsam	1
joined	1
joint	1
jointed-footed	2
journey	2
journeyman	1
journeys	2
joy	1
judgment	1
judgments	3
juice	1
jump	1
jumping	1
jumps	1
jungle	2
just	26
justifiable	1
justified	1
justifies	1
justify	2
juvenile	1
kale	1
kangaroo	1
kangaroo-like	1
keel	3
keen	2
keenly	1
keep	3
keeping	4
keeps	2
kept	3
kernel	1
kettle	1
key	2
keys	1
kidney	1
kidneys	3
killed	2
killing	1
kin	3
kin-sympathy	1
kind	30
kindred	3
kinds	19
kinetic	3
kingdom	5
kingdoms	1
kith	1
knew	1
knitting-needle	1
knives	1
knock	1
knocked	1
knocks	1
knoll	1
knots	4
knotted	1
know	40
knowable	1
knowledge	25
known	41
knows	7
labor	1
laboratories	1
laboratory	5
laborious	1
laboriously	2
labour	2
lack	1
ladder	1
lady	1
lagoon	1
laid	2
lake	1
lakelets	1
lakes	1
lamented	1
lamp	1
lamp-shells	1
land	43
land-crab	1
land-snails	1
landlocked	2
landscape	1
language	4
lanky	1
lanugo	1
lapse	1
lapsed	1
large	33
largely	5
larger	12
largest	8
larva	5
larval	4
larvæ	2
larynx	1
lash	1
lashed	1
lasso	1
lassoes	1
last	13
lasted	1
lasting	1
lasts	1
late	4
latent	1
later	11
lateral	2
latest	1
lattice-work	1
law	2
laws	5
lay	2
layer	4
layers	4
laying	2
lays	3
lead	5
leading	2
leads	3
leaf	10
leafy	1
leap	1
leaps	2
learn	14
learned	10
learnedly	1
learning	14
least	17
leave	9
leaves	8
leaving	2
led	10
left	17
left-hand	2
left_	1
leg	4
legacy	2
legally	1
legend	1
legitimately	1
legs	3
leisure	3
leisurely	1
length	14
lengthen	1
lengths	3
lens	8
lens-shaped	4
leopard	1
less	30
lesser	1
lesson	1
lessons	3
let	9
lethargic	1
lets	1
letter	3
level	8
levels	3
lever	1
liability	2
liable	2
liberated	3
liberating	2
liberty	1
library	1
license	1
licensed	1
lichen	2
lichens	2
lid	1
lids	2
lie	5
lies	4
lieu	2
life	89
life-forms	1
life-histories	1
life-history	3
lifelong	1
lifetime	2
lift	1
lifted	2
lifting	2
lifts	2
light	86
light-gatherer	1
light-waves	3
lighter	5
lightest	1
lighting	1
lightly	2
lights	2
like	102
likelihood	2
likely	5
likened	1
likewise	5
limb	2
limbless	1
limbs	3
limit	1
limitation	4
limitations	1
limited	4
limits	4
limpet	1
line	24
lineage	1
lines	20
lingering	1
linkage	1
linking	1
links	2
lion	1
lip	3
lips	2
liquefies	1
liquid	5
list	3
lists	1
lit	3
literal	2
lithographic	1
lithosphere	1
little	32
little-brained	1
littoral	5
live	12
lived	9
lively	3
lives	9
living	42
lizard	1
lizard-like	1
lizards	1
lobes	1
lobster	1
local	1
located	5
locations	1
lock	1
locked	2
locks	1
locomotion	4
locomotor	2
locusts	1
loess	2
log	1
loin	1
loins	1
long	45
long-continued	1
long-drawn-out	1
long-fingered	1
long-headed	1
longer	11
longest	2
longish	1
look	11
looked	1
looking	3
looks	4
loose	3
loose-limbed	1
loosely	1
looting	1
lose	1
loses	2
losing	2
loss	4
lost	2
lot	1
loud	1
love	1
low	8
lower	15
lowest	2
lowliness	1
luminescence	1
luminescent	1
luminosity	1
luminous	5
lump	1
lumps	1
lumpsucker	2
lunar	1
lung	3
lung-fishes	1
lungbooks	1
lungs	4
lurk	1
luxuriant	1
lying	6
lynx	1
macaque	2
macaques	2
machine	4
mackerel	1
made	44
magical	1
magnet	5
magnetic	8
magnetised	1
magnetism	6
magnified	2
magnifying	1
magnitude	3
magpies	1
main	23
mainly	4
maintain	3
maintained	2
maintaining	1
majority	5
make	33
make-up	1
makes	14
making	19
maladies	1
malaria	3
male	11
male-producing	1
males	2
mammal	5
mammal-like	1
mammalian	1
mammals	38
mammoth	3
man	85
man-ape	1
managed	1
mane	1
manifest	1
manifestation	2
manifestations	3
manifold	1
manipulate	1
manipulative	1
mankind	6
manner	3
mantises	1
mantle	2
manufacture	2
many	104
many-celled	2
marble	1
margin	3
marginal	1
marine	5
mariner	1
mariners	1
mark	2
marked	19
markedly	2
marking	1
markings	1
marks	2
marmosets	2
marsh	2
marshes	1
marten	1
marvellous	1
masculine	3
mask	2
masked	1
masking	1
masks	1
mass	17
masses	7
massive	2
master	2
mastered	1
masterfulness	1
masterly	1
masters	1
mastery	3
mate	2
material	16
materials	6
maternal	4
mates	1
mathematical	6
mathematically	1
mathematician	3
matter	78
matters	1
mature	1
maximum	1
may	138
maze	4
mazy	1
me	3
meadow-grass	1
meadows	3
mean	11
meaning	7
means	41
meant	7
meantime	1
measurable	1
measure	6
measured	6
measurements	2
measures	2
measuring	2
meat	1
mechanical	3
mediocre	1
medium	7
mediæval	1
medley	1
meet	3
meeting	2
melancholy	1
member	3
members	6
membrane	1
membranes	2
memories	2
memory	1
men	22
men-of-war	1
mending	1
mental	11
mention	2
mentioned	6
mercury	2
mere	5
merely	11
merged	1
meridian	1
merit	1
message	4
messages	2
messengers	4
met	3
metal	5
metals	2
metamorphosis	1
meteor	2
meteoric	2
meteorite	2
meteorites	5
meteors	5
method	11
methodically	1
methods	9
microbe	1
microbes	1
microbic	1
microcosm	1
microscope	3
microscopic	7
microscopist	1
mid-rib	1
midday	1
middle	2
midriff	1
might	12
mightiest	1
mighty	7
migrating	1
migration	5
migrations	1
mild	3
mile	4
miles	48
milk-glands	1
mill	1
millennium	2
milling	1
million	15
millions	20
millionth	2
mimetic	1
mimic	1
mimicked	5
mimickers	2
mimicry	3
mimics	1
mind	29
minded	1
minds	1
mineral	1
mingle	1
mingled	2
mingling	1
miniature	2
mining	1
minnow	1
minor	3
minority	1
minute	21
minuteness	2
minutes	4
mirror	2
miserable	1
miss	1
missed	1
misses	1
missing	1
mission	2
mist	1
mistake	3
mistakes	1
mixed	3
mixing	1
mixture	2
mixtures	1
mobile	2
mode	1
model	1
modelled	4
modern	35
modes	4
moist	2
moisture	1
moisture-laden	1
molecular	4
molecule	1
molecules	23
moles	1
mollusc	1
molluscs	4
moment	2
momentous	2
moments	1
money	3
mongoose	1
monkey	10
monkeyish	1
monkeys	20
monotony	1
month	6
months	5
monument	1
mood	1
moods	1
moon	42
moon_	1
moons	4
moorhen	2
moorhens	1
moorings	1
more	141
moreover	2
moribund	1
morning	3
mortality	3
mortar	1
mosquitoes	1
moss	1
most	66
mostly	1
mother	11
moths	2
motility	2
motion	14
motion_	1
motionless	1
motions	3
motley	1
motor	4
motto	1
mould	1
moulding	1
moulting	1
moults	1
mound	1
mount	1
mountain	2
mountains	6
mounted	2
mounts	2
mouse	2
mouse-pupil	1
mouth	13
mouth-parts	1
mouthful	1
movable	2
move	8
moved	2
movement	13
movement-controlling	1
movements	19
moves	1
moving	17
much	65
mud	4
mud-fishes	1
mud-flats	1
mudfish	4
mudstones	3
multicellular	2
multiples	1
multiplication	5
multiplied	1
multiplies	1
multiply	1
multiplying	5
multitude	5
mundane	1
muscle	2
muscle-cells	2
muscle-fibre	1
muscle-fibres	1
muscles	4
muscular	1
music	3
mussel	2
mussels	1
must	70
mutating	1
mutual	1
mutually	2
muzzle	1
myriads	1
mysteries	2
mysterious	4
mysteriously	1
mystery	2
n't	1
nail	2
nails	1
naked	2
name	7
named	3
namely	4
narrow	4
native	1
natives	1
natural	12
naturalists	1
naturally	3
nature	26
navigable	1
neanderthalensis_	1
near	18
nearer	5
nearest	5
nearly	9
nearness	1
neat	1
nebula	11
nebular	4
nebulæ	9
necessarily	5
necessary	13
necessity	2
neck	3
need	11
needed	2
needle	3
needs	2
negative	9
negatively	1
negatively-electrified	1
negotiated	1
neighbour	2
neighbours	1
neither	2
nemesis	1
nerve	1
nerve-cell	2
nerve-cells	3
nerve-centres	1
nerve-fibre	2
nerve-fibres	1
nerves	1
nervous	4
nervures	1
nest	13
nesting	1
nests	2
net	1
network	2
never	10
nevertheless	3
new	65
newborn	1
newly	1
newsletter	1
newt	1
next	10
niche	3
night	8
night-light	1
nimble	1
nine	7
nineteenth	4
ninety-nine	1
ninety-two	1
nip	1
nitrogenous	2
no	113
noble	2
nobler	1
nocturnal	1
noise	2
noisy	1
non-digitate	1
non-growing	1
non-living	1
non-moulting	1
non-plastic	1
none	4
nonplussed	1
nook	1
nooks	1
noon	1
nor	10
normal	5
normally	2
north	6
northern	1
northwards	1
nose	1
nostrils	2
not	252
notable	1
notably	5
notch	1
note	4
nothing	14
notice	9
noticed	6
noticing	1
notifies	1
notochord	2
novel	2
novelties	2
now	44
nowhere	1
nuclei	1
nucleus	16
number	25
numbers	1
numerous	14
nurture	1
nut	2
nutrition	1
nutritive	1
nuts	1
o	1
obdurate	1
obedience	1
obey	2
obeying	2
object	6
objection	1
objects	4
obligations	1
obligatory	1
obliging	1
obscure	5
observation	3
observations	2
observatory	2
observe	1
observed	5
observer	1
observers	2
observing	2
obstacle	2
obstacles	1
obtain	2
obtained	2
obtaining	1
obtrusive	1
obvious	4
obviously	5
occasion	3
occasional	1
occupations	2
occupied	2
occupying	1
occur	8
occurred	3
occurrence	3
occurring	2
occurs	4
ocean	3
ocean-troughs	1
oceanic	1
oceans	4
octave	1
odd	1
of	2673
off	28
offer	3
offered	1
offers	3
office	2
offices	1
official	1
offshoot	3
offspring	4
often	46
oftener	1
oil	4
old	13
old-established	1
older	2
oldest	4
olfactory	1
omitted	1
omne	1
on	312
once	20
one	169
one-celled	1
one-mile	1
one-millionth	1
one-toed	1
oneness	1
ones	16
onion	1
online	2
only	68
opaque	3
open	16
open-sea	4
open-water	1
opened	2
opening	7
openings	1
opens	2
operating	1
operation	1
opinion	3
opinions	1
opossums	1
opportunities	3
opportunity	3
opportunity._	1
opposing	1
opposite	5
or	326
orang	8
orange	2
orb	1
orbit	1
orbits	5
orchid	1
order	13
orders	1
ordinary	14
ores	1
organ	4
organic	3
organically	1
organism	6
organisms	7
organized	1
organs	4
origin	11
original	5
originally	5
originate	1
originative	1
originators	2
orthodox	1
ostrich	1
other	97
others	16
otherwise	4
otter	3
otters	1
ought	4
ounce	1
ounces	1
our	93
ours	4
ourselves	6
out	78
out-breeding	2
out-flowing	1
out-side	1
outbreak	1
outbursts	1
outcome	11
outer	7
outermost	2
outflame	1
outgoing	1
outline	3
outlined	2
outlines	2
outlying	1
outpour	1
outside	8
ovary	1
over	32
over-population	1
overcome	1
overcrowded	1
overcrowding	1
overhead	1
overlooked	1
overtax	1
ovule	1
ovum	7
owe	3
owed	1
owing	1
own	30
owner	3
ox	1
oxalic	1
oxygen	6
oxygen-combustion	1
pace	2
packed	2
packet	2
paddle	2
page	5
pages	2
paid	5
paint	1
pair	3
pairs	1
palatable	1
paler	1
palings	1
palm	1
palm-bones	3
paltry	1
pans	1
paper	4
papers	2
paperwork	1
parachute	2
parachuting	3
parachutists	2
paragraph	6
parallel	1
paralyse	1
parasite	2
parasites	7
parasitic	1
parent	3
parental	9
parents	2
parr	2
parrot	3
part	41
partial	2
partially	1
particle	8
particles	25
particular	14
particularly	3
partisans	1
partitioned	1
partitions	1
partly	6
partner	1
partnership	4
partridge	1
parts	22
pass	17
passage	4
passed	9
passes	10
passing	4
passion	1
passive	3
past	21
pasture	1
patch	2
patches	2
paternal	3
path	10
paths	4
patience	2
patient	1
pattern	1
pauses	1
paving-stones	1
pay	3
paying	1
pays	1
peace	1
peacock	2
peahen	1
peanut	1
peanuts	1
pebbles	1
peck	2
pecking	1
pectoral	4
peculiar	3
peculiarities	3
peculiarity	1
pedigree	2
peeping	1
peer	1
pegged	1
pelagic	1
pendent	1
penetrated	3
penetrating	1
penguins	1
peninsula	1
pennies	1
penny	1
people	6
peopled	2
peoples	2
peopling	1
per	6
perceived	2
perceptible	1
perception	1
perceptions	1
perceptual	1
perennial	1
perfected	1
perfection	2
perfectly	4
perforating	1
perform	1
performance	1
performances	2
performed	1
performing	1
perhaps	26
period	24
periodic	2
periodically	1
periods	3
permanent	4
permeable	1
permeates	1
permeating	1
permissible	1
permission	16
permit	1
perpetually	1
persecuted	1
persist	3
persistent	2
person	4
persons	2
pervades	1
pests	1
petrel	1
petroleum	1
pets	1
pglaf.org	2
phalanger	1
phase	1
pheasant	1
phenomena	10
phenomenon	2
phosphorescence	1
phosphorescent	2
photograph	10
photographed	1
photographic	6
photographs	5
photography	1
photosphere	6
photosynthesis	2
phrase	3
phrases	1
physical	6
physicist	5
physicists	3
physics	4
physiological	8
physiologically	2
physiologists	1
physiology	3
pick	1
picked	1
pictorial	2
picture	11
pictures	6
picturing	1
piece	14
pieces	10
piecing	1
pierces	1
piety	1
pigeon	2
pigeons	1
pigment	3
pigment-cells	2
pigmy	1
pilgrims	1
pillar	2
pinch	2
pinhead	1
pink	1
pink-flush	1
pioneer	1
pipe	1
pipes	1
pit	1
pitted	1
pivot	2
place	22
placed	8
places	9
plaice	1
plain	3
plainly	1
plains	1
plane	1
planes	1
planet	10
planetary	2
planetesimals	2
planets	11
plant	7
planted	1
planting	1
plants	34
plastic	4
plate	9
plates	2
plausible	1
play	5
played	2
player	1
playing	5
plays	4
playsomest	1
please	1
plenty	2
plodding	1
plot	1
ploughed	1
plumage	2
plunged	1
plunges	1
pocket	1
pod	1
point	20
pointed	3
points	10
poisons	3
poked	1
poker	2
polar	1
pole	5
poles	3
police	1
pollen	2
pollen-tubes	1
pompilius_	1
pond	7
ponds	2
pool	5
pools	4
poor	3
population	6
port	2
portentous	2
portion	2
position	9
positions	1
positive	8
positively-electrified	2
possess	7
possessed	2
possessing	1
possession	1
possessors	2
possibilities	5
possibility	9
possible	20
possibly	4
posted	3
posterior	1
potassium	1
potato	1
potential	1
potentialities	1
potentiality	1
pouch	2
poultry	1
pound	4
pounds	2
pour	1
poured	1
pouring	3
powder	1
power	25
powerful	11
powerfully	1
powerfulness	1
powers	2
practicable	1
practical	1
practically	11
practice	2
prawn	2
prawns	2
pre-arrangements	1
pre-eminent	1
pre-human	2
preceding	1
precious	3
precipitate	4
precise	7
precisely	4
precision	1
precursors	2
predacious	1
predatory	1
predecessors	1
predestined	1
predict	1
predictable	1
predicts	1
predispositions	2
predominance	1
predominate	1
preen	1
prefer	1
prefers	1
prehensile	2
prehistoric	2
prejudicially	1
preliminary	2
preparation	2
preparatory	1
prepare	1
prepared	1
preparedness	1
preparing	1
prerogative	2
presence	4
present	25
present-day	5
presentation	1
presently	4
presents	1
press	1
pressing	1
pressure	6
pressures	1
presumed	1
pretty	2
prevented	1
preventing	1
prevents	1
previous	4
previously	2
prey	3
preyed	2
price	1
primaries	1
primarily	1
primary	4
primeval	5
primitive	15
primordial	1
primus	1
principal	1
principle	6
printed	2
prism	6
prize	1
probability	3
probable	6
probably	31
probe	1
probing	1
problem	12
problems	4
proceed	2
proceeded	2
proceeds	1
process	24
processes	7
procession	2
prodigious	6
produce	8
produced	9
producers	1
produces	4
producing	2
production	3
profit	4
profitable	3
profited	1
profiting	2
profitless	1
profits	1
profound	3
profoundest	1
profoundly	2
profusion	1
progeny	1
progress	14
progression	1
progressive	2
project	1
projection	1
projects	1
prolific	2
prolongation	1
prolonged	8
prominence	2
prominences	2
prominent	1
promise	4
promised	2
promising	4
promoting	2
promotion	1
promptly	1
proof	6
proofread	1
propel	1
propeller	1
proper	3
properly	1
properties	4
property	4
propitious	1
proportion	2
proportional	1
proportions	3
prospect	2
prospecting	1
prospects	1
protect	2
protected	2
protecting	1
protection	5
protective	5
protects	1
protoplasm	2
protrude	1
protrusible	2
protrusion	1
protrusive	1
protuberant	1
proud	2
prove	5
proved	4
provide	3
provided	3
provides	1
providing	2
provinces	1
provision	1
provisional	1
provokes	1
pruned	1
psychical	1
psycho-analyst	1
psychology	1
ptarmigan	1
public	1
pull	8
pulled	6
pulling	2
pulls	1
pulp	1
pump	1
pumped	1
punctuation	1
punting	1
puppy	1
pure-bred	1
purely	2
purling	1
purpose	7
purposes	3
pursue	1
pursues	2
pursuing	1
pushed	1
put	20
puts	4
putting	1
puzzle-box	1
puzzle-boxes	1
puzzled	1
quadrupedal	1
quaint	2
qualities	5
quality	9
quantities	1
quantity	5
quarter	3
quarters	1
question	19
questions	8
quick	3
quickly	6
quickness	1
quiescent	2
quietness	1
quintillion	1
quite	16
quote	2
rabbit	4
race	26
race-continuing	1
races	2
races_	1
racial	5
radial	1
radiance	1
radiant	4
radiate	2
radiated	2
radiating	3
radiation	6
radiations	1
radical	2
radio-active	6
radio-activity	2
radium	14
radius	1
railway	1
rain	2
rainbow	1
rainbow-colour	1
raise	1
raised	4
raises	1
rampart	1
random	1
rang	1
range	6
ranges	2
ranked	1
ranks	1
rapid	11
rapidity	2
rapidly	8
rarely	3
rarity	3
rate	11
rather	22
ratio	3
rational	1
rats	3
ravine	1
raw	2
ray	4
rays	27
re-use	2
re-utilise	1
reach	14
reached	7
reaches	9
reaching	4
react	1
reaction	3
reactions	5
read	5
reader	4
readers	1
readily	6
reading	1
ready	4
ready-made	2
real	5
realise	6
realised	2
realities	1
reality	6
really	8
reappearance	1
reappeared	1
reared	1
rearrangements	1
reason	16
reasonably	2
reasoning	1
reasons	6
rebounding	1
recall	2
recalling	1
recapitulation	2
recaptures	1
receive	3
received	3
receives	1
receiving	5
recent	9
recently	4
receptacle	1
recession	1
recognise	9
recognised	3
recognises	1
recognition	3
recognize	1
recommence	1
reconciled	1
reconstruction	2
record	4
recorded	1
recording	1
records	4
recurrent	1
red	26
red-hot	2
redbreast	1
redistribution	1
redness	1
redolent	1
reduced	4
reduction	2
reeds	1
refer	1
reference	3
references	1
referred	2
refers	1
refined	1
refinement	1
reflect	1
reflected	1
reflecting	1
reflection	1
reflective	1
reflector	1
reflector_	1
reflex	7
refractive	1
refractor	3
refund	1
refused	1
regard	9
regarded	7
regards	3
region	8
regions	5
register	1
registered	1
registers	1
registration	3
regrown	1
regular	2
regulate	2
regulated	2
reindeer	1
reins	1
reiteration	1
rejected	1
relapses	1
related	8
relation	3
relations	2
relationship	2
relative	2
relatively	12
relatives	3
release	1
released	1
reliable	1
reliance	1
relic	4
relics	2
relieved	2
relinquished	1
remain	3
remainder	1
remained	2
remaining	3
remains	20
remarkable	10
remarks	1
remember	5
remembered	2
remembering	1
remembers	1
reminded	1
reminding	1
reminds	1
reminiscence	1
remote	2
remoter	1
remove	1
removed	2
repaid	1
repeat	1
repeated	3
repeatedly	2
repelled	1
repertory	2
replaced	5
replacement	1
replenish	1
reported	1
reports	1
represent	1
representation	2
representative	3
representatives	3
represented	8
representing	1
represents	4
reproduce	1
reproduced	2
reproduction	3
reproductive	2
reptile	1
reptiles	26
reptilian	1
reputation	1
require	4
required	1
requirements	1
requires	4
requiring	1
research	5
researches	1
resemblance	8
resembles	1
reserve	1
reservoir	1
reservoirs	1
reshufflings	1
resides	1
residual	1
resist	2
resistance	2
resolved	2
resolving	2
resorted	1
resounded	1
resources	3
respect	1
respective	1
respectively	1
respiration	1
respond	1
responses	1
rest	7
resting	4
restlessness	1
restoration	3
restricted	2
restrictions	2
rests	1
result	15
resulted	3
resulting	2
results	12
resurrection	1
retain	2
retained	1
retention	2
retires	1
retreat	2
retrieve	2
return	11
returned	1
returning	1
returns	1
reveal	2
revealed	4
reveals	1
revelation	1
revelations	1
revolutionising	1
revolutions	2
revolved	2
revolves	1
revolving	4
reward	2
rewarded	1
rhinoceros	2
rhythm	1
rhythms	1
ribs	1
rice	1
rich	3
richer	1
richly	1
richness	1
rid	1
ridge	1
ridges	4
rife	1
rifle	2
right	15
right_	1
rigid	1
rigorous	1
ring	5
ring-formations	1
rings	4
riot	1
ripening	1
ripple	1
rise	14
risen	1
rises	5
rising	2
risk	4
risks	3
rivalry	1
rivals	2
river	7
river-mussels	1
river-tortoises	1
rivers	4
rivulets	1
road	1
robber-crab	1
rock	3
rock-dove	1
rock-pool	1
rock-record	1
rocked	1
rocks	7
rocky	2
rod	1
rods	1
roll	1
rolling	1
rooks	2
room	3
root	1
roots	3
rose	2
rotate	2
rotating	9
rotation	7
rotted	1
rotting	2
rough	1
rough-and-tumble	1
round	37
round_	1
routine	9
rowing	1
royalties	1
royalty	1
rubble	1
rubs	1
rudely	2
rudimentary	1
rufous	1
rugged	1
rule	5
rules	1
run	2
rung	2
rungs	1
running	3
runs	1
rush	2
rushed	1
rushes	2
sac	1
sadly	1
safe	6
safely	1
safer	1
safety	9
sagacious	1
said	23
sail	1
sails	1
sake	1
salient	3
saline	2
salmon	5
salt	6
salt-accumulation	1
saltatory	1
salts	4
same	48
sameness	1
sample	2
sand	2
sand-crab	1
sand-pit	1
sands	1
sandstones	3
sap	1
satellites	1
satisfaction	2
satisfied	1
saturates	1
saucer	1
saucer-shaped	1
save	7
saving	2
saw	8
say	47
saying	6
says	8
scale	9
scales	4
scaly	1
scantier	1
scanty	1
scarce	2
scarcely	1
scatter	2
scattered	3
scene	2
scent	1
scented	1
scents	1
scepticism	1
school	2
science	24
sciences	2
scientific	11
scientist	1
scion	1
scissors	1
scooped	1
score	2
scores	1
scorpion	1
scorpions	1
scouring	2
scrambling	1
scrapers	1
scratching	1
screen	10
screwing	1
scrutinising	1
sculling	1
sea	44
sea-anemone	4
sea-anemones	4
sea-butterflies	1
sea-dust	4
sea-floor	1
sea-gooseberries	1
sea-horse	2
sea-horses	1
sea-level	1
sea-lilies	1
sea-meadows	2
sea-perches	1
sea-serpents	1
sea-snail	1
sea-spider	2
sea-squirt	1
sea-squirts	2
sea-urchin	1
sea-urchins	2
sea-water	2
seal	1
seals	1
search	2
seas	8
seashore	7
seat	1
seaweed	5
seaweeds	1
secluded	1
second	31
secondarily	1
secondary	1
seconds	4
secret	6
secreted	2
secretion	2
sections	2
secure	6
secured	1
secures	1
securing	3
security	1
sedimentary	4
sediments	1
see	42
seed	1
seed-box	2
seeds	6
seek	1
seem	14
seemed	3
seems	22
seen	42
seething	2
segmentation	1
segmented	1
segregating	1
seize	1
seized	1
select	2
selected	1
selection	3
selenium-cell	1
self-destructively	1
self-effacement	3
self-effacing	1
self-fertilisation	1
self-luminous	1
self-mutilation	1
self-preservative	1
self-preserving	1
semi-fluid	1
semi-tropical	1
send-off	1
sending	1
sends	1
senescence	1
sensation	1
sensational	3
sense	14
sense-organs	1
sense-presentation	1
senses	8
sensible	1
sensitive	4
sensory	7
sent	4
sentence	2
sentences	1
sentiments	1
separate	8
separated	6
separately	1
separates	1
separating	1
separation	1
sepia	2
series	7
serious	4
serpent	1
serve	2
served	2
serves	3
service	1
serving	1
set	13
sets	4
setting	3
settle	4
settled	1
settles	2
seven	8
seventeen	1
seventieth	1
seventy-five	1
several	9
severe	5
sex	2
sex-call	1
sexes	2
sexual	1
shadow	1
shaggy	1
shall	12
shallow	5
shallow-water	1
shallows	1
shape	9
shaped	3
shapes	2
share	3
shared	2
shares	1
sharing	1
shark-like	1
sharp	1
shattered	1
she	13
sheaf	2
sheaths	1
sheaves	1
shed	1
sheep	4
sheep-ranches	1
sheer	2
shelf	2
shell	11
shells	4
shelter	4
sheltered	1
shield	1
shift	3
shifting	1
shifts	2
shine	1
shines	1
shining	1
ship	2
shiver	1
shock	2
shoot	2
shooting	2
shoots	1
shore	20
shore-animals	3
shore-crab	1
shore-frequenting	1
shore-haunt	3
shore-haunts	1
shore-pool	1
shore-pools	2
shores	3
short	12
short-limbed	1
short-lived	1
shortening	1
shorter	9
shortest	2
shortness	2
shot	3
should	27
shoulders	1
show	20
showed	8
shower	3
showing	7
shown	16
shows	23
shrapnel	1
shreds	1
shrimp	1
shrink	2
shrinkage	2
shrinkages	1
shrinking	1
shrunk	1
shunting	1
shut	1
shutting	1
siamang	1
sickness	1
side	24
sidelight	1
sides	4
sieve	1
sieves	2
sifted	2
sifting	11
sight	8
sign	1
signal	1
signalling	1
significance	5
significant	2
signs	1
silent	1
silk	4
silken	2
silly	1
silver	1
silvery	3
simian	4
similar	10
similarly	1
similitude	1
simple	21
simpler	3
simplest	6
simplicity	1
simplified	1
simply	4
simultaneously	1
since	13
single	6
single-chambered	1
sink	4
sinking	2
sinks	3
site	1
sites	1
sitting	3
situated	1
situation	6
situations	1
six	12
sixes	1
sixth	1
sixty	2
size	23
sizes	2
skate	1
skeletal	1
skeleton	2
skeletons	2
skill	5
skims	1
skin	23
skips	1
skull	5
skull-cap	2
skulls	2
skunks	1
sky	9
slab	1
sleep	2
sleeve	1
slightly	2
slime	1
slip	1
slipped	1
slipper	1
slipping	3
slits	1
slope	1
slot	2
sloth	1
sloths	1
slouching	1
slow	7
slowed	1
slowing	4
slowly	9
sluggish	1
slumbers	1
slums	1
smack	1
small	35
small-brained	1
smaller	10
smallest	5
smallness	1
smell	5
smelted	1
smoke	2
smoke-like	1
smolts	1
smooth	1
smother	1
snail	5
snails	2
snake	2
snakes	1
snap	2
snapping-blades	1
sneeze	1
snout	1
snow	1
snow-caps	1
so	107
so-called	8
soap	2
soap-bubble	2
soapy	2
soaring	1
social	6
sociality	1
sockets	1
sodium	2
soft	12
soil	2
sojourning	1
solar	18
soldering	1
sole	2
solemn	2
solicit	2
solicitation	1
solid	14
solidary	1
solitary	1
solution	8
solutions	1
solved	2
some	129
somehow	2
someone	1
something	16
sometimes	21
somewhat	3
son	1
song	1
soon	8
sort	19
sorting	1
sorts	7
sound	10
sound-waves	1
sounded	1
sounds	8
source	8
sources	1
south	1
southern	1
southward	1
southwards	1
sow	3
sowing	2
space	20
spacious	1
spark	2
sparkle	1
sparrow	1
spawn	4
spawned	1
spawning	5
speak	10
speaks	1
special	2
species	7
specific	2
specified	1
specimen	1
specimens	1
speck	1
spectacles	1
spectacular	2
spectra	3
spectroscope	19
spectroscope._	1
spectroscopic	1
spectroscopy	1
spectrum	12
speculate	1
speculation	5
speculative	1
speech	1
speed	17
speeding	1
spend	3
spends	1
sperm-cell	2
sperm-cells	2
sperm-producer	2
spermatozoon	1
spice	1
spider	11
spiders	3
spin	1
spinal	3
spineless	1
spiral	8
spirals	2
spirit	3
spite	4
splendidly	1
split	5
splits	1
splitting	2
spoke	1
spoken	2
sponge	4
sponges	2
spontaneity	1
spontaneous	4
spontaneously	1
spoonful	1
sporadic	2
spores	2
sport	2
sporting	1
spot	5
spots	5
spotted	2
spout	1
sprang	3
spread	10
spreading	1
spreads	2
spring	7
spring-tails	1
sprinkle	1
sprouts	1
sprung	1
spur	2
spurs	1
square	5
square-jawed	1
squat	3
squatting	1
squids	1
squirrel	3
squirrels	2
stability	1
stable	4
staff	1
stag	1
stage	9
stages	9
stagnation	1
stalking	2
stalks	2
stamp	2
stamping	1
stampings	1
standard	1
standards	1
standing	3
stands	3
star	21
starch	2
stare	1
starfish	2
starfishes	2
starlit	1
stars	41
start	4
started	1
starting	2
starting-point	1
startling	3
starts	1
state	19
stated	1
stately	1
statement	6
statements	3
states	2
stations	2
stature	2
status	1
steadily	1
steady	2
steam	5
steam-engine	1
steamer	1
steamships	1
steel	2
steep	3
steering	1
stellar	6
stem	2
step	5
steps	9
stereoscopic	1
stereotyped	1
stick	2
sticking	2
stickleback	2
sticklebacks	1
sticky	1
stiff	1
still	29
stilt-like	1
stimulate	1
stimulated	3
stimulation	2
stimuli	1
stimulus	3
sting	2
stinging	3
stir	1
stirring	1
stoats	1
stock	13
stocks	4
stolen	1
stolidity	1
stomach	1
stone	7
stoneless	1
stones	6
stop	3
stops	1
store	3
stored	3
stored-up	1
stores	3
stories	1
storks	1
storm	2
story	9
stout	1
straight	4
straight-haired	1
strains	2
strange	9
strangely	2
strata	4
straw	3
straws	4
stray	1
stream	9
streams	6
strength	6
strengthening	1
strenuous	6
stretch	2
stretches	2
stretching	3
strict	2
strictly	1
strike	1
strikes	2
striking	12
string	1
strings	1
striped	2
stroke	2
strong	11
stronger	1
strongly	2
struck	1
structure	11
structure_	1
structures	6
struggle	12
struggled	1
struggling	1
stubborn	1
student	1
student-citizen	1
studied	4
study	9
studying	1
stuff	3
stump-like	1
stung	1
stupendous	2
stupid	1
sub-aquatic	1
subject	7
subjects	1
sublime	2
subscribe	1
subsequent	1
subsequently	1
substance	12
substances	10
substitutes	1
substratum	1
subtle	6
subtler	1
subtlety	2
succeed	4
succeeded	8
succeeding	1
success	5
successful	6
successfully	1
succession	5
successive	6
successors	2
such	62
suckers	1
sucking	1
sucks	1
sudden	6
suddenly	7
suffered	1
suffering	1
suffice	2
sufficient	8
sufficiently	2
sugar	1
sugars	1
sugary	2
suggest	3
suggested	6
suggestion	3
suggestions	2
suggestive	1
suggests	4
suit	1
suitable	1
suited	7
suits	1
sum	1
summer	8
summon	1
sun	104
sun-spot	1
sun-spots	5
sunlight	9
sunny	2
suns	2
sunset	1
sunshine	2
superficial	3
superficially	1
superfluous	1
superposing	1
supple	1
supplies	1
supply	9
support	7
supported	3
supporting	2
supports	1
suppose	4
supposed	7
supposing	3
suppressing	1
supra-renal	1
supreme	1
sure	4
surely	4
surer	1
surface	46
surfaces	5
surging	1
surmounting	1
surpassed	1
surpasses	2
surpassing	1
surprise	1
surprised	1
surprising	3
surrounded	3
surrounding	4
surroundings	13
survey	2
surveyed	1
survival	2
survive	9
survived	1
surviving	1
survivor	1
susceptible	1
suspected	1
suspended	5
sustain	1
swallowed	2
swamp	3
swampy	1
swarm	3
swarms	1
swayed	1
sweat	1
sweet	1
swept	2
swift	3
swim	2
swim-bladder	3
swimming	5
swimming-bells	1
swims	5
swing	1
swirling	1
swoop	1
swooping	1
symbols	1
symmetrical	1
symmetry	3
sympathetic	1
sympathy	1
synthetic	1
system	32
table	4
tack	3
tackled	1
tacks	1
tactics	3
tadpoles	2
tag	1
tags	2
tail	11
tails	1
take	20
taken	17
takes	12
taking	10
tale	1
talkativeness	1
talked	1
tangent	1
tank	1
tantalising	1
tap	1
tapped	1
task	1
tasks	1
tassel	2
tassels	1
taste	2
taught	5
taut	2
tax	1
taxed	1
teach	1
teacher	3
tear	2
teats	1
technical	1
technicalities	2
tedious	1
teeth	14
telegraph	1
telegraphic	1
telegraphy	1
telephonic	1
telescope	14
telescopes	2
tell	8
tell-tale	2
tells	5
temper	2
temperature	15
temperatures	3
temporary	1
tempting	2
ten	14
ten-miles-wide	1
ten-millionth	1
tenability	1
tenant	1
tenanted	1
tend	6
tended	1
tendency	5
tending	3
tends	1
tennis	1
tenses	1
tension	1
tentacles	2
tentative	1
tentatively	2
tentatives	1
term	1
terminal	1
terminals	1
terms	12
terns	1
terra	1
terrestrial	9
terrific	1
terse	1
test	1
tested	2
tethering	1
text	4
textbook	1
than	117
thanks	1
that	657
the	3948
their	135
them	74
themselves	23
then	37
thence	1
theoretical	1
theories	6
theory	26
there	224
thereabouts_	1
thereby	2
therefore	12
therein	1
thermometer	1
these	117
they	187
thick	2
thickening	1
thickness	7
thicknesses	1
thigh	1
thigh-bone	2
thin	5
thing	10
things	24
think	25
thinkers	3
thinking	5
thinks	5
thinnest	1
third	12
thirdly	1
thirsty	1
thirtieth	1
thirty	5
thirty-five	2
this	227
thorough	1
thoroughfare	1
thoroughgoing	1
thoroughly	2
those	38
though	26
thought	10
thoughtful	1
thousand	12
thousands	9
thousandths	1
thread	2
threads	6
three	31
three-chambered	1
three-spined	1
thrilling	1
thrills	1
throat	1
throne	1
through	56
throughout	10
throw	5
throwing	2
thrown	4
throws	1
thrush	1
thumb	3
thunder	1
thus	14
thyroid	2
tick	2
tickings	1
ticks	1
tidal	3
tide	2
tide-marks	1
tides	21
tiger	1
till	9
time	59
time-recording	1
times	39
timid	1
tinge	1
tint	1
tiny	4
tip	6
tips	2
tissues	4
to	1088
to-day	17
to-morrow	1
toad	2
toads	2
toe	1
toes	7
together	20
told	1
tombs	1
ton	2
tongue	5
tongues	1
tons	5
too	24
took	6
tool	4
tools	1
tooth	4
toothed	2
top	7
tops	1
torn	1
torrent	1
torrents	1
tortoise	2
tortoises	1
tortuous	1
total	4
totteringly	1
touch	5
touched	1
touches	2
tough	1
toward	3
towards	18
trace	4
traceable	1
traced	2
traces	2
tracheæ	1
trackless	1
trademark	4
trademark/copyright	1
trails	1
train	2
training	2
trains	2
tram	1
tramps	1
trams	1
tranquil	1
transcending	1
transcribe	1
transform	1
transformation	3
transformed	6
transforming	1
transit	1
transition	2
transitional	1
translated	2
transmissibility	1
transmissible	1
transmit	1
transmitted	2
transmutation	2
transparency	1
transparent	2
trap	1
travailing	1
travel	11
travelled	2
travellers	1
travelling	4
travels	4
treacherous	2
treacly	1
tread	1
treasure	1
treasure-house	1
treasures	1
treatment	1
tree	8
tree-frogs	1
tree-sloth	1
tree-stems	1
tree-tops	1
trees	6
tremendous	2
trend	2
trial	3
trials	1
triangular	1
triangular-shaped	1
tribe	1
tried	5
trigger	5
trigger-pulling	1
trillion	4
trillions	4
trip	1
triumphantly	1
triumphs	2
troop	2
troubles	1
troublesome	1
trough	3
trout	2
trout-like	1
trucks	1
true	22
truly	1
trunk	2
trust	1
truth	8
try	1
trying	3
tse-tse	1
tube	15
tube-feet	1
tubercles	1
tubes	3
tubular	1
tufts	2
tumbled	1
turn	13
turned	8
turning	2
turnips	1
turns	4
turtle	1
turtle-backs	1
turtles	3
twelve	1
twentieth	1
twenty	5
twenty-five	2
twice	5
twig	2
twig-like	1
twilight	1
twined	1
two	78
two-spined	1
two-thirds	1
twofold	1
type	19
types	15
typical	1
tyranny	3
ulna	2
ultimate	2
ultimately	2
ultra-violet	2
ultramicroscope	1
unable	1
unaccustomed	1
unavailable	3
unavailable_	1
unborn	3
unbranched	1
unbroken	1
uncatchable	1
uncertain	2
unchanged	1
uncommon	1
unconscious	3
under	16
undercharged	1
undergo	1
undergoing	2
underground	1
underlying	1
underneath	3
underrated	1
understand	4
understanded	1
understanding	1
understood	2
underwent	1
undisguised	1
undoubted	1
undoubtedly	2
undulating	1
undulatory	1
unduly	1
unearthed	1
uneasy	1
unexpected	1
unfolding	1
unfortunately	1
unhappy	1
unhatched	1
unicellular	3
unification	1
uniform	9
uniformly	1
unimaginable	1
unimpeded	1
unimportant	1
uninterested	1
union	2
unique	1
unit-bodies	1
uniting	1
units	3
unity	2
universal	6
universe	33
universes	2
unknown	5
unless	9
unlink	1
unlocked	1
unpalatability	1
unpalatable	2
unpleasant	1
unprecedented	1
unprofitable	1
unproved	1
unremitting	1
unrest	1
unsatisfied	1
unseen	1
unsettled	1
unsolicited	1
unsolved	1
unsteady	1
unstereotyped	1
unsuitable	1
unsunned	1
unsurpassable	1
unsurpassed	2
unthinkable	1
unthinkably	1
until	20
untutored	1
unutterably	1
unveiled	1
unwary	1
up	80
up-stream	2
upkeep	1
upon	29
upper	14
uppermost	1
upright	1
upset	1
upturned	1
upward	2
upwards	2
uranium	2
uranium_	1
urged	1
us	60
usage	2
use	26
used	32
useful	13
useless	2
uselessness	1
user	3
using	5
usual	4
usually	9
utilisation	1
utilise	4
utilised	3
utilises	1
utter	2
utters	1
vacuole	1
vacuum	4
vague	1
vain	1
valuable	1
value	2
values	1
vaporised	1
vapour	4
vapour-like	1
vapours	7
vapoury	1
variability	4
variable	5
variation	3
variational	1
variations	7
varied	4
varies	3
variety	6
various	26
vary	3
varying	4
vascular	2
vaseline	1
vast	11
vastly	4
vegetable	2
vegetarian	2
vegetation	9
vehicle	2
veil	1
veins	2
velocities	2
velocity	7
venation	1
ventral	1
venture	1
verb	1
verdict	1
veritable	2
versa_	1
versatile	1
version	1
vertebrate	2
vertebræ	3
vertical	2
vertically	1
very	151
vestige	4
vestiges	1
vestigial	3
vibrate	1
vibrating	1
vibrations	4
vicious	2
vicissitudes	1
victim	2
victims	2
victory	1
view	13
viewed	1
views	1
vigorous	5
vigorously	2
vigour	1
violates	1
violence	1
violent	9
violently	2
violet	5
violets	1
virtue	3
visceral	1
visible	9
vision	3
visit	1
visitors	2
vital	4
vitality	1
vitally	2
vitiated	1
vive_	1
vivid	1
vividly	1
viviparity	2
vocabulary	2
vocal	5
voice	5
void	1
volans_	1
volcanic	3
volcanoes	1
volplaning	1
volts	1
voluminous	1
volunteer	1
volunteers	3
von	1
voracious	1
vortex	2
vortices	1
voyage	1
voyages	1
vulcanite	1
vulture	1
waddle	1
wafts	1
waist	1
wait	1
waited	1
waiting	1
walk	1
walked	1
walking	4
walking-stick	1
walks	2
wall	3
wall-like	1
wallowed	1
walls	2
wanderers	1
wandering	3
waning	1
want	1
wanted	1
war	4
warm	2
warm-blooded	1
warm-bloodedness	1
warmer	1
warming	1
warning	2
warns	1
warrant	1
warranties	1
warty	1
was	209
washed	1
washerwoman	1
washing	1
wasp	1
wasplike	1
wasps	2
waste	3
waste-product	1
wasted	1
watch	2
watching	1
water	80
water-bag	1
water-filled	1
water-oceans	1
water-shrew	1
water-spider	2
water-vapour	2
water-weed	1
water-weeds	1
water_	1
waterfall	1
waterfalls	1
waterholes	1
waters	11
watery	1
wave	4
wave-length	3
wave-lengths	3
wave-motion	1
wave-motions	1
wave-movements	1
waves	36
wavy-haired	1
way	60
ways	14
wayside	1
we	300
weak	3
wealth	1
weapon	1
weaponless	1
weapons	2
weather	4
weathering	1
web	5
web-footed	1
weeds	1
week	2
weeks	2
weigh	1
weighed	1
weighs	4
weight	5
weights	1
weird	1
welcome	1
welfare	1
well	28
well-being	2
well-developed	1
well-established	1
well-grown	1
well-known	3
well-lighted	1
well-poised	1
well-protected	1
went	2
were	122
west	1
wet	2
whale	2
whalebone	1
whales	1
what	75
whatever	5
wheat	3
wheatfields	1
wheel	6
wheels	1
whelk	3
when	117
whence	4
whenever	1
where	39
whereas	6
whereby	3
wherever	1
whether	12
which	431
while	20
whilst	1
whine	1
whipped	1
whipping	1
whirling	5
whirlpool	1
whirlpools	2
whistle	1
white	28
white-hot	2
white._	1
whiteness	2
whitish	1
who	21
whole	27
wholesome	1
wholly	1
whom	4
whose	9
why	13
wide	1
wide-awake	1
widely	2
widest	2
wife	1
wild	3
will	75
willing	2
wind	8
wind-blown	1
winding	1
window	1
winds	2
wine	1
wing	7
wing-span	1
winged	2
wingless	3
wings	11
winter	11
wire	6
wires	2
wise	1
wiser	1
wish	2
wished	1
wishing	1
wit	2
with	312
withered	1
withering	1
within	30
without	37
witness	1
witnessing	1
wits	2
wolf	2
women	1
won	1
wonder-horse	1
wondered	2
wonderful	13
wonderfully	3
wonders	1
wood	2
wood-snail	1
woodcraft	1
woodwork	1
woolly	2
woolly-haired	1
word	6
words	19
work	42
worked	8
workers	1
working	4
works	18
world	42
world-cloud	1
worlds	3
worldwide	1
worm	3
worm-types	1
worms	12
worn	2
worse	3
worship	1
worsted	1
worth	2
worthy	1
wot	1
would	81
wrapped	1
wrens	1
wriggle	1
wrist	1
wrist-bones	1
writing	1
written	4
wrong	3
wrongly	1
wrought	1
www.gutenberg.org	1
yacht	1
yards	1
year	8
years	57
yellow	5
yellow-brown	1
yet	25
yielded	2
yielding	1
yolk	3
yolk-laden	1
yolk-sac	1
you	32
young	38
your	6
youth	1
youthful	1
zero	1
zest	1
zinc	7
zone	2
zones	2
zoophytes	1
{	12
|	66
|______________________________________|	3
|_________|_______________|____________|____________|____________|	1
}	2
§	32
Æsop	1
æsthetic	1
