!	19
#	1
$	1
&	8
'	8
''	207
'AS-IS	1
'S	11
's	136
(	185
)	192
***	3
*****	1
,	3235
-	2
--	249
.	2367
...	3
.001	1
._	4
//pglaf.org/donate	1
//www.pgdp.net	1
0	1
0.62	1
1	34
1,340,000	1
1.88	1
1.D	1
1.E	2
1.E.1	2
1.E.5	1
1.E.8	2
1.E.9	1
1.F.2	1
1.F.3	3
1.F.5	1
1.F.6	1
1/125	1
1/25	1
1/67,000	1
1/67000	1
10	2
10,000	1
10.	1
10.5	1
100	1
100,000	4
100-INCH	1
108,600	1
11	2
11.	1
113	1
117	1
118	1
12	1
12,000	1
120	3
123	1
124	2
125	2
13	2
13.	1
130	1
130,000	1
135	1
139	1
14	2
140	2
141.5	1
142	1
143	1
144	2
147	3
15	1
150	1
150,000	4
153	1
156	1
157	2
158	1
16	1
160,000	1
164.78	1
165	1
166	1
17	1
17-1/2	1
17.	1
170	1
171	1
172,000	1
1769-1832	1
178	1
179	1
18	1
1825-95	1
183	1
1842	1
1843	1
185,000,000	1
186,000	3
1885	1
1887	1
1890	1
1892	1
1895	1
1896	1
19.	1
1900	1
1905	1
1907	1
1909	1
191	1
1912	1
1914	4
1915	2
1915._	1
1917	2
1919	2
192	1
1920	1
1921	5
1922	6
1924_	1
1A	1
2	25
2,500	3
2-1/2	1
2.	1
2/3	1
20	1
20.	1
200	1
201	1
202	1
203	1
20417-8.txt	1
20417-8.zip	1
205	1
208	1
209	1
21	1
212	1
213	1
216	1
2163	1
217	1
22	3
22.	1
226	1
227	2
23	3
23,000	1
23.	1
232	2
233	2
238	1
24	1
24.	1
240	1
246	1
247	2
25	1
25,000	3
250	3
250,000,000	1
254	2
259	1
26	1
26,000	1
26.	1
262	1
263	2
266	1
267	1
27,000	1
27-1/2	1
270	3
279	2
28	1
280	1
282	2
283	1
287	1
28°-34°	1
29	1
29.46	1
2971.6	1
2A	1
3	24
30	1
30,000	1
300	1
300,000	1
300,000,000	1
31	1
31,735	1
32,600	1
33	2
333,432	1
34800	1
36	2
37	1
386	1
3A	1
4	27
40	1
40-INCH	2
4230	1
43.4	1
44	1
45	1
466	1
48	1
49	2
49.4	1
4A	1
5	14
5,000,000,000	2
5.	1
50,000	1
500,000	1
501	2
52	1
596-1887	1
5A	1
6	8
6.	1
60	1
600,000	1
61	2
62	1
65	1
67.2	1
68	1
69	3
6A	1
7	2
7,000°	1
7.	1
7/250,000	1
72	2
73	1
73000	1
74	1
76	3
77	1
7700	1
7A	1
8	5
8.7	1
800	1
801	1
86	1
866,000	1
87	1
886.0	1
9	4
90	3
92,830,000	1
93,000,000	1
94	1
95	1
98.8	1
99712.	1
:	240
;	216
?	47
@	2
A	163
A.	7
ABERDEEN	1
ABOUT	1
ABOVE	1
ADAMS	2
ADAPTATION	1
ADAPTATIONS	1
ADAPTED	7
AEGIR	2
AFRICA	2
AGES_	1
AGO	2
AGREE	1
AIR	1
AK	1
ALFRED	1
ALL	1
ALLIGATOR	1
ALPHA	1
ALSATIAN	1
ALSO	1
ALTAMIRA	2
AMOEBA	1
AMONGST	1
AN	20
ANCESTORS	1
AND	45
ANDROMEDA	1
ANIMAL	3
ANIMALS	7
ANOTHER	1
ANT	1
ANTHROPOID	2
ANVIL	2
APE-MAN	1
APES	1
APPARATUS	2
APPEARANCES	1
ARBOREAL	1
ARC	2
ARCHITECTURE	1
ARCHÆOPTERYX	2
ARE	5
ARGONAUTA	1
ARM	1
ARMS	2
AROUND	1
ARRANGEMENTS	2
ARTHUR	5
ARTISTIC	1
AS	4
ASCENT	3
ASCII	1
ASIA	2
AT	9
ATOM	2
ATOMS	4
ATTACHED	2
ATTITUDE	1
ATTRACTION	1
AURORA	1
AUSTRALIA	3
AUSTRALIAN	1
AVOCET	1
About	1
Above	2
According	5
Action	1
Activity	3
Actual	1
Adaptations	1
Additional	1
Addresses_	1
Afghans	1
Africa	4
African	4
After	22
Agassiz	1
Age	13
Age_	2
Agency	2
Agency._	1
Ages	3
Alaska	1
Alfred	1
Algol	1
Algæ	3
All	8
Allies	1
Almanac_	1
Along	3
Alpha	3
Alpine	1
Alpines	1
Alps	1
Also	1
Although	4
Amarus_	2
America	10
American	4
American_	1
Amoebæ	2
Among	3
Amphibian	1
Amphibians	14
An	16
Analysis	1
Anatomical	1
Anatomy	1
Ancient	2
And	23
Andalusia	1
Andes	1
Animal	1
Animalcule	1
Animals	2
Animate	1
Annelids	1
Another	8
Ant-eaters	1
Antarctic	1
Anthropoid	2
Anthropology_	1
Anvil	1
Anyone	1
Apes	1
Apparently	1
April	2
Aptitudes	2
Arabia	1
Arboreal	1
Archive	6
Arctic	5
Area	1
Aristotle	1
Arno	1
Arthropods	4
Arthur	1
Artificial	1
As	25
Ascent	2
Asia	4
Associative	1
Astronomers	2
Astronomical	1
Astronomy	2
Astronomy_	2
Astrophysical	2
At	16
Atlantic	4
Atom	1
Atoms	2
Atromaculatus_	1
August	1
Australia	2
Australian	3
Author	1
B	6
B.	3
B.C	1
B.C.	1
BABY	4
BALANCING	2
BALL	1
BARON	1
BASKET	2
BE	5
BEAUTIFULLY	2
BEAVER	2
BECOME	1
BEETLE	3
BEGIN	1
BEGINNING	4
BEGINNINGS	1
BEHAVIOUR	3
BETWEEN	2
BEUNE	1
BIBLIOGRAPHY	2
BIG	2
BILL	7
BIPED	1
BIRD	3
BIRDS	1
BISON	2
BITTERN	1
BOAR	2
BODIES	3
BOILING	2
BOREALIS	1
BRAGG	1
BRAINS	1
BRANCHES	1
BRAZIL	1
BREACH	2
BREAKING	1
BREAKS	1
BROKEN	1
BROWNIAN	1
BUBBLE	2
BUILT	1
BUT	1
BUTTERFLY	2
BY	12
Babylonia	2
Backwards	1
Baleen	1
Barnard	2
Basket	1
Bates	1
Bavaria	1
Bay	1
Beach	1
Bear	3
Bearing	1
Becoming	1
Becquerel	1
Before	3
Beginner	1
Beginning	1
Behaviour	1
Bell-Animalcules	1
Berenices	1
Berridge	6
Berridge._	4
Berthelot	1
Besides	7
Beta	3
Betelgeux	1
Between	4
Beyond	1
Biology	1
Bird	1
Birds	7
Birth	1
Blues	1
Body	1
Bolton	2
Bolton._	2
Bone	1
Bonnet	2
Books	1
Both	3
Bragg	1
Brazilian	1
Brer	1
Brian	1
Britain	2
British	14
Brocklehurst._	1
Bronze	1
Brownian	1
Brussels	1
Brute	1
Bumbling	1
Burbank	1
Bustard	1
Bustle	1
But	94
By	7
C	2
C.	8
CA	1
CALLED	2
CAMBRIAN	3
CAME	1
CAMOUFLAGE	1
CAMOUFLAGING	1
CANYON	1
CAPTURED	1
CARBONIFEROUS	1
CAREFULLY	1
CAREY	1
CARRIER	1
CARRYING	2
CATCHING	5
CATHEDRAL	2
CAUGHT	1
CAUSE	1
CAVE	3
CAVERN	3
CENTAURI	1
CENTRE	2
CHALK-FORMING	1
CHAPELLE-AUX-SAINTS	1
CHARACTERISTIC	2
CHARLES	2
CHEETAHS	1
CHICKEN	1
CHIEF	2
CHIMPANZEE	8
CIRCLE	1
CIRCUIT	1
CLERK-MAXWELL	2
CLIMBS	1
CLUSTER	1
COCONUT	1
COLONY	2
COLORATION	3
COLOUR-CHANGE	1
COLOURS	3
COMET	4
COMMON	7
COMPARATIVE	1
CONTRACT	1
CORAL	1
CORE	1
COTTON-REEL	2
COUNTING	2
CRAB	2
CRANIAL	1
CRETACEOUS	1
CROMAGNARD	1
CROMAGNON	1
CROOKES	1
CRUST	2
CUCKOO-SPIT	1
CULMINATING	1
CURIOUS	1
CURRENT	2
CUTTLEFISH	4
CUVIER	1
Calcutta	2
Caledonia	1
California	1
Cambrian	2
Cambrian_	1
Cambridge	2
Canada	2
Canes	1
Cape	1
Capelle	1
Carboniferous	7
Care	1
Carnegie	2
Carpenter	1
Case	3
Caucasian	2
Caucasians	2
Caution	1
Cave-men	3
Cavendish	1
Cenozoic	2
Centauri	1
Centigrade	1
Centipedes	1
Central	3
Ceratodus	1
Certain	4
Ceylon	1
Chain	1
Chamberlin	2
Chameleon	1
Change	1
Changes	1
Charles	1
Cheetahs	1
Chemists	1
Chief	1
Chlamydosaurus	1
Church	2
Circling	1
City	1
Civilization_	1
Clavius	1
Coal-measures	1
Cock-paidle	1
Coldrum	1
Collection._	1
College	4
Colour	1
Colour-change	1
Colouring	1
Columbia	1
Columbus	2
Coma	1
Common	1
Comparatively	1
Compare	1
Compared	1
Comparing	1
Compliance	1
Compound	1
Conclusion	1
Conditions	2
Conifer	1
Consequently	1
Consider	1
Consisting	1
Constance	1
Contact	1
Contemp	1
Continent	3
Continental	1
Continents	1
Contrast	1
Cooling	1
Copper	1
Copyright	1
Coronium	2
Corpuscles	1
Corpuscular	1
Cosmos	1
Court	3
Creating	1
Cretaceous	2
Crete	1
Crocodiles	1
Cromagnard	1
Cromagnards	2
Crookes	7
Cross-fertilisation	1
Crustaceans	1
Ctenophores	1
Culture_	1
Curie	1
Cycad	1
Cyril	1
D.P	1
DAMAGES	1
DANIELL	1
DARK	3
DARWIN	5
DAYS	3
DEATH	2
DEEP-SEA	3
DEFLECTION	2
DELICATELY	1
DENTITION	1
DEPARTS	1
DEPENDS	1
DEPOSITORY	1
DEPTHS	1
DIAGRAM	7
DIFFERENT	2
DIMENSIONS	1
DINGO	1
DIRECT-READING	1
DISC	1
DISCHARGE	1
DISCHARGED	1
DISCOVERED	3
DISCOVERY	2
DISGUISE	1
DISTANCE	1
DISTANCES	2
DISTRIBUTOR	1
DISTURBANCE	1
DIVERSE	1
DOG	2
DOMESTICATED	1
DR.	1
DRAGON	1
DRAWING	2
DRAWN	3
DUCK-BILLED	2
DUCKMOLE	2
DYING	1
Dago	1
Dagoes	1
Daily	1
Dalton	1
Dancing	1
Dando	1
Dando._	1
Darwin	11
Dasypeltis	1
Date	1
Daughter	1
David	1
Dawn	1
Day	2
Dead	1
Death	1
Deccan	1
Deep	3
Deep-red	1
Deep-sea	1
Defects	1
Depths	1
Descent	1
Despite	1
Devices	1
Devonian	6
Dewey	1
Differences	1
Difficulties	2
Dinosaurs	1
Diplodocus	1
Dipnoi	1
Director	1
Discovery	1
Disguise	1
Distributed	1
Dividing	1
Do	1
Does	1
Domain	1
Dordogne	1
Doubtless	1
Dove	1
Dover	1
Dr	2
Dr.	7
Dragon-flies	1
Dragons	3
Drawing	1
Drawings	2
Drawn	1
Drought	1
Dry	1
Dublin	1
Dubois	1
Duckmole	1
During	3
Dying	1
Dynasty	1
E	1
E.	5
EACH	3
EAR	1
EARLIEST	1
EARLY	3
EARTH	6
EBOOK	1
EBook	2
ECLIPSE	1
EDDINGTON	1
EDGE-ON	1
EDITED	1
EEL	1
EGG	1
EGGS	2
EIN	1
ELECTRIC	4
ELECTRICAL	1
ELECTRICITY	1
ELECTRIFIED	1
ELECTRON	1
ELECTRONS	6
END	1
ENERGY	2
ENGRAVED	1
ENLARGED	1
ENTANGLED	2
ENTERING	2
ENTERS	1
ENVIRONMENT	1
ERA_	1
ERNEST	1
ESSENTIAL	1
ETHER	3
EUPLECTELLA	1
EVIDENCES	1
EVOLUTION	9
EXAMPLE	1
EXCAVATING	1
EXISTENCE	1
EXPECTATION	1
EXPRESS	1
EXTINCT	3
Each	6
Early	2
Earth	6
Earthworms	1
East	2
Eastern	1
Easygoing	1
Eddington	2
Eels	1
Egypt	2
Egyptian	1
Einstein	2
Electric	1
Electron	2
Electrons	3
Eleventh	1
Elliot	1
Elliott	1
Emergence	1
Empire	1
Energy	6
England	1
English	1
Enormous	1
Enregistered	1
Eoanthropus	1
Eohippus	1
Era	4
Erect	1
Error	1
Establishment	1
Estuaries	1
Euphrates	1
Europe	10
Eurypterids	1
Eustachian	2
Even	6
Evening	1
Every	3
Everyone	2
Everything	1
Everywhere	1
Evolution	11
Evolution._	2
Evolution_	2
Evolutionism	1
Evolutionist	1
Except	2
Executive	1
Experimentation	1
Experiments	2
Expression	1
Extremes	1
F.	5
F.E.S	5
F.E.S._	8
F.Z.S	2
F.Z.S._	3
F3	1
FACE	1
FACING	1
FALCON	1
FALLS	1
FAMILY	1
FAR	2
FEATHERS	2
FEATURE	1
FEMALE	1
FERAL	1
FEW	1
FIG	16
FISH	1
FISHES	3
FLAMING	1
FLATTELY	1
FLIGHTLESS	3
FLINTY	1
FLIPPER	1
FLY-TRAP	1
FLYING	1
FOLK	1
FONT-DE-GAUME	1
FOOD	2
FOR	20
FORAMINIFERA	1
FORE-LIMBS	1
FORESTIER	2
FORMS	2
FOSSIL	1
FOSSILS	2
FOUNDATION	1
FOUNDATIONS	1
FRANCE	1
FRESH	1
FRILLED	1
FROM	14
FRUITS	1
FULL	2
FV	1
Fabre	1
Factors	2
Fairbanks	1
Falls	1
Far	4
Father	1
Fauna_	1
Feathers	1
Fife	2
Fifth	1
Fifty-Foot	1
Fig	5
Finally	1
Firelight	1
First	6
Fish	1
Fishes	4
Five	1
Flagellates	1
Flinders	1
Flying	8
Fog	1
For	25
Foraminifera	1
Forces	1
Forming	1
Formosa	1
Forreri_	1
Fossils	1
Foundation	12
Four-toed	1
Fowl	1
Fox	1
Fox-bat	1
France	3
Frances	1
Frederick	1
French	2
Fresh	1
Freshwaters	1
Fritz	1
Frog	1
Frogs	2
From	25
Frontispiece_	1
Fry	2
Fundy	1
Further	1
Future	1
G.	4
GAMBIAN	1
GAMBIENSE	1
GARMENT	1
GEDDES	1
GEOLOGICAL	1
GIANT	1
GIBBON	3
GIRAFFE	1
GIVE	1
GIVES	2
GIVING	1
GLACIAL	1
GLASS	2
GLUED	2
GOING	2
GOLF	1
GONE	1
GORILLA	3
GR	1
GRADUAL	1
GRAZING	1
GREAT	7
GREENLAND	1
GROUP	1
GUIANA	2
GUTENBERG	2
Galileo	1
Galley	1
Gambier	2
Gamble	1
Gamma	1
General	1
Geological	1
Geologists	1
George	1
Georgics	1
Giant	1
Gibraltar	1
Girdled	1
Given	1
Glacial	1
Glaciations	1
Globigerinid	1
God	1
God-like	1
Golden	1
Gradual	1
Gradually	1
Graptolites	1
Gravitation	1
Gravity	1
Great	8
Greater	1
Greatest	1
Greatly	1
Greece	2
Greek	4
Greeks	2
Greenwich	2
Gregory	1
Grouse	1
Growth	1
Gull	1
Gutenberg	10
Gutenberg-tm	29
H	2
H.	23
HADDON	1
HAND	2
HAS	6
HATCHING	2
HEAD	3
HEAVENS	2
HEIDELBERG	2
HEIGHT	1
HENRY	1
HER	4
HERCULES	1
HERMIT-CRAB	2
HESPERORNIS	1
HIGH	1
HIGHLY	1
HILL	1
HIND-LIMBS	1
HISTORY	2
HJORT	1
HOLDING	1
HOME	1
HOMING	1
HOMOLOGY	1
HORNBILL	1
HORSE	6
HOW	1
HUGE	3
HUMAN	2
HUNTING	1
HUTCHINSON	1
HUXLEY	1
HYDRA	2
HYDROGEN	2
Habits	1
Had	1
Haddington	1
Half	1
Halobatidæ	1
Hard	1
Hare	1
Hart	1
Harvard	2
Hawaii	1
He	23
Heat	1
Heavenly	1
Heidelberg	2
Helmholtz	1
Hemisphere	2
Hence	2
Her	1
Here	7
Hermit-crabs	1
Hermon	2
Hickson	1
Hilger	1
Hinkins	1
Hipparion	1
History	11
Hobhouse	1
Home	3
How	11
However	5
Human	2
Humdrum	1
Hundreds	1
Hunger	2
Hunterian	1
Hunters	1
Hydatina	1
Hydra	1
Hydrostatica_	1
Hypohippus	1
Hypothesis	1
I	2
I.	1
IDENTIFYING	1
IF	2
II	3
III	1
ILLUSTRATING	4
ILLUSTRATION	2
ILLUSTRATIONS	1
IMMENSE	1
IMPERFECT	1
IMPLIED	1
IN	42
INCLINED	3
INCLUDING	1
INCONCEIVABLE	1
INCONCEIVABLY	1
INCREASE	1
INDEMNITY	1
INDIA	2
INDIGENOUS	1
INDIVIDUAL	2
INFLUENCE	1
INHABITS	2
INSIDE	1
INSTRUMENT	1
INSTRUMENTS	1
INTRICATE	1
INTRODUCTION	1
INTRODUCTORY	1
INVISIBILITY	1
INVISIBLE	2
IS	12
ISAAC	3
IT	5
ITS	4
IV	4
Ice	5
Ideas	6
Idiosyncrasies	1
If	47
Ignorabimus	1
Ignoramus	1
Illustration	124
Illustration_	5
Imitation	1
Imperial	2
In	112
Indeed	4
Indetal	1
India	3
Indian	3
Information	2
Ingersoll	1
Insectivore	1
Insects_	1
Instinct	2
Instinct_	1
Instinctive	1
Intelligence	3
Interbreeding	1
Interglacial	1
International	1
Interpretation	2
Irish	1
Iron	1
Is	7
It	199
Its	9
J	15
J.	38
JAMES	1
JAPANESE	2
JAVA	5
JAW	1
JOHN	1
JOSEPH	1
JULY	1
JUPITER	1
James	5
Janes	1
January	2
Japanese	1
Java	3
Jellyfish	2
Jenner	1
John	4
Johnson	1
Johnston	1
Journ	1
June	2
Jungle	2
Jupiter	6
Jurassic	2
Just	1
K.	1
KANGAROO	2
KEANE	1
KEITH	1
KELVIN	2
KIDNEYS	2
KILLING	1
KIND	1
KNOWN	1
KRAIT	2
Kant	1
Keen	1
Keith	4
Kelvin	2
Kent	2
King-crab	1
Kinnaman	1
Knipe	4
Krait	1
Kurtus	1
L	1
L.	1
LA	1
LAMPREYS	1
LAND	1
LAPLACE	1
LARGE	3
LARVÆ	2
LAYERS	2
LAYS	1
LEAPING	2
LEOPARDS	1
LIABILITY	1
LIFE	4
LIFE-HISTORY	3
LIGHT	6
LIGHT-YEARS	1
LIGHTNING	1
LIMBS	1
LIME	1
LIMESTONE	1
LIMITED	1
LINE	1
LIVING	4
LIZARD	1
LOCOMOTION	2
LONG	2
LOST	2
LOWELL	1
LOWER	1
LULL	1
Laboratory	1
Laboratory._	1
Labyrinthodonts	1
Lafayette_	1
Lamp-shell	1
Lancelets	1
Lankester	4
Laplace	1
Larmor	1
Last	1
Later	2
Latro_	1
Law	2
Le	1
LePlay	1
Leadbeater	1
Leadbeater._	1
Learn	1
Learning	1
Leaving	1
Leche	2
Lectures	1
Leibnitz	1
Leonard	1
Leptocephali	1
Leptocephalus	1
Let	4
Library	2
License	7
Lick	3
Life	8
Light	5
Light-waves	1
Lightner	1
Like	2
Likeness	1
Literary	7
Living	2
Lizard	1
Lizzie	3
Lloyd	3
Lockyer	2
Locusts	1
Lodge	1
Logos	1
London	1
Long	2
Longer	1
Looked	1
Looking	1
Lord	2
Lowell	4
Lower	2
Lowest	1
Ltd	2
Ltd._	4
Lull	3
Lull._	1
Luther	1
Lynx	1
M	1
M.C	1
MADE	1
MAGELLANIC	1
MAGNET	2
MAGNETIC	1
MAGNIFIED	1
MAIN	1
MAKING	4
MALE	1
MAMMALS	2
MAMMOTH	2
MAN	23
MAN-OF-WAR	1
MANTIS	1
MARETT	1
MARINE	1
MARS	3
MATTER	3
MAUER	1
MAY	1
MCCABE	1
MCGREGOR	1
MEANS	1
MEANT	1
MEDIAN	1
MESSIER	1
METCALF	1
METEORS	1
MIALL	1
MIDDLE	1
MILES	2
MILLIKAN	2
MILLIONS	1
MIMICRY	1
MINUTE	1
MIOCENE	1
MIXING	1
MODERN	2
MONITOR	1
MOON	7
MORE-PORK	2
MOST	2
MOTH	1
MOTHER	1
MOUNT	1
MOVEMENT	1
MOVING	1
MUD	2
MUD-FISH	1
MURRAY	1
MUSEUM	1
Macmillan	3
Mail_	1
Make	1
Making	4
Making_	1
Malay	2
Mammal	1
Mammals	5
Man	22
Man._	1
Man_	4
Manipulation	1
Mankind	2
Many	16
Mare	1
Marinus_	1
Marquis	3
Mars	12
Marsh	1
Marsh._	1
Marsupials	2
Mastering	1
Mathura	1
Matter	5
Matter._	1
Matthew._	1
Mauer	1
Max	1
May	3
McGregor	3
McGregor._	2
McIntosh	1
McIntosh._	1
Meanwhile	1
Measuring	1
Mediterranean	1
Mediterraneans	1
Melan	1
Men	3
Mendel	1
Mercury	3
Merychippus	1
Mesohippus	1
Mesozoic	3
Messrs	1
Messrs.	1
Metal	1
Metazoa	1
Meteors	1
Method	1
Methods	1
Mexico	1
Mic	1
Middle	2
Milky	6
Millions	1
Millipedes	1
Mind	4
Minnow	1
Minor	1
Miocene	2
Miss	1
Mitchell	1
Mme	1
Modern	2
Molecular	1
Molecules	2
Mongol	1
Mongolian	1
Mongols	1
Monkey	1
Monsters_	1
Moon	4
More	2
Moreover	5
Morgan	1
Moseley	2
Most	3
Moth	3
Moths	1
Motion_	1
Moulton	1
Mount	8
Movement	1
Moving	2
Mr	1
Mr.	5
Much	2
Mud-nests	1
Museum	8
Museum._	2
Museum_	1
Mysteries	1
N.	1
NAME	1
NAMELY	1
NARROW	1
NASAL	1
NATURAL	3
NATURE	1
NAUTILUS	6
NEANDERTHAL	2
NEAR	4
NEBULA	5
NEBULAR	2
NEPTUNE	1
NEST	5
NETWORK	2
NEW	2
NEWCOMB	1
NEWTON	1
NIAGARA	1
NINE	1
NO	1
NORMAN	1
NORTH	1
NORTHERN	3
NOT	1
NOTABLE	1
NOVEMBER	1
NOW	1
NUMBERS	1
NUTS	1
National	1
Natural	7
Naturalists	1
Naturally	1
Nature	7
Naturæ	2
Nautiloids	2
Nautilus	2
Neanderthal	6
Neanderthalers	1
Nebula	1
Nebular	1
Nebulæ	2
Needless	2
Nekton	1
Nematodes	1
Neolithic	6
Neptune	2
Nestor	1
Nevertheless	1
New	9
Newby	1
Newton	3
Niagara	1
Nightjar	1
Ninth	1
No	10
Noctiluca	1
Non-intelligent	1
None	2
Nor	1
Nordics	1
Normally	1
North	7
Not	3
Note	4
Nothing	2
Notice	5
Nototrema	1
November	2
Now	17
Nutritive	1
O.	2
OBJECTS	1
OCTOBER	1
OCTOPUS	2
OF	155
OFF	1
OFFSHOOT	1
OKAPI	1
OLCOTT	1
OLD	1
OLIVER	1
ON	12
ONE	1
ONLY	2
OPEN	1
OPEN-SEA	1
OPOSSUM	1
OPOSSUMS	2
OR	15
ORANG	3
ORANG-UTAN	2
ORDOVICIAN	1
ORION	2
ORIONIS	1
OSBORN	1
OTHER	2
OTTER	1
OUR	1
OUTBURSTS	1
OUTLINE	2
OVER	1
OWNER	1
Objects	1
Observatory	10
Observatory._	3
Observatory_	1
Occasionally	1
Ocean_	1
Oceans	1
October	3
Of	14
Okapi	2
Old	6
Older	1
Oligocene	1
Oliver	1
On	10
One	13
Online	1
Only	3
Ontario	1
Opalina	1
Open	2
Opossums	1
Or	2
Ordovician	1
Organic	3
Origin	3
Orohippus	1
Osborn	2
Other	9
Others	2
Our	7
Outline	6
Owen	1
P.	6
PAINTINGS	1
PALM	1
PAPER	1
PARENTS	1
PARIASAURUS	1
PARTICLES	3
PARTNER	2
PASSAGE	2
PASSING	1
PAUL	1
PEARLY	1
PECULIAR	1
PELICAN	1
PENGUIN	2
PENGUINS	1
PEOPLE	1
PERHAPS	4
PERIOD	5
PERIPATUS	2
PETREL	1
PHENOMENA	1
PHOTOGRAPH	9
PHOTOGRAPHED	1
PICTORIAL	2
PIECE	1
PIGEON	2
PILTDOWN	3
PIN	1
PITHECANTHROPUS	1
PLACE	2
PLAIN	1
PLANETS	2
PLANT-LIKE	2
PLANTS	1
PLATE	1
PLATE-HOLDER	1
PLEASE	1
PLEISTOCENE	2
PLIOCENE	1
POCKETS	2
PODARGUS	2
POINT	1
POISONOUS	2
POLAR	2
POLYPS	1
PORTUGUESE	1
POSSIBILITY	1
POUCH	2
POWER	2
POWERS	2
PRAYING	1
PRECEDING	1
PREDECESSORS	1
PREHISTORIC	1
PRESENT	1
PRESERVED	1
PRICE	1
PROCESSION	1
PRODUCED	1
PROFESSOR	7
PROFILE	3
PROJECT	2
PROMINENCES	2
PROTECTIVE	5
PROTEROSPONGIA	1
PROTOPTERUS	1
PTERODACTYL	1
PUFFIN	1
PURPOSE	1
PYCRAFT	1
Pacific	5
Pallas	1
Palæolithic	2
Palæozoic	3
Paper	1
Parent	1
Parental	2
Park	3
Park._	2
Part	1
Partly	1
Pascal	1
Past	1
Patagonia	2
Pearly	2
Pelagica_	1
Penguins	1
People	1
Peopling	1
Peppered	1
Perhaps	9
Periophthalmus	1
Peripatus	2
Permian	4
Perrin	1
Peter	1
Phalangers	1
Photo	47
Photograph	1
Physical	2
Physics	1
Physics_	1
Physiological	1
Pickering	1
Picture	1
Pigeon	1
Piltdown	2
Pithecanthropus	3
Placentals	1
Plain	3
Plainly	1
Planarian	1
Planarians	1
Plankton	2
Plants	1
Platypus	1
Play	2
Pleistocene	2
Pliocene	3
Pliohippus	1
Plover	2
Polar	2
Poles	1
Polish	1
Polynesian	1
Pontobdella	1
Portuguese	1
Post-Glacial	1
Potential	1
Power	1
Praying	1
Pre-Cambrian	1
Pre-Dravidians	2
Present_	1
Press	5
Primate	4
Primates	8
Primitive	2
Principles	1
Printing	6
Probably	2
Procession	1
Produced	1
Prof.	2
Professor	37
Progress	1
Project	44
Proof	2
Proofreading	1
Prospect	1
Proterozoic	1
Protozoa	10
Protozoon	4
Prout	1
Psychology	1
Pterodactyl	1
Pterodactyls	2
Pterosaurs	1
Publishing	2
Punnett	1
Pupil	1
Put	3
QUANTITY	2
Quart	1
Quaternary	1
Queensland	1
Quick	1
Quickness	1
R	1
R.	6
RACE	1
RADIUM	3
RAYS	1
RECONSTRUCTED	1
RECONSTRUCTION	2
REEF-BUILDING	1
REFRACTING	1
REFRACTOR	1
REFUND	1
REGARDS	1
REGION	1
RELATED	1
REMAINS	1
REMARKABLE	2
REPLACEMENT	1
REPRESENTATIVE	1
REPTILE	3
RESEMBLANCE	2
RESTORATION	1
RESTORED	2
REVEALING	1
REVEALS	1
RHODESIA	1
RHODESIAN	1
RIGHT	1
RISING	1
ROBBER-CRAB	1
ROOF	1
ROOTS	1
ROTATING	3
ROUNDED	1
RUTHERFORD	1
Races	1
Radiant	1
Radio-active	1
Radiolarians	3
Radium	4
Radium_	2
Ramsay	2
Rational	1
Rayleigh	1
Rays	1
Reason	3
Recent	2
Record	1
Red	3
Redistributing	1
Reflex	1
Regard	1
Regions	2
Reindeer	3
Relationship	2
Reliable	1
Religiosa_	1
Report	4
Report_	1
Representatives_	1
Reproduced	6
Reproduction	1
Reptiles	3
Reptilian	1
Results	1
Retrospect	1
Revenue	1
Rhizopods	2
Rhodesian	1
Riddle	1
Rischgitz	6
Rischgitz._	1
Rise	3
Ritchie	2
Riviera	1
Robber	1
Robber-Crab	2
Robinson	1
Rock	2
Romance	1
Romanes	2
Rome	1
Rotifer	1
Royal	6
Running	1
Russell	1
Rutherford	4
Röntgen	4
S	1
S.	11
S.C.	1
SALMON	1
SALTS	1
SAME	1
SAND-PIT	1
SARGASSO	1
SATURN	3
SCALE	1
SCANDINAVIA	3
SCANTY	1
SCARLET	1
SCENE	2
SCIENCE	3
SCOOPING	1
SEA	7
SEA-ANEMONE	2
SEA-ANEMONE-LIKE	1
SEA-CUCUMBER	1
SEA-HORSE	1
SEASON	2
SEASONAL	1
SECTION	1
SEEN	3
SEIZING	2
SEND	1
SEPTEMBER	1
SERVISS	1
SEVEN	1
SEX	1
SHADOW	2
SHAPE	1
SHAPES	1
SHELL	4
SHOEBILL	1
SHORE	1
SHORE-POOLS	1
SHOWING	6
SHOWS	2
SIDE	1
SIDE-VIEW	4
SIDEWAYS	1
SIFTING	2
SILK	2
SILVANUS	1
SIMILARITY	1
SIMPLE	2
SIMPLY	1
SIR	7
SITE	1
SIX	1
SIZE	2
SIZES	3
SKELETON	3
SKELETONS	2
SKULL	7
SKULL-CAP	1
SLOWING	1
SMALL	10
SO	2
SOBRAL	1
SOLAR	8
SOLDIER	1
SOLLAS	1
SOMETIMES	1
SOUTH	2
SPAIN	2
SPARK	2
SPAWN	1
SPECIALIZED	1
SPECIES	1
SPECTACLE	2
SPECTRA	1
SPECTROSCOPE	3
SPEED	1
SPIDER	2
SPIRAL	4
SPONGE	2
SPOONBILL	2
SPRING	1
SQUID	2
STAGE	1
STAGES	2
STAR	2
STARFISH	3
START	1
STICKLEBACK	3
STORING	1
STORM	1
STORY	2
STREAM	1
STRIKE	1
STRONG	1
STRUCTURE	2
STRUGGLE	1
SUCCESSIVE	1
SUCH	2
SUGGESTED	2
SUMMER	2
SUN	6
SUN-SPOT	1
SUNNING	1
SURFACE	3
SYSTEM	3
Sake	1
Sally	1
Salmon	2
Salt	2
Sand-grouse	1
Sandstone	2
Sargasso	1
Saturn	8
Saunders	2
Scale	1
Schultze	1
Sci	1
Sci._	1
Science	9
Scientific	2
Scotland	3
Scotland_	1
Scots	1
Sea	1
Sea-lilies	1
Sea-meadows	1
Sea-scorpions	1
Sea_	1
Second	2
Section	2
See	2
Semites	1
Senses	3
Sept.	1
September	2
Sequoia	1
Series	1
Seventh	1
Sex	1
Shall	1
She	3
Sheer	1
Shepstone	1
Shepstone._	1
Sheriff	1
Shifts	1
Shore	1
Shore_	3
Showing	6
Sickness	3
Sight	1
Silurian	1
Simian	2
Similar	2
Similarly	3
Simon	1
Simple	3
Simply	1
Since	1
Sir	26
Sleeping	1
Slipper	1
Slowing	1
Sluggish	1
Small	1
Smith	1
Smithsonian	5
Snow	1
So	13
Society	1
Society._	1
Soddy	3
Solar	3
Some	31
Something	1
Sometimes	1
Son	1
Sorting	1
South	1
Spain	1
Spanish	1
Special	1
Species	1
Spectroscope	3
Speed	1
Spencer	1
Spiral	1
Splitting	1
Sponge	1
Sponges	1
Spongillidæ	1
Sporozoa	1
Squirrels	1
St.	1
Stages	1
Star-Book_	1
Starfish	1
Starling	1
Stars	6
Stars_	2
States	5
Stephen	2
Still	2
Stock	2
Stockholm	1
Stockholm._	1
Stocks	1
Stone	5
Story	4
Subtlest	1
Such	4
Sun	5
Sun-spots	1
Surgeons	2
Surinam	1
Surprising	1
Sussex	3
System	11
T	1
T.	1
TAKEN	1
TASSEL	2
TEARING	1
TELESCOPE	2
TH	1
THAN	1
THAT	4
THE	200
THEIR	4
THEM	5
THEN	1
THEORY	2
THERE	2
THEY	2
THIS	7
THOMAS	1
THOMPSON	1
THOMSON	4
THOSE	1
THOUGH	1
THREADS	2
THREE	1
THROUGH	3
TIDE	1
TIDES	1
TIMES	1
TIMES_	2
TO	16
TO-DAY	1
TOAD	2
TOOTHED	1
TORTOISES	1
TOTAL	1
TRACT	2
TRANSFORMATION	2
TRANSPARENT	1
TRAVELLING	2
TREE	4
TRENT	2
TRIASSIC	2
TRYING	1
TRYPANOSOMA	1
TUBE	1
TYLOR	1
TYPICAL	1
Tacchini	1
Take	1
Taken	1
Taste	1
Team	1
Telescope	1
Temperature	1
Tentative	1
Terms	2
Terrestrial	1
Tertiary	1
That	14
The	490
Their	4
Then	3
Theory	1
There	91
Therefore	2
These	18
They	55
Things	1
Third	3
This	64
Thomson	6
Thorndike	3
Those	3
Three-toed	2
Throughout	1
Thrush	1
Thus	19
Times	1
To	14
To-day_	5
Total	1
Towards	1
Tree	1
Trial	1
Triassic	4
Trilobites	2
Trinil	1
Tropisms	2
True	1
Trypanosome	1
Tse-tse	1
Turtles	1
Twice	2
Two	4
U	2
U.S.	1
UNIVERSE	2
UNIVERSITY	2
UP	1
UPPER	1
UPWARDS	2
UT	1
Under	2
Underwood	1
Underwood._	1
Unfortunately	1
Unique	1
United	9
Universe	1
Universe_	1
Universes	1
University	1
Unless	1
Until	4
Upper	4
Uranium	3
Uranus	2
Use	3
Using	1
Usually	1
V	1
VACUUM	1
VARIABLE	1
VARIOUS	2
VEGA	1
VEGETARIAN	1
VENUS	3
VERY	2
VI	3
VIEW	2
VII	1
VIII	1
VISIBLE	3
VOLUMES	1
VORACITY	1
Van	1
Vanilla	1
Variable	2
Vast	1
Vegetable	1
Venus	4
Verrier	1
Very	5
Victoria	2
Victorian	1
View	1
Views	1
Vol	2
Volvox	1
Vue	1
Vulgaris_	1
W.	17
WALL	3
WALLACE	1
WALTON	1
WAR	1
WARRANTY	1
WARTY	2
WAS	1
WASP	1
WASP-LIKE	2
WATER	1
WATER-SPIDER	1
WATER-WEED	2
WATERS	1
WAVE	1
WAVES	1
WAY	2
WEED	1
WHALE	2
WHAT	5
WHEN	3
WHICH	18
WHOSE	1
WILD	3
WILL	1
WILLIAM	1
WILSON	1
WING	2
WINTER	1
WITH	7
WOLF-DOG	1
WONDERFUL	2
WOODPECKER	1
WOOLLY	1
WORK	2
WORLDS	1
WOULD	1
WOUNDED	1
Walking	1
Wallace	1
War	4
Ward	13
Watch	1
Water-fleas	1
Waterhouse	1
Way	7
Ways	1
We	94
Web	1
West	2
What	28
Wheat	3
Wheel	1
When	31
Whence	3
Where	1
Wherever	1
Whether	2
While	2
White	3
Whitman	1
Who	1
Why	1
Wild	5
Wilkinson._	1
Will	1
William	4
Willow	1
Wilson	8
Wit	2
With	4
Within	1
Without	2
Wits	1
Wm	1
Wolf	1
Wonders	2
Wood	1
World	4
Would	1
X-RAY	2
X-RAYS	1
X-Rays	1
X-ray	1
X-rays	6
Y.S	1
YAWNING	1
YEARS	3
YELLOW	2
YERKES	2
YOU	3
YOUNG	4
YUCCA	1
Year	1
Yerkes	10
Yet	6
York	5
Yorkshire	1
You	9
Young	2
Yucca	4
ZETA	1
ZOOPHYTE	2
Zealand	3
Zoo	1
Zoological	7
Zostera	1
[	118
]	123
_	12
_100-inch	1
_A	1
_After	6
_Anguilla	1
_Anolis_	1
_Antiquity	1
_Archæopteryx_	2
_Asterias	1
_Beagle_	1
_Birgus	1
_By	1
_CHIASMODON	1
_Cambrian_	1
_Carboniferous_	2
_Challenger_	1
_Chiasmodon	1
_Coloured	6
_Constitution	1
_Curiosities	1
_Darwin	1
_Darwinism	1
_Darwinism._	1
_Descent	2
_Draco	1
_Each	1
_Electrons_	1
_Essence	1
_Euplectella_	1
_Even	1
_Evolution	2
_Evolution_	1
_Field	1
_First	1
_From	3
_History	2
_Homo	1
_In	1
_Inorganic	1
_Jurassic_	1
_Kallima	2
_Life	1
_Limulus_	1
_Lingulella_	1
_Lower	1
_MESOZOIC	1
_Mantis	1
_Mars	1
_Matter	1
_Melanocetus	1
_Men	1
_Miocene_	1
_Most	1
_Natural	1
_Nature_	1
_Nautical	1
_Nautilus	1
_Nebula	1
_Noli	1
_Oligocene_	1
_Origin	1
_Ornithoscatoides	1
_Outline	1
_PALÆOZOIC	1
_PETROMYZON	1
_PROTEROZOIC	1
_Peripatus_	1
_Photo	43
_Photograph	1
_Photos	3
_Physophora	1
_Pipa	2
_Pithecanthropus	1
_Pliocene_	2
_Popular	1
_Procellaria	1
_Reason_	1
_Reproduced	5
_Rhacophorus_	1
_Salmo_	1
_Semnopithecus	1
_Semotilus	1
_Silurian_	1
_Story	1
_The	15
_These	1
_They	1
_Thinopus_	1
_Triticum	1
_Tupaia_	1
_Upper	1
_Varanus_	1
______________________________________	1
________________________________________________________________	1
_______________________________________________________________________	5
_a	3
_a_	1
_alevins_	1
_and	1
_area_	1
_b-c._	1
_b_	3
_basal	1
_before	1
_between_	1
_c-f._	1
_c_	4
_conceptual_	1
_consumers_	1
_d-e._	1
_distance_	1
_double-breather_	1
_embryological_	1
_equatorially_	1
_everything_	1
_factors_	1
_fry_	1
_gave	1
_great_	1
_how_	1
_human_	1
_humanoid_	1
_identity_	1
_instinctively_	2
_intelligent	1
_is_	1
_light_	1
_lost	1
_miles	1
_mutually_	1
_natural	1
_next_	1
_not_	2
_number_	1
_omit_	1
_one	2
_our	1
_outside_	1
_parr_	1
_peoples_	1
_perceptual_	1
_physiological_	1
_planets_	1
_positions_	1
_producers_	1
_progressive	1
_property_	1
_proved_	2
_qui	1
_raison	1
_reflect_	1
_reflector_	1
_reflectors_	2
_refractor_	1
_refractors_	1
_regulated_	1
_revolve	1
_second_	1
_see_	1
_smolts_	1
_sperm_-cell	1
_tends	1
_tentative_	1
_that	1
_the	1
_they	1
_to	2
_total_	1
_two_	1
_unavailable_	1
_very_	1
_vice	1
_we	1
_when	1
_with	1
``	228
a	1241
abandoned	2
abdomen	1
ability	2
able	18
aboriginal	1
about	87
above	19
abroad	1
abrupt	1
absence	4
absent	3
absolute	1
absolutely	1
absorbed	6
absorbing	2
absorption	2
abundance	3
abundant	6
abundantly	2
abyssal	1
abysses	5
accept	2
accepted	2
accepting	1
access	4
accessible	1
accident	1
accidental	1
accompanied	1
accomplished	1
accomplishment	2
accordance	1
according	7
account	4
accounted	1
accumulate	2
accumulating	3
accumulation	1
accumulations	1
accuracy	2
accurate	1
accurately	1
accustomed	2
achievement	2
achievements	1
acid	2
acorn-shell	1
acquire	2
acquired	4
acquires	1
acquisition	2
acquisitions	3
across	12
act	5
action	13
actions	7
activated	1
active	10
actively	2
activities	6
activity	13
acts	7
actual	5
actually	9
acute	1
adaptation	2
adaptations	5
adapted	9
adaptive	3
add	1
added	3
addition	3
additional	1
address	1
adds	1
adequate	1
adjust	1
adjusted	1
adjusting	2
adjustment	1
adjusts	1
admirable	3
admire	1
admit	2
admits	1
admitted	4
adopted	2
adult	4
adults	1
advance	7
advanced	2
advances	5
advancing	3
advantage	8
advantageous	2
advantages	2
advent	1
adventure	4
adventurous	1
advertisement	1
advice	1
aerated	1
aerates	1
aeration	1
aerial	2
aeroplane	1
affairs	3
affect	4
affected	2
affecting	2
affection	2
affectionate	1
affiliation	2
affinities	1
afford	2
afforded	1
affording	2
afresh	2
after	31
afterwards	6
again	25
against	20
age	22
agee	1
agencies	2
agent	1
ages	14
agglomerations	1
agile	1
agility	1
agitated	1
agitation	1
ago	23
agoing	1
agree	4
agreed	1
agreement	12
agriculture	1
ahead	1
aim	2
aimless	1
air	49
air-breathing	1
air-bubble	1
air-dome	1
air-sacs	1
air_	1
albatross	1
albumin	1
alchemy	1
alertness	3
alga	1
aliens	1
alike	1
alive	2
all	138
all-pervading	1
allantois	1
allied	3
alligator-like	1
allow	5
allowed	4
allowing	3
allows	2
alloy	1
almost	28
alone	6
along	16
alongside	2
alphabet	1
already	7
also	42
alter	2
alteration	1
alterations	2
altering	1
alternate	2
alternation	1
alternative	2
although	14
altogether	4
always	21
am	1
amateur	1
amazing	1
amid	1
amidst	1
amnion	2
amoeba	1
amoeboid	3
among	18
amongst	5
amount	15
amounts	2
amphibian	1
amphibians	7
an	224
analyse	1
analysed	2
analysis	1
analytical	1
anatomical	1
anatomises	1
anatomist	1
ancestor	1
ancestors	8
ancestral	1
ancestry	2
anchoring	1
ancient	10
ancients	1
and	1341
angel	1
angle	3
angler	1
angles	2
animal	49
animalcule	2
animalcules	2
animals	115
animate	1
annihilated	1
announce	1
annual	1
another	50
answer	15
answered	1
answers	2
answers-back	1
ante-natal	6
anthropoid	10
anthropologist	1
anthropology	1
anticipated	1
anticipating	1
anticipations	1
antique	1
antiquity	3
antlers	1
ants	5
anvil	3
any	71
anyhow	1
anyone	5
anything	4
anywhere	1
apace	1
apart	8
ape	5
ape-man	1
apes	4
apparatus	4
apparent	4
apparently	5
appear	11
appearance	6
appeared	5
appearing	1
appears	5
appendage	1
appended	1
appendicitis	1
appendix	1
applied	2
applies	4
apply	1
appreciable	1
appreciate	2
appreciation	3
apprehend	2
apprehension	1
apprenticeship	8
approach	2
approaches	2
approaching	1
appropriate	3
appropriately	1
approximate	2
approximately	6
apt	5
aptitudes	2
aptitudes_	1
aquatic	2
arboreal	10
arc-lamp	1
archaic	1
are	452
area	4
areas	4
argue	1
arguing	1
arguments	1
aridity	2
arise	4
arisen	3
arises	2
aristocracy	1
aristocrat	1
arm	3
armadillos	1
armour	2
armoured	1
arms	4
arose	4
around	6
arrange	2
arranged	4
arrangement	3
array	1
arrested	2
arrived	1
arrow	2
arrow-worms	1
article	3
articles	1
artificial	4
artificially	2
artistic	1
as	368
ascend	1
ascending	1
ascends	2
ascent	5
ascertain	1
ascertained	1
ascribe	1
ascribed	1
asexual	2
ash	1
aside	3
ask	1
asked	3
asking	1
asks	2
aspect	3
aspects	3
assert	1
assign	1
assist	1
assistance	1
assisted	1
associate	1
associated	15
association	4
associations	4
associative	3
assortment	1
assume	1
assumption	1
assurance	1
assured	1
astonished	3
astonishing	1
astonishment	1
astounding	2
astronomer	7
astronomers	17
astronomical	1
astronomy	6
asunder	1
at	203
atmosphere	11
atom	37
atom._	1
atom_	2
atomic	5
atoms	48
attach	1
attached	3
attack	1
attacked	1
attained	5
attaining	1
attainment	1
attempt	2
attempts	3
attend	2
attendance	1
attendant	1
attended	1
attention	5
attitude	2
attract	1
attracted	1
attracting	1
attraction	4
attractive	1
attributed	1
audacity	1
auk	1
aurora	1
auroral	1
authorities	5
automatic	4
autumn	2
available	4
average	5
averaged	1
avoid	3
avoiding	2
aware	4
awareness	4
away	31
awkward	3
awns	1
axes	1
axis	8
b	1
baby	3
bacillus	1
back	37
back-teeth	1
backbone	2
backboned	4
backboneless	3
backed	2
background	4
backwards	6
bacteria	3
bad	1
badly	2
bag	1
bags	1
baits	1
balance	4
balancing	2
ball	4
balloon	2
band	1
bank	4
bark	2
barriers	1
bars	3
base	3
based	4
basins	1
basis	6
bask	1
basket	2
bass	1
bat	1
bats	7
battery	1
bay	1
be	326
beach	1
beads	1
beak	4
beak-like	1
bear	4
bearing	4
bears	4
beasts	2
beat	2
beaten	1
beating	2
beautiful	12
beautifully	1
beaver	1
beavers	1
became	17
because	27
become	33
becomes	16
becoming	7
bed	1
beds	4
bee	4
been	148
bees	4
beetles	1
beetling	3
before	34
began	24
begin	8
beginning	23
beginnings	2
begins	3
begun	4
behave	1
behaves	1
behaviour	32
behaviour-variations	1
behind	5
behold	1
being	38
beings	1
belief	3
beliefs	1
believe	10
believed	5
bell	4
bell-like	1
bells	1
belong	6
belonged	1
belonging	1
belongs	2
below	11
belt	1
belts	1
beneath	6
benefactress	1
beneficial	2
benefit	1
benevolence	1
bent	1
berry	1
beset	1
beside	1
besides	6
best	9
better	12
bettered	1
between	49
bewildering	1
beyond	11
beyond-blue	1
bibliographies	1
big	20
big-brain	2
big-brained	2
bigger	1
bilateral	2
bill	1
billiard	2
billion	2
billions	2
bind	1
binoculars	1
biological	2
biologists	1
bipedal	3
bird	30
bird-dropping	2
birds	29
birth	5
birthplace	1
biscuit	2
bison	1
bit	2
black	7
blackest	1
bladder	1
blades	1
blame	1
blanket	1
blanketing	1
blankets	1
blaze	1
blazing	1
bleeding	1
blind	2
blindly	1
blood	13
blood-relationship	2
blood-vessel	2
bloom	1
blow	1
blowing	1
blown	2
blows	1
blue	10
blue-greens	1
bluish	1
blushing	1
board	3
boast	1
bodies	12
bodily	7
body	69
body-cavity	1
body-making	1
boiling	2
boiling-point	2
boils	1
bolt	2
bolts	1
bombarded	1
bone	4
bones	4
bony	2
book	4
books	2
boom	1
boon	1
bootlace	1
booty	1
borealis	1
born	5
borne	5
borrowed	1
botanists	1
both	21
bottle	1
bottom	3
bound	5
boundary	1
box	2
boxed	1
brackish	2
brain	18
brain-box	1
brain-development	1
brain-mind	1
brains	5
brake	1
branch	13
branch-gripping	1
branched	1
branches	10
branching	1
brave	1
bread	1
break	1
breaking	6
breaks	3
breast	1
breast-bone	2
breast-pocket	1
breathe	6
breathes	2
breathing	5
breed	1
breeds	2
breezy	1
brick	2
bricks	3
bridges	2
brief	2
briefly	2
bright	10
bright-green	1
brightest	1
brightly	2
brilliant	7
brilliantly	1
bring	5
bringing	3
brings	3
brisker	1
bristle	1
brittle-star	1
broad	4
broadcast	1
broader	1
broke	1
broken	6
brooding	1
brook	1
brothers	1
brought	9
brown	5
browns	1
bruising	2
brusque	2
brute	1
bubble	2
buckling	1
budding	1
buds	1
bug	1
build	5
building	4
builds	1
built	9
bulges	1
bullet	3
bunch	2
buns	3
buoyed	1
burdens	1
buried	3
burned	1
burning	1
burrow	1
burrower	1
burrowers	2
burrowing	2
burrows	1
business	2
but	176
butterfish	1
butterflies	1
buttonholes	1
buttons	1
buys	1
by	289
bygone	1
c	3
cabbages	1
cactus	1
cage	1
calcareous	1
calculate	1
calculated	2
calculates	1
calculating	2
calculation	1
calendar-keeping	1
call	20
called	49
callous	1
calls	5
calm	2
calves	1
came	16
camouflage	1
camouflaging	2
can	131
canal	2
canals	4
canine	2
capable	2
capacious	1
capacities	3
capacity	4
capped	1
captivated	1
capture	2
captured	3
capturing	1
carapace	1
carbohydrates	1
carbon	5
carbonic	1
carcass	1
card	1
cardboard	3
cards	3
care	10
careful	6
carefully	2
cargo	1
caricature	1
caries	1
carnivore	1
carnivorous	2
carried	4
carries	3
carry	7
carrying	4
case	31
casein	1
cases	31
casque	1
cast	1
casts	1
casual	1
cat	2
cataract	1
catch	1
catches	1
catching	1
caterpillar	2
caterpillars	5
cats	1
cattle	1
caught	2
cauliflower	1
cause	3
causes	8
caution	2
cautions	1
cautious	1
cave	2
cave-bear	1
cave-lion	1
cave-men	1
cavern	2
caves	2
cavity	2
cease	1
ceaseless	1
ceases	1
cell	4
cells	17
cellulose	1
cent	2
centimetre	1
centipede	1
centipedes	2
central	6
centre	8
centres	4
centrifugal	1
centrosomes	1
centuries	2
century	7
cereal	1
cerebration	1
certain	32
certainly	6
certainty	1
cetaceans	1
chaff	1
chaffinch	1
chain	1
chalones	1
chamber	2
chameleon	3
chance	2
chances	2
change	19
change-producing	1
change-provoking	1
change._	1
changed	6
changeful	1
changefulness	3
changes	17
changing	2
channels	1
chaotic	1
chapter	10
chapters	2
char	1
characteristic	4
characteristics	1
characters	4
charge	6
charged	1
charges	2
chasing	1
check	4
checked	1
cheek-bones	1
chemical	19
chemist	3
chemistry	2
chemists	2
chequer	1
chequered	1
chest	1
chick	1
chicks	1
chief	4
chiefly	5
child	6
children	1
chimpanzee	5
chisel-edged	1
chitin	2
chlorophyll	4
chlorophyll-possessing	1
choose	1
choosing	1
chose	3
christened	1
chromatophores	1
chromosomes	2
chromosphere	1
chrysanthemum	1
cilia	2
cinder	1
circle	4
circles	1
circuit	2
circuits	1
circular	2
circulating	5
circulation	2
circumference	1
circumstances	3
circumvent	1
circumvented	1
cities	2
citing	1
civilisation	7
civilisations	1
claim	1
claimed	1
claims	1
clams	1
clap	1
claspers	1
class	4
classes	6
classified	1
clauses	1
clawed	1
claws	4
clear	11
clear-cut	1
clearer	1
clearly	8
clearness	1
cleaver	1
clefts	1
clever	7
cleverer	2
cleverness	3
cliffs	2
climate	6
climax	5
climb	1
climbs	2
cling	3
cloaked	1
clock	3
clock-work	1
close	9
close-packed	1
closely	4
closer	1
closes	1
closing	2
cloth	1
clothes	1
clothing	1
cloud	2
cloud-like	1
cloud-screen	1
clouded	1
cloudlets	1
clouds	5
cloudy	1
club	1
club-moss	2
clue	1
clues	1
cluster	2
clusters	2
co-operating	1
co-operation	2
coal	5
coal-field	1
coal-fields	1
coal-measures	1
coast	1
coastlines	1
coasts	1
coat	1
coatings	1
coaxing	1
coccyx	1
cock	1
coco-nut	1
coconuts	1
cocoon	2
cod	1
codes	1
coercion	1
cogged	1
coherence	1
cohesion	1
coil	2
coin	2
coincidences	1
cold	13
coldest	1
collar	1
collared	1
collaterals	1
collect	1
collecting	1
collection	5
collects	2
collision	1
collisions	1
colonise	1
colonising	1
colony	5
colony-making	1
coloration	4
colossal	1
colour	28
colour-cells	2
colour-change	2
colour-resemblance	1
colour-scheme	1
colour-varieties	1
coloured	10
colouring	1
colours	19
combination	2
combination-boxes	1
combinations	1
combined	1
combustible	1
combustion	1
come	25
comes	11
comet	6
comets	3
coming	6
commands	1
commercial	1
committed	1
common	12
commonly	1
communicate	1
communicating	1
communication	1
communications	1
community	2
compact	1
compactness	1
companion	1
company	2
comparable	6
comparative	1
comparatively	3
compare	1
compared	5
comparing	1
comparison	5
compartment	1
compass	1
competition	3
compilation	1
complete	11
completed	2
completely	4
complex	10
complexity	3
compliance	1
complicated	5
comply	2
complying	2
compose	1
composed	9
composition	4
compounded	2
compounds	2
comprehension	1
comprehensive	1
compressed	1
comprised	2
comprises	1
compromise	1
computers	1
concavity	1
concealed	2
concedes	1
conceivable	1
conceive	1
concentrated	1
concentric	1
concept	2
conception	7
concepts	1
conceptual	1
concern	1
concerned	4
concise	1
conclude	2
conclusion	4
concrete	2
condensation	2
condense	1
condensed	5
condition	4
conditions	22
conductor	1
conductors	1
confer	1
confessed	1
confine	1
confined	2
confirmed	1
conflagration	2
confusion	1
conger-eels	1
conical	1
conifers	1
conjectural	1
conjectures	1
conjugal	1
conjugation	1
conjunction	1
connect	1
connected	4
connection	9
conquer	1
conquered	1
conquering	2
conquest	2
conquests	1
conscious	3
consequence	2
consequences	3
consequent	1
consequently	1
conservative	1
consider	10
considerable	11
considerably	2
consideration	3
considerations	1
considered	7
considering	2
considers	1
consist	2
consisted	6
consistently	2
consisting	1
consists	5
consort	1
conspicuous	7
constant	10
constantly	3
constituent	3
constituents	3
constitute	1
constituted	1
constitutes	2
constituting	1
constitution	8
constitutional	2
construct	1
constructed	2
constructing	1
construction	3
constructive	2
consumed	1
contact	3
contain	3
contained	4
containing	3
contains	3
contemporaneously	1
contending	1
content	3
contents	1
continental	2
continents	3
contingents	1
continual	2
continually	8
continuance	4
continuation	2
continue	4
continued	5
continues	3
continuous	5
contractile	1
contracting	1
contraction	2
contrary	1
contrast	2
contrasted	2
contrasts	2
contributed	1
contributions	3
control	6
controlled	6
controlling	1
controversy	2
convenient	1
conveniently	1
converge	1
convergence	1
convergences	1
convert	2
converted	1
conveying	1
conveys	1
convinced	1
convinces	1
convincing	2
convincingly	1
convolutions	1
cooled	2
cooler	2
coolest	2
cooling	6
cooperated	1
cooperative	1
copies	3
copper	10
copy	6
copying	3
copyright	2
coral	3
coral-reefs	1
coral-snake	1
corals	1
cord	2
cords	1
core	3
cork	1
cormorants	1
corner	5
corners	3
corona	4
corporation	1
corpuscles	2
correct	2
correspond	2
corresponding	6
corresponds	6
cosmic	1
cosmopolitan	1
cost	4
cotton	1
cotton-reel	1
coughing	1
could	31
count	3
counted	4
counteract	1
counterbalances	1
counterpart	1
counting	1
countries	2
country	7
counts	1
course	24
courtship	1
cousin	1
cover	1
covered	5
covering	4
covers	1
coyote	1
crab	9
crabs	1
cracks	1
cradle	4
cradles	1
cranial	1
crashing	1
craters	4
crayfish	1
create	2
created	5
creates	1
creating	2
creation	4
creations	2
creature	21
creatures	36
credit	6
credited	1
credulous	1
creek	1
creeping	2
cremated	1
crest	4
crevice	1
critical	1
crittur	1
croaking-sacs	1
crocodile	2
crocodiles	3
crop	2
cropped	1
crops	1
cross	2
cross-fertilisation	1
cross-striped	1
crosses	2
crow	1
crowd	2
crowded	4
crowds	3
crown	2
crowning	1
crude	1
crumbs	2
crunching	1
crusher	1
crushing	1
crust	5
crustaceans	1
cry	1
cryptozoic	1
crystal	1
crystals	2
cubic	3
culminating	1
cultivated	4
culture	1
curiosity	2
curious	4
curiously	1
curly-or	1
current	13
currents	4
curved	3
curves	1
customs	1
cut	3
cuticle	1
cuts	1
cutting	2
cuttlefishes	3
cylindrical	2
daily	1
daisy	1
dam	2
damage	2
damaged	1
damp	1
dancers	1
dancing	1
danger	2
danger-note	1
dangerous	5
dangers	1
dare	2
daring	1
dark	13
darkened	1
darker	1
darkest	1
darkness	3
dart	1
darted	1
dashes	1
data	1
date	4
dates	1
dating	1
daughter-buds	2
daughter-cells	1
daughter-units	2
dawn	7
day	22
daybreak	1
days	19
days_	1
dead	8
deadly	1
deal	13
dealing	5
deals	2
dealt	6
death	11
debased	1
debatable	1
debris	1
debt	1
debts	1
decanter	1
decaying	1
decide	1
decided	2
declared	1
decline	2
declines	1
decomposed	1
decomposing	1
decrease	2
deep	12
deep-red	1
deep-rooted	1
deep-sea	3
deep-seated	1
deep-violet	1
deepened	1
deeper	1
deepest	1
deeply	3
deeps	1
defect	1
defective	3
defences	1
defined	2
definite	9
definitely	1
deflected	2
deflection	1
degeneracy	1
degree	11
degrees	3
deliberateness	2
deliberation	1
delicacy	1
delicate	5
delicately	1
delighted	1
deliver	1
demand	1
demands	3
democracy	1
demonstrated	1
demonstration	1
dendrites	1
dense	1
densely	1
denser	4
density	1
dental	1
dents	1
deny	1
departure	1
departures	6
depend	2
dependent	2
depending	1
depends	7
depict	1
deposit	2
deposited	2
depository	1
deposits	1
depreciate	1
depress	1
depressions	1
depth	5
depths	5
derivation	1
derivative	2
derive	1
derived	4
deriving	1
descendant	1
descendants	3
descended	2
descent	3
describe	4
described	6
describes	1
deserve	1
desirable	1
desire	2
desires	1
despair	1
despairing	1
destination	1
destined	2
destroyed	6
destruction	1
detail	2
details	1
detect	7
detecting	2
deteriorates	1
deterioration	2
determination	1
determine	4
determined	2
determining	1
develop	3
developed	11
developing	3
development	17
deviation	1
device	4
devices	4
devised	1
devoured	1
dexterity	3
diagram	10
diagrams	1
diameter	14
diamond	1
diamond-like	1
diaphragm	1
diary	1
did	17
die	2
died	1
dies	1
diet	1
differ	6
difference	6
differences	8
different	46
differs	1
difficult	12
difficulties	12
difficulty	5
diffraction	1
diffuse	1
diffusion	1
digested	1
digesting	2
digit	1
digits	2
digs	1
dilatable	1
dilemma	1
dilutes	1
dim	2
dimensions	3
dimly	3
dimmed	1
dinosaur	1
dints	1
dioxide	1
dipper	2
direct	5
direction	6
directions	8
directly	6
director	1
disadvantage	1
disadvantageous	1
disadvantages	1
disappear	2
disappearance	1
disappeared	2
disappearing	1
disappears	3
disappointment	1
disarranged	1
disc	1
discards	1
discern	1
discharge	5
discharging	2
discolorations	1
discontinuous	1
discover	6
discovered	18
discoverer	2
discoveries	7
discovers	1
discovery	20
discriminate	3
discriminating	2
discrimination	1
discs	2
discuss	1
discussed	1
discussing	1
discussion	3
disease	2
diseased	1
disembodied	1
disguise	4
disintegrate	1
disintegration	6
dislodgment	1
disorder	1
dispense	3
dispensed	1
dispersion	3
dispersive	1
display	5
displaying	2
displays	1
dispute	1
disputed	2
disregarded	1
disruptive	1
dissected	1
dissipated	2
dissolved	2
distance	30
distances	8
distant	7
distantly	1
distinct	2
distinction	1
distinctions	1
distinctive	4
distinctively	2
distinguish	4
distinguished	2
distorting	1
distress	1
distribute	3
distributed	2
distributing	5
distribution	5
disturbance	3
disturbances	5
disturbed	2
diurnal	1
dived	1
diverged	3
divergence	3
diverging	2
divers	1
diverse	2
diversified	1
diverts	1
divide	1
divided	3
divides	3
dividing	1
diving	3
diving-bell	1
division	5
divisions	1
do	48
doctrine	1
does	33
dog	11
dog-toothed	1
dogs	2
doing	4
doles	1
domain	1
dome	1
domed	2
domestic	1
domesticated	4
dominant	2
dominated	1
dominating	1
donate	2
donation	1
donations	6
done	4
donkey	1
donkeys	1
donors	1
doom	1
door	2
doors	3
dormancy	1
dorsal	1
double	2
double-armed	1
double-breathers	1
doubled	2
doubling	1
doubt	20
doubted	1
doubtless	4
douching	1
down	42
down-breaking	1
down-rushing	1
down-stream	1
downloading	1
downward	2
downwards	2
dozen	2
dragon	1
dragon-flies	1
dragons	2
dramatic	1
draperies	1
draw	1
drawing	3
drawings	1
drawn	11
draws	1
dreaded	1
dream	1
dreamt	1
dredge	1
dress	3
dressed	1
dried	1
dried-up	1
drift	1
drifters	1
drifting	1
driven	1
drives	2
driving	2
drone-fly	1
drop	1
dropping	1
drought	4
drove	1
drum	1
dry	28
du	1
ducklings	1
duckweed	1
due	13
dull	4
dullest	1
during	13
dusk	2
dust	8
dwelling	1
dwindled	1
dwindling	6
dying	4
dynamic	1
dynamical	1
dynamo	3
e-mail	1
e.g	22
eBook	4
eBooks	4
each	24
eagle	1
eagles	1
ear	7
ear-bones	1
ear-passage	1
ear-trumpet	2
earlier	5
earliest	2
early	10
ears	3
earth	118
earth-moon	1
earth._	1
earthworm	3
earthworms	5
ease	1
easier	2
easily	8
easy	6
easygoing	1
eat	1
eats	1
ebb	1
ebbs	1
echo	1
eclipse	4
eclipses	1
economic	1
economical	1
economised	1
eddies	1
edge	4
edges	1
edition	1
editions	1
educability	4
educable	4
educate	1
educated	1
education	4
eel	4
eels	1
efface	1
effect	10
effected	3
effective	4
effectively	2
effectiveness	1
effects	5
efficiency	2
efficient	2
effort	3
efforts	3
egg	10
egg-cell	4
egg-cells	3
egg-cocoons	1
egg-producer	1
egg-shell	1
eggs	29
eight	3
eighteen	1
eighties	1
eighty	4
eighty-odd	2
either	3
ejecting	1
elaborate	1
elaboration	1
elapsed	1
elapses	1
elastic	2
elbows	1
elder	1
elect	2
electric	21
electrical	6
electrically	1
electricities	1
electricity	25
electrification	1
electrified	3
electro-magnet	1
electro-magnetic	2
electron	13
electronic	14
electrons	45
electroscope	1
element	15
elementary	2
elements	16
elephant	5
elephants	4
elevation	1
elevations	2
elevators	1
eliminate	1
eliminated	2
elimination	3
elongated	3
eloquent	2
else	1
elsewhere	4
eluding	1
elusive	2
elusiveness	1
elver	1
email	2
emancipated	1
embedded	2
embodiment	3
embryo	10
embryology	1
embryonic	2
embryos	4
emerald	1
emerge	4
emerged	2
emergence	5
emerging	4
eminently	1
emission	1
emit	1
emitted	3
emitting	1
emotion	1
emotional	1
emotionally	1
emotions	2
emotions_	1
emphasis	1
emphatic	1
employed	3
employee	1
employees	1
empty	6
enable	3
enabled	2
enables	5
enabling	1
encased	1
encircling	1
encounter	1
encourages	1
end	21
endeavour	4
endeavoured	1
ending	1
endless	1
endogamy	1
endowed	3
endowment	3
ends	6
enduring	1
enemies	7
energetic	1
energetically	1
energies	1
energy	89
energy_	1
engender	1
engines	1
engrain	1
engravings	1
engulfed	1
engulfing	3
enhanced	2
enjoy	2
enjoyed	1
enlarged	1
enlargement	2
enormous	15
enormously	4
enough	13
enregister	2
enregistered	2
enregistering	2
enregistrations	1
enter	4
entered	3
entering	2
enters	1
enthusiastic	1
entire	2
entirely	10
entities	3
entity	4
entrance	1
enumerate	1
envelope	3
envelops	2
environing	1
environment	8
epoch	1
epoch-making	1
equal	5
equalise	1
equally	5
equator	5
equatorial	1
equatorials	1
equilibrium	1
equipment	3
era	7
eras	3
erect	2
erectus_	1
ermine	2
erratic	2
error	5
errors	1
eruptions	1
escape	5
escapes	3
especially	12
essential	6
essentially	2
essentials	1
establish	3
established	8
establishing	1
establishment	8
estimate	7
estimated	4
estimates	2
estuaries	4
estuary	1
eternal	1
ether	23
evading	2
evaporation	1
even	47
evening	1
event	4
eventful	3
eventually	8
ever	18
ever-lengthening	1
every	31
everybody	1
everyday	4
everyone	2
everything	2
everywhere	1
evidence	14
evident	1
evidently	1
evil	1
evinced	1
evolution	61
evolution-idea	1
evolutionary	4
evolve	2
evolved	8
evolving	2
exactly	3
exaggerate	1
examination	2
examine	1
examined	1
example	6
examples	3
exceed	1
exceeding	1
exceedingly	1
excellence	1
excellent	1
except	17
exception	1
exceptional	3
exceptions	1
excessively	2
excited	1
excitement	2
exciting	2
exclusion	1
excrementitious	1
excursion	1
exempt	1
exercising	1
exertions	1
exhausted	1
exhibited	1
exhibits	1
exist	9
existed	2
existence	13
existences	2
exists	3
exogamy	1
expanding	2
expands	1
expansion	1
expect	2
expectations	1
expedient	2
expels	1
expend	1
expended	1
expense	1
expensively	1
expensiveness	1
experience	9
experiment	12
experimental	5
experimented	1
experimenter	1
experimenting	10
experiments	15
expert	1
expertness	1
explain	8
explained	6
explaining	3
explanation	6
explode	2
explodes	1
exploitation	1
explorers	1
explores	1
exploring	3
explosive	1
explosively	1
exporting	1
expose	1
exposed	4
exposing	1
exposition	1
exposure	2
expound	1
expounded	1
express	3
expressed	3
expresses	2
expressing	2
expression	3
expressions	2
expulsive	1
extend	2
extended	2
extends	2
extension	1
extensive	1
extent	8
external	5
extinct	9
extinction	3
extract	1
extraneous	1
extraordinarily	3
extraordinary	5
extravagant	1
extreme	3
extremely	4
extremes	1
exuberance	1
eye	16
eye-piece	1
eye-sockets	1
eyebrow	4
eyes	14
fabric	1
face	6
facial	2
facility	2
fact	43
factor	2
factors	5
facts	8
faculty	1
fading	1
fail	2
failures	1
faint	5
fainter	1
faintly	2
fair	1
fairly	2
fall	8
fallen	2
falling	4
fallow	1
falls	5
familiar	6
families	1
family	12
famine	1
famous	5
fan	2
fan-like	1
fanciful	1
far	31
far-fetched	1
far-reaching	4
farming	1
farther	10
farthest	1
farthing	1
fascination	1
fashion	5
fashioning	1
fast	4
fastened	3
fastening	1
faster	1
fat	1
fatal	1
fate	3
father	4
fathoms	3
fatiguing	1
fauna	6
faunal	1
favour	2
favouring	1
favourite	1
fear	1
fearful	1
feat	1
feather	2
feather-wing	1
feathering	1
feathers	5
feature	1
features	6
fed	3
federal	1
fee	2
feed	7
feeding	3
feeds	2
feel	1
feeling	3
feelings	3
feels	1
fees	1
feet	18
feigning	1
fell	1
fellow	2
felt	3
female	10
females	2
feminine	1
fermenting	1
ferments	1
ferns	1
ferocious	1
fertile	2
fertilisation	2
fertilised	7
fertilises	2
fertility	2
few	25
fibres	1
fibrous	1
field	9
field-voles	1
fierce	2
fiery	2
fifteen	3
fifteen-spined	1
fifteenth	1
fifty	5
fifty-four	1
fifty-millionth	1
fight	1
figment	1
figure	4
figures	4
filaments	1
file	1
files	2
fills	1
film	3
films	1
filters	1
final	2
finally	3
find	26
finder	1
finding	1
findings	1
fine	11
fine-grained	1
finer	1
finest	2
finger	4
finger-post	1
finger-posts	1
fingers	3
finite	1
fins	5
fiord	1
fir	1
fire	8
firm	1
firma	1
firmament	1
firmly	1
first	53
first-class	1
first-known	1
fish	20
fish-eater	1
fishermen	1
fishes	30
fishing	1
fit	7
fitful	2
fitnesses	1
fits	1
fitted	2
fitting	1
five	9
fix	2
fixed	9
fixes	3
flagella	1
flagellates	1
flame	2
flames	2
flapped	1
flapping	1
flashes	1
flat	2
flat-fish	2
flat-fishes	2
flattened	2
flaunting	1
flaws	1
fleas	1
flesh	2
flesh-eating	1
flier	2
flies	4
flight	15
flightless	1
flint	1
flints	1
floating	9
flood	4
flooding	1
floods	2
floor	5
flora	4
flounder	1
flourish	1
flourished	2
flow	7
flower	6
flower-perfumed	1
flowering	4
flowers	7
flowing	4
flows	1
fluid	2
fluids	2
fluorescence	1
flux	2
fly	11
flying	11
flywheel	4
foals	1
foam	2
focus	2
focussed	1
foetal	2
fold	1
folds	1
folk	1
folk-ways	1
follow	3
followed	7
following	8
follows	6
fond	1
food	30
food-canal	2
food-débris	1
food-plants	1
food-signal	1
foot	6
foot-print	2
foothold	2
for	277
force	2
forced	1
forceps	2
forces	2
forcibly	1
fore-arm	3
fore-leg	1
fore-limb	1
foreground	1
forehead	1
foreheads	1
foreign	1
foresight	1
forest	6
forester	1
forests	6
foretells	1
forewing	1
forget	1
form	38
format	2
formation	7
formed	11
former	1
formidable	2
forming	8
formless	1
forms	29
formulated	1
forth	9
fortuitous	1
forty	3
forty-five	2
forward	4
forwards	2
fossil	3
fossiliferous	1
fossils	4
foster-mother	1
foster-parent	1
foul	2
found	34
foundation	3
foundations	2
founder	1
founders	1
fountain	2
fountains	1
four	19
four-footed	1
four-toed	1
fourteen	1
fourth	4
foxes	1
fraction	3
fractions	1
fracture	1
fragment	2
fragments	4
frame	2
framework	1
free	12
freedom	5
freely	6
freeze	1
freezing	1
freezing-point	3
frequency	2
frequent	2
frequenting	1
frequently	1
frequents	1
fresh	14
freshwater	8
freshwaters	4
friction	4
frilled	1
fringe	1
fringing	1
fro	2
frog	8
frog-hopper	1
frog-hoppers	1
frogs	3
from	279
frond-like	2
front	7
frontispiece	2
frost	2
frozen	3
fruit	1
fruit-eating	1
fry	1
ft.	1
fuel	1
full	6
full-grown	1
fuller	2
fullness	1
fully	4
fully-formed	2
fumbling	1
function	1
functioning	2
functionless	1
fundamental	10
fungas	1
funnel	1
furnace	1
furnaces	1
furnish	1
furnished	1
furnishes	1
furs	1
further	17
furthest	1
future	7
gain	2
gained	1
gaining	2
gait	2
gallery	1
galley	1
galls	1
game	3
gamekeeper	1
gamut	1
ganglia	1
gape	2
garden	1
garment	3
gas	22
gas-bubbles	1
gaseous	5
gases	9
gate-posts	1
gather	2
gathering	3
gathers	2
gauged	1
gave	2
genealogical	2
general	16
generalised	2
generally	4
generated	1
generates	1
generation	3
generations	4
generous	3
generously	1
genesis	1
genial	1
gentle	1
gentleness	1
gently	1
genus	2
geographical	1
geological	2
geologist	2
germ-cells	6
germs	1
gestation	1
get	27
gets	5
getting	4
giant	4
giants	1
gibbon	3
gifted	1
gifts	1
gigantic	9
gilded	1
gill-clefts	3
gill-cover	1
gill-slits	1
gills	4
ginkgos	1
girdling	1
give	28
given	20
gives	8
giving	5
glacial	2
glad	1
gland	1
glands	4
glare	1
glass	12
glass-eels	1
gliding	2
glimpse	6
globe	7
globes	1
globules	1
gloomy	1
glory	1
glow	3
glowed	1
glowing	10
glue	1
glue-like	1
glumes	1
gluten	1
gnaw	2
go	28
goal	1
goes	8
going	19
gold	4
golden	3
gonads	1
gone	3
good	25
good-humoured	1
gorilla	6
gossamer	1
got	12
government	1
gradations	2
gradual	5
gradually	9
grain	7
grains	2
grand	3
grandest	2
granites	1
granules	2
grape-sugar	1
graphic	1
graphite	1
grasp	3
grasping	1
grass	5
grasses	1
grating_	1
grave	1
gravel	3
gravels	1
gravitation	1
gravitational	2
gravity	4
great	107
greater	16
greatest	8
greatly	11
greatness	1
green	13
greenish	3
greens	1
grew	1
grilse	1
grip	3
gripped	1
gripping	2
grist	1
gristly	3
groaning	2
groove	1
gross	1
grotesque	1
ground	11
grounds	1
group	4
grouse	1
grow	6
growing	3
grown	1
grows	5
growth	2
growths	1
grubs	1
guard	3
guards	1
guess	1
guesses	2
guidance	1
guide	1
guinea-pigs	1
gulf	1
gulls	1
gun	1
gunnel	1
gut	2
habit	11
habitat	3
habitat-zones	1
habits	4
habitual	2
habituation	1
habituations	1
had	60
hailstones	1
hair	7
hair-like	1
hairless	1
hairs	1
half	12
half-brutish	1
half-hour	1
half-second	1
halfpennies	1
halo	2
halved	1
halves	1
hammers	2
hand	19
handed	3
handiness	1
handle	3
hands	3
hang	1
hanging	2
happen	1
happened	2
happening	1
happens	6
hard	8
hard-and-fast	2
hardest	2
hardly	12
hare	4
harmless	1
harmonise	1
harmonising	1
harmony	1
harness	2
harpy	1
harvest	1
has	224
hastened	1
hastily	1
hatch	1
hatched	3
haunt	6
haunted	1
haunts	8
have	228
having	7
haze	1
he	51
head	13
head-brains_	1
head-on	1
headquarters	1
heads	1
health	1
healthfulness	1
healthy	1
heap	1
heard	2
hearing	7
heart	6
heartening	1
hearty	1
heat	39
heat-waves	2
heated	1
heating	1
heavenly	2
heavens	9
heavier	4
heaviest	3
heavy	4
hedgehog	1
hedgehog-like	1
heel	2
heidelbergensis_	1
height	9
heights	2
held	5
helium	3
helmet	1
help	7
helped	3
helping	1
helpless	1
helps	4
hemispheres	1
hen	1
hence	1
her	26
herald	2
herbage	2
herds	1
here	16
hereditarily	1
hereditary	4
heredity	2
heritage	1
hermit-crab	4
hermit-crabs	3
herons	1
herring-gulls	1
hidden	1
hide	1
hide-and-seek	1
hideous	1
high	17
high-pitched	1
higher	20
highest	8
highly	7
hills	2
him	5
himself	4
hind-legs	4
hind-limb	1
hint	1
hinted	1
hip	1
his	66
hiss	1
historical	2
history	11
hit	2
hither	2
hitherto	3
hive	1
hive-bees	1
hoar-frost	1
hobbled	1
hold	4
holder	4
holding	8
holds	3
hole	5
holes	1
hollow	1
hollows	1
home	7
homes	2
homing	1
hood	3
hooky	1
horizon	1
horizontal	2
hormones	5
horse	12
horse-power	1
horses	4
horsetail	1
host	3
hot	9
hotter	5
hottest	1
hour	4
hours	10
house	4
how	36
however	22
http	2
hue	1
huge	6
hum	1
human	31
humanity	2
humanoid	2
humblest	1
humdrum	1
humming-bird	1
humps	2
hundred	17
hundred-millionth	1
hundred-thousandth	1
hundredfold	1
hundreds	9
hunger	1
hunt	1
hunter	1
hunting	3
hunts	1
hurled	2
hurrying	1
hydrogen	9
hydrosphere	1
hypertext	1
hypotheses	1
hypothesis	2
i	1
i.e	7
i.e.	1
ice	4
ice-fields	1
idea	13
ideals	1
ideas	6
identification	1
identified	4
identify	1
idiosyncrasies	1
idly	2
if	60
ignoble	1
ignorance	1
ignorant	1
ignored	1
ill	2
illimitable	1
illumination	3
illumined	3
illustrate	4
illustrated	6
illustrates	2
illustrating	3
illustration	10
illustrations	2
image	2
images	1
imaginable	1
imagination	4
imaginative	1
imagine	3
imagines	1
imagining	1
imitation	2
immature	1
immediate	3
immemorial	2
immense	8
immensely	2
immensity	1
immersed	2
immigrants	1
immortality	1
impact	1
impart	1
imperfect	1
imperfectly	3
impinged	1
implements	4
implicit	1
implied	9
implies	6
imply	1
importance	13
important	18
imported	1
imposed	1
impossible	7
impress	1
impressed	2
impressing	1
impression	10
impressions	2
impressive	1
imprints	1
improved	2
improvements	1
impulse	1
impure	1
in	1033
in-breeding	1
inattentive	1
inborn	12
incalculable	1
incandescent	3
incarnation	1
incarnations	2
incessant	2
inch	16
inches	14
incipient	2
inclined	3
include	6
included	6
includes	4
including	7
income	1
incomplete	1
inconceivable	2
inconspicuous	8
increase	3
increased	8
increases	2
increasing	9
increasingly	1
incredible	1
incubated	1
incursions	1
indebted	1
indeed	7
indefinitely	1
indelible	2
independent	3
independently	1
indestructible	1
indicate	4
indicated	3
indicates	3
indicating	2
indication	2
indications	2
indicative	1
indifference	1
indifferent	1
indigo	2
indirect	1
indirectly	1
indispensable	3
indistinguishable	1
individual	18
individualities	1
individuality	2
individuals	3
indivisible	5
induced	1
inducement	1
induces	1
industrious	1
industry	1
ineffective	1
inequalities	1
inertia	1
inevitable	1
inevitably	1
inexhaustible	1
inexorable	1
inexperienced	1
inextricably	1
infallibly	1
infancy	2
infant	1
infantile	2
infected	2
inference	4
inferior	1
inferred	1
infiltration	1
infinite	6
infinitely	2
influence	10
influenced	2
influences	4
informal	1
information	1
ingenious	1
ingenuity	2
inhabitants	3
inhabiting	1
inherently	1
inheritance	3
inherited	1
initial	1
initiative	2
injects	1
injury	1
ink	1
ink-bags	2
inland	1
inner	8
inorganic	4
inquire	5
inquiry	1
inquisitive	3
insect	8
insect-visitors	1
insectivores	1
insectivorous	2
insects	18
insert	1
inshore	1
inside	3
inspire	1
inspiriting	1
installations	1
instance	19
instant	3
instantaneous	1
instantaneously	1
instead	6
instinct	10
instinctive	23
instinctively	2
instincts	3
institution	1
instreaming	1
instruction	1
instructive	2
instrument	9
instrumental	2
instruments	13
insulators	2
insurgence	1
integumentary	1
intellect	2
intellectual	3
intelligence	16
intelligent	13
intelligently	2
intended	1
intense	1
intensely	1
intensities	1
intensity	3
intent	1
inter-relations	3
interbreeding	1
interchange	1
intercourse	2
intercrossing	1
interest	15
interesting	31
interfered	1
interference	1
interglacial	1
interior	1
interlinked	1
interlock	1
intermediary	1
intermediate	1
internal	13
interposed	1
interpret	1
interpretation	2
interpreted	2
interpreting	1
interrupted	1
interruptions	1
interval	1
interwoven	1
intestine	1
intimate	4
into	118
intricacies	1
intricacy	1
intrigued	1
intrinsically	1
introduce	3
introduced	2
introducing	1
introduction	1
introductions	2
intruders	2
intruding	2
inturned	1
invaded	1
invalidity	1
invasion	6
invasions	1
invented	3
inverse	1
investigate	1
investigated	2
investigator	1
investigators	1
inveterate	1
invisibility	1
invisible	11
invitation	1
invoked	1
involution	2
involved	5
involves	2
inwards	1
iridescent	1
iron	14
iron-forming	1
iron-mines	1
irregular	1
irregularity	1
irresistible	1
irresistibly	1
irresponsibly	1
irresponsive	1
irruption	1
is	1078
islands	2
isolated	4
isolation	1
issue	1
it	487
item	1
items	2
its	213
itself	39
jackal	1
jacket	1
jar	1
jaws	5
jealousy	1
jelly	1
jellyfish	4
jellyfishes	1
jerks	2
jets	1
jettisons	1
jewels	1
joined	1
jointed-footed	1
joints	1
jolt	1
journey	5
journeyed	1
joy	2
judge	2
judged	3
jugglery	1
juice	1
jump	1
jumping	1
jumps	1
junction	1
jungle-fowl	1
just	28
justifiable	1
justified	1
justify	2
juvenile	1
kataleptic	1
kea	1
keel	1
keen	3
keenness	1
keep	8
keeping	1
keeps	1
kept	2
kernel	2
kettle	1
key	4
kids	2
killed	1
kind	29
kindly	1
kindred	2
kinds	18
kingdom	3
kinship	1
kitchen	1
kittens	1
kneads	1
knew	4
knife-blade-like	4
knitting	1
knob	1
knock	1
knocking	1
know	39
knowledge	10
known	29
knows	4
laboratories	1
laboratory	3
labour	4
labyrinth	1
lack	1
lacks	1
ladder	2
lag	1
laid	8
lake	1
lakes	3
lambs	2
lamp-shell	1
lamp-shells	1
lamprey	1
land	18
land-snails	1
lands	2
language	2
large	37
largely	3
larger	11
largest	4
larval	2
larvæ	2
lash	1
lashes	1
last	15
lasted	2
lasts	2
late	5
latent	2
later	14
latest	1
latitudes	1
latter	7
lattice-work	1
lava	1
law	5
lawlessly	1
laws	5
lay	4
layer	6
layers	4
lays	4
lb.	1
lead	8
leading	4
leads	3
leaf	11
leaf-butterfly	1
leap	4
leaping	1
leaps	3
learn	14
learned	9
learning	13
learns	2
learnt	1
least	10
leave	3
leaves	6
leaving	5
led	4
leech	1
left	15
left-hand	1
left-handed	1
left_	1
leg	4
legacy	3
legal	2
legions	1
legs	12
leisure	1
leisure-time	1
lemurs	1
length	16
lengths	2
lens	10
leopard	1
less	34
lessen	1
lessened	2
lessons	3
let	8
letter	1
lettering	1
letters	3
letting	1
level	12
levels	1
liability	1
liable	1
libelled	1
liberated	6
liberation	1
library	2
lice	1
license	2
lichen	1
lie	2
lies	3
life	75
life-histories	1
life-history	3
life-or-death	1
life-preserving	1
lifeless	1
lifelong	1
lifetime	2
lift	2
lifts	1
light	90
light-brown	1
light-waves	3
light-year	1
lighted	1
lighter	3
lightest	2
lighting	1
lightly	1
lightning	2
lights	1
like	108
likelihood	1
likely	4
likeness	1
likes	3
likewise	4
limb	1
limbless	1
limbs	2
limestone	1
limit	3
limitation	1
limitations	1
limited	7
limits	5
line	17
lined	2
lines	21
lingering	1
lingers	1
link	1
linkage	1
linked	2
linking	1
links	1
lip	1
lips	2
liquefy	1
liquid	10
list	3
listen	1
listeth	1
lit	1
lithium	1
little	41
little-brain	5
little-changed	1
littoral	1
live	7
live-and-let-live	1
lived	1
lively	2
liver	1
liver-fluke	1
lives	8
living	48
lizard	3
lizard-like	1
lizards	3
loaf	1
lobes	1
local	2
locate	1
locating	1
locations	1
locked	1
locomotion	2
locomotor	1
loess	1
long	67
long-haired	1
long-lost	1
longer	12
longest	6
longitudinally	1
look	8
looked	3
looking	2
looks	11
loose	5
loosely	1
lop-eared	1
loquacious	1
lose	1
loses	3
losing	1
loss	4
lost	4
lot	1
love	1
low	16
lower	15
lowest	5
lowly	3
luminescence	2
luminescent	1
luminosity	3
luminous	9
lunar	1
lung	1
lung-fish	1
lung-fishes	1
lungs	2
lurching	1
lured	1
lying	4
machine	1
made	51
magical	1
magnesium	2
magnet	9
magnetic	9
magnetism	3
magnets	1
magnificent	1
magnified	3
magnifies	1
magnitude	3
main	10
mainly	5
maintain	1
maintained	3
maintains	1
maintenance	1
majestic	1
majority	3
majority_	1
make	32
makers	1
makes	20
making	13
malaria	2
male	9
males	1
mammal	7
mammalian	3
mammals	48
mammoth	2
mammoths	1
man	106
man-ape	1
man_	1
manages	1
manatees	1
mangrove-trees	2
manifestation	2
manifested	2
manifesting	1
manifold	1
manipulation	1
manipulative	2
mankind	5
manner	5
manoeuvres	1
manufacture	2
manufactured	1
many	87
many-celled	3
marble	1
mares	1
margin	2
marine	8
mark	1
marked	11
markedly	1
markings	1
marks	2
marshes	2
marsupials	1
marvel	1
marvellous	2
marvels	1
masculine	1
masked	2
mass	16
masses	5
massive	2
master	3
master-key	1
mastered	2
masterful	1
masterliness	1
masterly	1
mastery	4
mate	2
material	13
materials	6
maternal	3
mathematical	1
mathematician	2
mathematicians	1
mating	1
matter	74
matter_	1
matters	1
mature	3
matures	1
maxim	1
maximum	4
may	153
maze	1
me	2
meadow	2
meal	1
meals	1
mean	11
meaning	7
meaningful	1
means	38
meant	13
meanwhile	1
measurable	2
measure	10
measured	6
measurement	1
measurements	2
measures	3
measuring	3
meat	1
mechanical	6
mechanism	1
medicine	1
medium	8
meet	7
meeting	1
meets	1
melancholy	1
melt	1
melting	2
member	2
members	7
memorable	1
memories	2
memory-image	1
men	22
mending	1
mental	12
mentality	3
mention	1
mentioned	3
mentioning	1
mere	3
merely	3
meridian	2
message	2
messages	2
messengers	2
met	3
metabolism	1
metal	5
metallic	1
metallurgists	1
metals	6
metamorphosis	1
meteoric	1
meteorite	1
meteorites	4
meteoritic	1
meteors	1
method	13
methodical	1
methods	12
mice	1
microbes	2
microscopic	6
microscopists	1
mid-Europe	1
mid-rib	1
middle	3
middle-aged	1
midst	1
might	19
mighty	1
migrants	1
migrate	1
migrated	3
migrating	1
migration	2
migrations	3
migratory	1
mild	2
mile	4
mile_	1
miles	44
milieu	1
milk	2
mill	1
millennia	2
millennium	2
milligram	1
millimetre	2
million	18
millions	21
milt	1
mimic	1
mimicked	2
mimickers	2
mimicry	4
minced	1
mind	30
minds	2
minerals	2
miners	1
mines	1
mingled	3
mingling	1
miniature	1
miniatures	1
minimum	2
minnow	2
minnows	4
minor	3
minority_	1
minute	14
minutes	10
mirror	8
misjudge	1
miss	1
mission	1
mistake	3
mistaken	1
mistakes	2
mites	1
mixes	1
mixing	1
mobile	6
mobility	1
model	5
modelled	2
modern	43
modernised	1
modernising	1
modernity	1
modes	2
modification	1
modifications	1
modified	1
moist	4
moistened	1
moisture	3
mole	1
molecular	3
molecule	12
molecules	20
moles	1
mollusc	2
molluscs	1
molten	3
moment	8
momentous	3
monarch	1
monitors	1
monkey	5
monkey-ape-man	1
monkeys	16
monotonous	2
monstrous	1
month	6
months	9
mood	1
moon	35
moons	7
moorhen	2
moorhens	1
moorland	1
moot	1
more	155
moreover	2
morning	1
morsel	1
mortality	1
mortar	1
mosquito	2
mosquitoes	1
moss	2
most	69
mostly	4
moth	4
mother	12
mother-of-pearl	1
moths	1
motion	11
motion._	1
motionless	2
motions	5
motive-force	1
motley	1
motor	4
mottled	2
mottlings	1
mould	1
moult	2
moulted	2
mountain	5
mountain-top-like	1
mountains	4
mounted	2
mounting	1
mounts	1
mouth	15
mouth-parts	1
mouths	1
move	6
moved	3
movement	19
movements	14
moves	1
moving	15
much	55
much-disputed	1
mud	4
mud-fishes	4
mud-minnows	1
mud-skipper	1
mud-turtle	1
muddy	2
multicellular	4
multifarious	1
multiple	2
multiplication	2
multiplicity	1
multiplies	1
multiplying	1
multitude	1
munitions	1
murrayi_	1
muscle	2
muscle-cells	2
muscle-fibres	1
muscles	9
muscular	2
musculature	1
museum	2
musical	2
musk	2
mussel	1
must	86
mutation	1
mutations	3
mutual	3
mutually	1
my	1
mysteries	1
mysterious	8
mysteriously	2
mystery	2
nail	2
nails	1
naked	2
name	3
named	2
namely	7
names	1
narrow	4
narrow-beaked	1
natans_	1
natural	15
naturalist	2
naturalists	1
naturally	5
nature	34
neap	1
near	14
nearer	6
nearest	5
nearly	15
nearness	2
nebula	12
nebular	4
nebulous	2
nebulæ	13
necessarily	1
necessary	6
necessity	2
neck	4
need	9
needed	1
needles	2
needs	2
negative	10
negatively	1
negatively-electrified	1
negro	1
negroes	1
neighbourhood	1
neighbours	1
neither	4
nemesis	1
nerve	2
nerve-cell	2
nerve-cells	4
nerve-cord	2
nerve-endings	1
nerve-fibre	3
nerves	3
nervous	5
nest	12
nest-building	2
nestling	1
nests	2
net	1
neutralised	1
never	10
new	49
newborn	2
newly	4
newts	1
next	11
nibbled	1
nibbles	1
niggardly	1
night	17
nightfall	1
nine	1
nineteenth	4
ninety-two	1
nipped	1
nitrates	1
nitrogen	1
nitrogenous	1
no	103
noble	2
nocturnal	1
noises	1
non	1
non-existence	1
non-living	1
non-protrusive	1
non-radiant	1
nondescript	1
none	3
nonproprietary	1
nor	8
normal	2
north	2
not	242
not-living	2
notable	3
notably	3
note	4
noted	5
notes	1
noteworthy	1
nothing	13
notice	10
noticed	2
noticing	1
notion	3
notochord	2
notwithstanding	1
nourished	1
novel	2
novelties	2
now	30
nowadays	1
nuclear	1
nuclei	1
nucleus	12
nude	1
number	30
numbers	5
numerous	10
nursery	1
nurture	1
nut	1
nutritive	7
nuts	1
oar	1
obey	1
object	4
objects	4
obligation	1
obligations	1
obliquely	1
obliteration	1
obscure	3
obscures	1
observation	3
observations	3
observe	2
observed	11
observer	1
observing	1
obsolete	1
obtain	3
obtained	2
obtaining	2
obviates	1
obvious	5
obviously	4
occasion	2
occasional	2
occasionally	2
occasions	1
occupied	1
occupies	4
occur	3
occurred	3
occurrence	3
occurs	5
ocean	5
ocean-basins	1
oceans	1
octopus	1
odd	1
odours	1
of	2768
off	38
offensive	1
offer	1
offered	3
offers	2
official	3
offshoot	1
offshore	1
offspring	5
often	48
oil	3
oil-sheet	1
oily	1
old	11
old-fashioned	2
older	2
oldest	3
omitted	1
on	352
on_	2
once	26
one	158
one-celled	5
one-eighth	1
one-millionth	1
one-seventh	1
one-sided	1
ones	9
online	2
only	76
onward	1
onwards	2
ooze	3
opaque	3
open	19
open-minded	1
open-sea	4
open-water	1
opened	4
opening	1
opens	2
operation	1
operations	1
opinion	2
opportunities	1
opportunity	5
opposed	1
opposite	8
optic	1
or	318
orang	1
orange	1
orbit	4
orbits	1
orchards	1
order	14
orderly	1
orders	3
ordinary	18
organ	3
organic	5
organisation	1
organism	7
organisms	9
organs	7
oriental	1
origin	13
original	11
originally	1
originate	1
originated	4
originator	2
originators	1
origins	1
orioles	1
ostrich	1
other	130
others	22
otherwise	3
otter	1
otters	2
ought	1
ounces	1
our	114
ours	2
ourselves	4
out	98
out-breeding	1
out-flowing	1
outbreaks	2
outcome	3
outdated	1
outer	6
outermost	2
outfit	1
outfly	1
outline	5
outlines	1
outlook	1
outlying	2
outside	11
outstanding	1
outward	3
outwards	2
oval	3
ovaries	1
oven	1
over	44
over-anxious	1
over-population	1
overcharged	1
overcome	3
overcoming	1
overcrowding	1
overflowing	1
overflows	1
overhanging	1
overhead	1
overlappings	1
overlying	1
overpowering	2
overtaken	1
overtakes	1
oviparous	1
ovipositor	1
ovules	2
ovum-producer	1
owe	3
owes	1
owing	3
own	21
owner	4
owns	2
oxygen	9
oxygen-capture	1
oxygenation	1
oyster-catcher	1
ozone	1
p.m.	1
pack	1
packet	2
packets	1
paddling	2
page	4
paid	3
painted	4
pair	2
paired	1
pairs	2
palatable	4
palates	1
pale-white	1
palm	1
palms	1
pans	1
paper	5
parachute	2
parachutists	1
paragraph	4
paragraphs	3
parallax	1
parallel	2
paralysed	2
paralysing	1
parasite	2
parasites	3
parasitic	1
parent	8
parentage	2
parental	7
parents	3
parish	1
parrot	3
parrot's-beak	1
part	31
partial	1
partially	4
particle	5
particles	23
particular	17
particularly	5
particulars	1
parting	1
partly	10
partner	1
partnership	4
partnerships	1
partridges	1
parts	9
party	1
pass	15
passage	7
passages	1
passed	8
passes	7
passing	11
past	7
pasture	1
patagium	2
patch	1
patches	1
patent	1
path	8
pathological	1
pathways	1
patience	2
pattern	3
patterns	1
paw	3
paying	1
payments	3
pays	1
peace	1
peaks	1
pearl-bearing	1
pebbles	1
pecked	2
pectoral	2
peculiar	5
peculiarities	7
peculiarly	3
pedigree	5
peeping	1
peg	1
pelage	1
pelagic	3
pelicans	1
pencil	2
pencilled	1
penetrate	3
penetrated	1
penetrates	1
penetrating	2
penetration	2
peninsula	1
pennies	1
penny	3
pent-up	1
people	9
peoples	2
peopling	2
per	6
perceive	2
perceived	3
perceiving	1
percept	1
perceptible	1
perception	2
percepts	1
perceptual	4
perch	1
perched	1
perfect	2
perfected	2
perfection	3
perform	1
performance	2
performances	1
performing	4
perhaps	22
period	36
periodic	2
periodically	3
periods	6
perish	1
perishes	1
periwinkle	1
permanent	4
permeable	1
permission	11
permit	1
permitted	2
permutations	1
perpetual	1
persisted	2
persistence	1
persistent	3
persistently	2
persisting	1
person	3
persons	2
persuading	1
petrel	1
phagocytes	2
phase	2
phases	1
pheasant	1
phenomena	8
phenomenon	1
philosopher	2
philosophers	1
philosophical	1
philosophy	1
phosphorescent	2
photograph	17
photographer	1
photographic	7
photographs	5
photosphere	9
photosynthesis	2
phrase	4
physical	8
physically	1
physicist	1
physicists	7
physics	4
physiological	4
physiologically	2
physiology	2
pick	3
picked	5
picture	11
picture-logic	1
pictures	2
picturesquely	1
piece	14
pieces	8
pigeon	5
pigeons	4
pigling	1
pigment	3
pigments	2
pigmies	1
piled	1
pill	1
pill-like	1
pillar	1
pinions	1
pinkish	1
pinna	1
pioneer	2
pioneers	1
pipe	1
pipes	1
piping	1
pistil	1
pit	1
pitch	1
pitchblende	2
pitcher-plant	1
pituitary	1
pivot	1
place	17
placed	5
placental	1
places	6
placing	1
plague	1
plaice	2
plain	4
plainly	1
plains	2
plan	2
plane	9
planet	19
planetary	2
planetesimal	1
planetesimals	1
planetoids	2
planets	25
plant	5
plants	37
plastic	2
plasticity	3
plate	10
plates	1
play	4
playful	2
playing	3
plays	3
please	1
plebeian	1
plenty	2
plovers	1
plum	1
plumage	5
plume	1
plunging	1
pocket	2
pockets	1
point	25
point_	1
pointing	1
points	11
poisonous	1
poker	5
polar	5
pole	5
poles	3
polished	2
pollen	2
pollen-nucleus	1
polygamous	1
polyp	1
polyps	1
pond	1
ponds	1
pool	2
pools	3
poor	1
poorly	2
popular	4
popularly	2
population	3
porcelain	1
porous	1
portals	1
portentous	1
portion	5
portions	2
position	8
positions	3
positive	12
positively	5
positively-electrified	1
possess	3
possessed	2
possesses	2
possessing	1
possession	2
possessors	1
possibilities	4
possibility	8
possible	35
possibly	2
posted	2
postulated	1
posture	1
potatoes	1
potential	2
pouch	2
poultry	1
pound	2
pounding	1
pounds	6
pour	1
poured	1
pours	2
powder	1
power	19
powerful	8
powers	4
practicability	1
practical	3
practically	7
practise	2
prawn	2
prayer	1
pre-arrangements	2
pre-eminent	1
pre-existing	1
pre-human	2
pre-material	1
precede	1
preceding	1
precious	2
precise	5
precisely	1
precursor	1
precursors	2
predatory	2
predecessor	1
predecessors	1
predisposition	1
predominates	1
preferred	1
preformed	2
prehensile	1
prehistoric	1
prelude	1
premature	1
prematurely	1
prepare	1
prepared	2
preparing	2
prerogative	1
presence	1
present	16
present-day	2
presented	3
presenting	1
presently	3
presents	1
preserve	1
preserved	1
press	2
pressure	6
pressures	1
presume	1
pretty	1
prevail	1
prevent	1
prevented	1
preventing	1
previous	7
prey	3
prickle	1
prickly	1
primal	1
primary	7
primers	1
primeval	2
primitive	11
primordial	1
principal	1
principle	3
principles	2
print	1
printed	4
prism	6
prisms	2
probability	4
probable	11
probably	20
probing	1
problem	8
problems	4
proceed	2
proceeding	3
proceeds	2
process	20
processes	9
processing	1
procession	1
prodigally	1
prodigious	4
produce	5
produced	6
produces	4
producing	2
product	1
production	2
products	1
profit	1
profitable	4
profits	1
profound	3
prognostications	1
progress	11
progressing	1
progressive	5
prohibition	1
projecting	3
projection	1
projects	1
prolific	5
prolongation	1
prolonged	2
prominence	1
prominences	2
prominent	3
prominently	2
promise	4
promiseful	1
promising	1
promote	1
promotes	1
prompted	2
pronounced	1
proof	7
propagated	1
propelled	1
proper	3
properties	1
property	3
prophesied	1
proportion	5
proposal	1
propounded	1
proprietary	1
prospect	1
prospecting	1
protect	1
protected	1
protecting	1
protection	5
protections	1
protective	2
proteins	1
prothyl	1
proton	1
protruding	1
protrusion	1
protrusive	2
proud	1
prove	2
proved	6
proves	1
provide	4
provided	1
provides	1
providing	3
proving	3
provisional	1
provisions	1
provoke	2
psychical	1
psychologist	1
ptarmigan	1
public	9
publication	1
publications	1
pull	3
pulled	4
pulling	2
pulls	2
pumped	1
punished	1
punting	1
puny	1
pupa	1
pupæ	2
pure	1
purpose	3
pursue	1
pursued	1
pursues	1
pursuing	1
pursuit	1
pursuits	1
pushed	3
pushes	1
put	14
puts	2
putting	3
puzzle	1
puzzle-boxes	2
puzzled	1
puzzling	2
quadruped	1
quaint	4
qualify	1
qualities	3
quality	4
quantities	4
quantity	3
quarry	1
quarter	2
question	8
questions	1
quick	2
quicker	1
quickest	1
quickly	5
quickness	1
quiet	2
quiet-flowing	1
quiet-looking	1
quills	1
quite	27
quoted	1
rabbit	3
rabbits	3
race	23
race-history	1
races	12
racial	6
radial	2
radiance	1
radiate	1
radiated	2
radiates	1
radiation	3
radiations	1
radio-active	7
radio-activity	5
radium	17
raft	1
railway	1
rain	3
rainbow	3
rainbow-tinted	1
raindrops	1
raise	4
raised	2
raising	1
ramifying	1
ran	1
rang	1
range	5
ranged	1
rank	1
ranks	1
rapid	13
rapidity	3
rapidly	9
rare	1
rarely	1
rarest	1
rarified	1
rat	1
rate	10
rates	1
rather	11
ratio	1
rational	2
rats	1
raw	2
ray	6
rays	27
reach	7
reached	7
reaches	10
reaching	1
react	1
reaction	2
reactions	3
reacts	1
read	5
readable	2
reader	3
readers	1
readily	7
reading	4
readjustments	1
reads	2
ready	2
ready-made	4
real	2
realisation	1
realise	2
realised	2
realities	1
reality	3
realize	1
really	6
reappear	2
reappears	1
reason	15
reasonable	5
reasoned	2
reasoning	2
reasons	5
recall	1
recalling	1
recapitulate	2
recapitulated	1
recapitulates	1
recapitulation	1
receipt	2
receive	4
received	5
receives	1
receiving	1
recent	11
recently	7
receptacles	1
reception	1
recognise	7
recognised	5
recommended	1
reconverted	1
record	2
recorded	1
records	1
recover	1
recuperate	1
recurrent	1
red	20
red-hot	2
rediscovered	1
redistribute	1
redistributing	1
redivides	1
reduced	3
reduces	2
reduction	2
reeds	1
reefs	1
refer	3
references	1
referred	2
referring	1
refers	1
refinements	1
reflect	4
reflected	7
reflecting	2
reflection	1
reflective	1
reflector	3
reflector_	1
reflex	9
reflux	1
refractor	1
refractors	1
refund	7
refused	1
regard	12
regarded	8
regards	6
region	8
regions	2
register	2
registered	2
registering	1
registers	1
registration	2
regrown	1
regular	3
regularised	1
regularity	1
regulate	1
regulating	2
reign	1
reincarnated	1
reinforced	1
reins	1
rejection	1
rejuvenescence	1
related	4
relation	3
relations	4
relationship	3
relative	6
relatively	12
relatives	2
releasing	1
relics	3
relieve	1
relieved	2
rely	1
remain	13
remained	3
remaining	1
remains	16
remarkable	17
remarkably	1
remember	4
remembered	2
remembering	1
reminded	1
reminding	1
remote	5
removed	2
removing	1
renaissance	1
renamed	1
render	1
renewal	1
renewed	1
renewing	1
reorganisation	1
repair	2
repeat	2
repeated	2
repeatedly	2
repeating	1
repel	1
repeopled	1
repeopling	1
repertory	5
replace	5
replaced	4
replacement	3
replied	1
repopulation	1
reported	2
represent	2
representation	3
representations	1
representative	4
representatives	3
represented	7
representing	1
represents	3
reproduce	1
reproduced	2
reproduction	8
reproductive	3
reptile	3
reptiles	10
reptilian	3
repulsive	1
reputation	2
request	1
require	6
required	8
requirements	3
requires	2
requiring	1
rescued	1
research	4
resemblance	11
resemblances	1
resemble	1
resembling	2
reservoir	2
reservoirs	1
residents	2
resist	1
resolute	1
resolved	1
resourceful	1
resources	3
respect	1
respecting	1
respectively	1
respects	4
respiration	2
respiratory	2
respond	1
responded	1
responds	1
response	3
responses	2
responsibilities	1
rest	9
resting-place	1
restless	3
restlessness	2
restoration	5
restored	2
restricted	2
restriction	1
rests	2
result	10
results	9
retiring	1
retreat	2
retreated	2
retreating	1
retreats	1
retrograde	1
retrogressions	1
return	7
returned	2
returns	1
reveal	1
revealed	2
reveals	2
revelations	3
reverently	1
reverse	2
reverses	1
reversing	2
revision	1
revolution	3
revolutionary	1
revolutionised	1
revolve	2
revolved	1
revolves	1
revolving	2
reward	1
rewarded	1
rewards	1
rhinoceros	2
rhythm	1
rhythmical	1
ribs	4
rich	5
rid	2
ridges	3
rife	1
rifle	3
right	12
right-handed	1
right_	1
rill	2
ring	6
ring-armour	1
rings	5
ripples	2
rise	13
risen	1
rises	6
rising	5
risk	2
risks	3
rivalry	1
rivals	1
river	4
rivers	12
roadside	1
roamed	1
robbed	1
robber-crab	2
robe	1
robin	1
rock	5
rock-cod	1
rocks	14
rocky	1
rod	1
rodents	1
roll	1
romance	1
romantic	1
roof	1
rooks	1
room	2
rooms	1
root	1
rose	2
rotate	5
rotated	1
rotating	5
rotation	7
rottenness	1
rough	1
rough-and-tumble	1
roughly	1
round	43
roundabout	1
route	1
routes	2
routine	5
roving	1
row	1
royalties	1
rub	1
rubbish	1
rude	1
rule	6
ruled	1
rules	1
run	2
rungs	1
runners	1
running	8
runs	4
ruse	1
rush	2
rushes	1
rushing	1
rôle	3
s/he	1
sabre-toothed	1
sack	1
sacred	1
sacrificing	1
sacs	1
safe	8
safeguarded	1
safely	1
safest	1
safety	3
sagacious	1
said	33
sail	2
sailing	2
sailor	1
sake	2
sal-ammoniac	1
salamanders	1
salicylic	1
salina_	1
salivary	1
salmon	10
salt	2
salterns	1
salts	4
same	49
samples	1
sand	6
sand-hoppers	2
sands	1
sandy	3
sap	2
sapiens	1
sappers	1
satellite	1
satellites	3
satisfaction	1
satisfactorily	1
satisfactory	4
saturated	1
saturating	1
saucerful	1
saucers	1
savage	1
save	4
saves	1
saving	1
saw	8
say	47
saying	4
says	8
scaffolding	1
scale	8
scaly	1
scanty	2
scapula	1
scattered	2
scene	1
scenery	3
scent	2
sceptical	1
scheme	2
science	18
sciences	2
scientific	15
scientist	1
scientists	1
scions	1
scissors	1
scooped	1
scooping	1
scope	1
score	1
scores	2
scorpions	1
scrap	1
scraping	1
screen	7
screened	1
screens	1
screw	1
screwing	1
sea	36
sea-anemone	5
sea-anemones	3
sea-cucumbers	1
sea-floor	1
sea-grass	3
sea-horse	1
sea-lettuce	1
sea-meadows	1
sea-skimmers	1
sea-snail	1
sea-snakes	1
sea-squirts	1
sea-urchin	2
sea-urchins	1
sea-water	1
sea-worms	1
seals	2
search	4
seas	7
seashore	5
season	1
seat	3
seaweed	9
seaweed-growing	3
seaweeds	6
second	29
secondaries	1
seconds	1
secret	4
secretions	1
secrets	1
section	5
secure	5
secured	1
securing	1
security	1
sedentary	5
sedimentary	2
see	40
seed	2
seeds	6
seeing	1
seek	2
seeking	2
seem	14
seemed	4
seems	23
seen	42
sees	1
seething	1
seized	2
seizing	1
seldom	3
select	2
selected	2
selecting	2
selection	1
selections	1
self-effacement	1
self-forgetful	1
semicircular	1
send	3
send-off	1
sending	1
sends	1
sensation	3
sensatory	1
sense	22
sense-organs	1
senses	4
sensitive	8
sensory	1
sent	2
sentence	1
sentiments	1
separate	4
separated	5
separately	1
separates	2
separating	2
separation	1
serial	1
series	8
serious	3
serum	1
serve	3
served	3
serves	2
service	3
serving	1
set	16
sets	2
setting	2
settle	1
settled	3
settles	1
settling	1
seven	7
seven-weeks-old	1
seventeen	1
seventy	1
several	10
severe	4
severely	1
sex	2
sex-call	1
shad	1
shade	2
shading	1
shadow	2
shadows	1
shafts	1
shaken	1
shall	15
shallow	9
shape	5
shaped	2
shapes	1
shard	1
share	2
shared	2
shark	2
sharks	1
sharp	6
sharp-eyed	1
sharply	1
shattering	1
she	13
sheath	1
shed	2
sheep	4
sheep-driving	1
sheets	1
shell	14
shell-shock	1
shells	2
shelter	1
sheltered	1
sheltering	2
shelves	1
shepherding	1
shield	1
shift	1
shifts	2
shine	1
shining	1
ship	3
shirk	1
shoot	1
shooting	2
shoots	1
shore	17
shore-animals	2
shore-crab	2
shore-haunt	3
shore-pool	1
shore-waters	1
shores	1
short	17
short-lived	1
shorten	1
shortening	2
shorter	1
shortest	1
shot	3
should	31
shoulder	1
shoulder-blade	1
shoulders	1
show	28
showed	10
showing	10
shown	19
shows	13
shreds	1
shrews	1
shrink	2
shrinkage	1
shrinking	1
shuffling	2
shunted	1
shut	2
shuts	1
side	31
sides	6
sideways	1
siding	1
siege	1
sifted	5
sifting	2
sifting-out	1
sight	5
sign	1
signal	2
significance	5
signifying	1
signs	2
silence	2
silent	1
silk	2
silken	1
silver	1
silvery	1
silvery-looking	1
simian	2
similar	14
similarity	2
similarly	2
similitude	1
simple	21
simpler	8
simplest	5
simplicity	1
simply	3
simultaneous	1
since	13
singing	1
single	11
sink	5
sinking	2
sinks	1
sit	1
site	4
sitting	1
situated	1
situation	1
situations	1
six	6
sixth	1
sixty	2
size	26
sizes	1
skate	1
skates	1
skeleton	3
skilful	1
skill	4
skimming	1
skin	6
skin-leaves	1
skin-twitching	1
skin-wing	1
skips	1
skull	8
skull-cap	1
skull-walls	1
skulls	1
sky	5
slave	1
sleeping	2
sleeps	1
slender	1
slight	6
slightly	2
slim	1
slip	1
slipped	2
slipperiness	1
slippery	1
slips	1
slope	3
slopes	2
slow	7
slowing	3
slowly	7
slowness	1
sluggish	4
slumped	1
smack	2
small	45
smaller	14
smallest	3
smell	4
smells	1
smoke	2
smooth	3
smoothness	1
snail	1
snake	1
snakes	4
snapping	1
snaps	1
sneak	2
sneering	1
sneeze	1
sneezing	1
snout	2
snow	6
snow-capped	1
snow-line	1
snuggle	1
so	122
so-called	1
soap	2
soapy	1
social	6
societies	1
society	3
sodium	2
soft	2
soft-shell	1
soil	4
sojourn	1
solar	17
sole	3
soles	1
solid	13
solidarity	1
solidifying	1
solidly	1
solids	1
solitary	1
solution	5
solutions	1
solved	2
solving	1
some	131
somehow	5
someone	1
something	18
sometimes	25
somewhat	6
song-thrush	2
soon	7
sooner	2
sort	13
sorted	2
sorts	1
sought	2
sound	6
sounds	4
soup-plate	1
source	9
sources	1
south	4
southwards	1
space	18
spaced	2
spacious	1
spans	1
spark	2
sparks	1
sparrow	2
sparrows	1
sparseness	1
spawn	4
spawning	1
spawning-pond	1
spawns	1
speak	6
special	7
specialised	2
specially	2
species	17
specific	1
specified	1
specimen	2
specimens	2
speck	2
specks	1
spectacle	1
spectacular	1
spectator	1
spectra	1
spectral	1
spectroscope	11
spectroscopist	1
spectrum	11
speculate	1
speculated	1
speculation	3
speculations	1
speculative	2
speed	17
speeds	1
spend	1
spending	1
sperm-cell	1
sperm-cells	2
spermatozoon	2
sphere	1
spider	7
spiders	5
spikelet-bearing	1
spikelets	1
spinal	2
spinners	1
spinning	3
spiral	14
spiral._	1
spirit	3
spirited	1
spite	2
splash	1
splashed	1
splashes	1
splendid	2
splendour	1
split	3
splitting	1
spoiling	1
spoke	2
sponge	2
sponges	4
spontaneously	4
sporting	1
spot	2
spots	10
spotted	1
spout	1
sprang	3
sprawl	1
sprawling	1
spread	8
spreading	1
spring	2
sprinkling	1
square	2
squirrel	2
squirrel-like	1
squirting	1
stable	4
staff	1
stage	10
stages	9
staggering	1
stagnant	1
stalking	1
stamens	2
stand	3
standard	2
standards	1
standing	2
stands	2
standstill	1
star	30
star-clouds	1
starch	1
starfish	2
starfishes	1
starlings	1
stars	52
start	1
started	3
starting	3
starting-point	2
startling	2
starts	1
state	19
statement	2
statements	1
states	3
static	1
stationary	1
statistics	1
statuettes	1
stature	1
status	3
staving	1
staying	1
steadfast	1
steadfastly	1
steadied	1
steadily	3
steady	1
stealthy	2
steep	2
stellar	2
stem	4
stems	2
step	9
steps	3
stereotyped	2
sternly	1
stick	3
sticking	1
stickleback	2
sticklebacks	5
sticks	1
stiff	1
stiffens	1
stigma	1
stile	1
still	35
stimulated	3
stimulating	3
stimuli	3
stimulus	5
sting	1
stinging	2
stinging-cells	1
stingless	1
stingy	1
stoat	1
stock	17
stocks	3
stomach	2
stomachs	1
stone	15
stones	7
stony	1
stood	3
stop	5
stoppage	1
stoppages	1
stopped	1
stopper	1
stops	2
store	1
stored	2
stores	1
stories	1
storing	1
storks	1
storm	3
storms	4
stormy	1
story	11
stow	1
stows	1
straight	7
straight-haired	1
straightforward	1
strain	1
strains	1
strange	7
strangers	1
strata	3
straws	2
stray	1
streak	1
stream	11
streamed	1
streamers	1
streaming	1
streams	4
street	2
strength	3
strengthened	1
strenuous	1
stress	1
stretched	1
stretches	2
strict	1
stricter	1
strides	1
strike	1
strikes	1
striking	10
string	1
striped	1
stroke	3
strokes	3
strong	12
stronger	2
struck	2
structure	17
structures	3
struggle	11
struggles	2
stuck	1
student	2
students	1
studies	1
study	11
studying	3
stuff	6
stuffed	1
stupefying	1
stupendous	1
stupid	1
style	2
subject	6
subjected	1
sublime	3
subsequent	1
subsequently	1
substance	11
substance._	1
substances	14
substances._	1
substitute	1
substituted	1
substratum	2
subtle	1
succeed	3
succeeded	1
succeeding	1
success	3
successes	2
successful	6
successfully	1
succession	4
successive	5
successively	1
successor	1
such	80
suck	1
sucks	2
suctorial	2
sudden	4
suddenly	4
suddenness	2
suffered	1
sufficient	9
sufficiently	3
suffocate	1
suffused	3
sugar	1
suggest	4
suggested	10
suggesting	2
suggestion	6
suggestive	1
suggests	3
suit	4
suited	6
suits	1
sulked	1
sulphite	1
sum-total	1
summer	7
sun	94
sun-spots	3
sunk	3
sunlight	11
sunlit	1
sunrise	1
suns	1
suns._	1
superficial	1
superficially	1
superfluous	1
superior	1
supersaturated	1
superstitions	1
supplanted	1
supplemented	1
supplies	2
supply	4
support	5
supported	1
supporting	2
suppose	9
supposed	6
supposes	2
supposing	2
supra-renal	1
sure	4
surely	3
surface	51
surface-atoms	1
surfaces	3
surfaces_	1
surmised	1
surpassed	1
surprising	3
surrendering	1
surrounding	10
surroundings	10
survey	3
survival	2
survive	4
survives	1
surviving	1
survivors	1
suspected	1
suspended	1
swallow	1
swallowed	1
swam	2
swamp	1
swamped	1
swamps	2
swarm	3
swarming	1
swaying	1
sways	1
sweep	1
sweeps	1
sweet	1
swept	2
swift	1
swiftest	1
swiftly	2
swim	2
swimmers	3
swimming	9
swims	2
swing	1
symbiosis	1
symbol	1
symbols	1
symmetry	3
sympathetic	1
sympathy	1
synonymous	1
synthesis	1
synthetic	2
system	24
systems	1
table	2
tackle	1
tacks	1
tactility	2
tadpole	4
tadpoles	2
tail	22
tail-feathers	1
tailless	1
tails	2
take	32
taken	17
taker	1
takes	10
taking	2
talk	1
talons	1
tamed	1
taming	1
tangent	1
tangere_	1
tangle	1
tap	2
tapeworm	1
target	1
tartan	1
task	1
tasks	1
tassel	1
taste	3
taught	1
taut	1
tax	5
taxes	2
teacher	1
teaching	1
tear	2
tearing	1
teaspoonful	1
technical	1
technically	1
teemed	1
teeming	1
teeth	13
telegraph	1
telescope	14
telescoped	1
telescopes	5
tell	6
tells	5
temper	2
temperament	1
temperature	30
temperatures	4
temporal	1
temporary	3
ten	6
tenable	1
tenanted	3
tend	10
tended	1
tendency	11
tender	2
tending	2
tends	4
tens	2
tension	2
tentacle	1
tentacles	7
tentative	3
tentatives	2
term	1
terminals	1
terms	12
terra	2
terrestrial	12
territories	1
territory	1
test	2
testes	1
testing	3
testings	1
tethered	1
text	3
than	120
that	660
the	4035
their	156
theirs	1
them	76
theme	1
themselves	20
then	45
theoretically	1
theories	4
theory	23
there	227
therefore	22
these	114
thesis	1
they	183
thick	10
thickened	1
thicker	1
thickly	2
thickness	9
thigh-bone	1
thin	3
thing	8
things	23
think	15
thinkers	1
thinking	5
thinks	1
thinner	5
thinnest	3
thinning	1
third	8
thirtieth	1
thirty	6
thirty-two	1
this	186
thither	2
thorax	1
thoroughly	6
those	25
though	15
thought	7
thousand	23
thousands	9
threads	5
three	30
three-chambered	2
three-horned	1
three-hundredth	1
three-millionth	3
threes	1
threshold	1
threw	1
thrice	1
thrilling	1
through	56
throughout	6
throughout_	1
throw	1
thrown	2
throws	1
thrush	4
thumb	3
thunder	1
thunderstorm	3
thus	14
thymus	1
thyroid	1
tick	1
tidal	2
tide	4
tide-producing	1
tides	10
tidings	1
tied	1
tiger	1
till	6
timber	1
time	62
times	28
tin	1
tinge	1
tiny	6
tip	3
tissues	3
to	1092
to-day	19
toad	2
toads	4
tobogganing	1
toe	3
toes	2
together	22
told	2
toll	1
ton	1
tongue	5
tongues	1
tons	10
too	24
took	10
tooth	1
top	6
torch	1
torpedo-net	1
tortoise	3
tortoise-shell	1
total	8
touch	2
touched	2
touches	1
toward	2
towards	15
tower	1
toy	1
trace	4
traceable	1
traced	1
traces	5
tracts	1
trade	1
trademark	5
trailing	1
trained	2
training	2
trains	1
trammels	1
transcending	1
transcription	1
transfer	2
transformation	2
transformations	1
transformed	3
transfused	2
transit	1
transition	4
transitional	1
translated	1
translucent	1
transmitted	1
transmitting	1
transmutation	2
transparent	4
transport	1
transported	1
trap	1
traps	1
travailing	2
travel	11
travelling	7
travels	9
traverse	2
treacherous	1
treated	1
treatment	1
tree	8
tree-frogs	2
tree-kangaroos	1
tree-lizards	1
tree-loving	1
tree-mice	1
tree-porcupines	1
tree-shrews	3
tree-sloths	2
tree-snake	1
tree-snakes	1
tree-stems	1
tree-toads	1
trees	10
trekking	1
tremendous	5
tremor	2
trend	1
trends	1
trial	3
trial-and-error	1
tried	1
tries	2
trifles	1
trigger	2
triggers	1
trillion	5
trillions	4
trilobites	1
trip	1
triumph	1
triumphant	1
triumphs	3
tropical	1
tropisms	2
trouble	2
trout	2
true	26
truly	2
trumpeting	1
trundles	1
truth	1
try	4
trying	7
tse-tse	1
tube	12
tube_	1
tubeful	1
tuberculosis	1
tubes	1
tubular	1
tucking	1
tuft	1
tufts	1
tugs	1
tumultuous	1
tune	1
tunic	1
turn	10
turned	6
turning	3
turns	3
turtle	4
turtles	2
twelve	1
twenty	9
twenty-five	2
twenty-four	2
twenty-nine	1
twenty-one	1
twenty-seven	1
twenty-thousandth	1
twice	1
twig	1
twig-insects	1
twigs	1
twilight	1
twinkling	1
two	88
two-thirds	1
two-thousandths	1
twofold	1
type	23
types	16
typhoid	1
typical	3
ultimate	2
ultimately	1
ultra-violet	3
unabated	1
unable	2
unaltered	1
unavailable	3
unawares	2
unborn	2
unbroken	1
uncertain	3
unconvincing	1
uncritical	1
undeniable	2
under	16
under-skin	2
under-water	1
undergoing	2
underground	1
underneath	2
underside	1
undersides	1
understand	11
understanding	2
understood	4
undertaken	1
underwent	1
undoubtedly	1
uneasy	1
unenforceability	1
unexhausted	1
unfitting	1
unfrozen	1
unfurl	1
ungirt	1
ungrateful	1
unhatched	1
unicellular	2
unification	1
unified	1
uniform	3
uniformity	1
unimagined	1
unimportant	2
union	2
unique	4
unison	1
unit	4
unite	1
uniting	1
units	3
unity	5
universal	5
universally	1
universals	1
universe	28
universes	4
unknown	5
unless	2
unlike	1
unlikely	2
unlit	1
unlock	1
unmistakably	1
unnecessary	1
unobtrusive	1
unpacked	1
unpalatable	6
unpaying	1
unpromising	1
unravelled	1
unrelated	1
unrestricted	1
unseen	2
unsegmented	1
unsounded	1
unsuccessful	1
unsuitable	1
untenable	1
untie	1
until	16
untold	1
unusual	1
unveiled	1
unwise	1
up	75
up_	1
upbuilding	1
uplifts	1
upon	22
upper	11
uppermost	1
upright	2
upside	1
upward	2
upwards	3
uranium	11
urgent	1
us	71
use	23
used	19
useful	10
useless	5
uses	1
using	7
usual	4
usually	12
utilisation	2
utilise	6
utilised	2
utilising	1
utilitarian	1
utility	2
utter	1
utterance	1
uttered	1
utterly	4
vacuole	1
vacuum	5
validity	1
valleys	1
valuable	1
value	1
vane	1
vanish	1
vanishing	1
vaporisation	1
vaporous	1
vapour	3
vapours	1
variability	2
variable	2
variation	2
variations	8
varied	5
varies	1
varieties	3
variety	18
various	21
varying	4
vascular	1
vase	1
vast	12
vaster	1
vastly	1
vegetarian	1
vegetation	5
vehicle	1
vehicles	2
velocities	1
velocity	7
velocity_	1
velvety	1
venom	1
ventral	2
ventures	1
veritable	1
vermiform	2
vertebrate	1
vertebræ	3
vertical	1
very	140
vestige	1
vestigial	2
vibrate	2
vibration	5
vibrations	3
vicissitudes	1
victim	1
victory	1
view	14
viewing	1
views	3
vigorous	4
vigorously	2
vigour	2
violent	3
violently	4
violet	4
violet-light	1
virtue	3
virus	1
visceral	1
visibility	1
visible	11
vision	4
visit	2
visitor	1
visitors	4
visits	2
vital	14
vividly	1
viviparity	1
viviparous	1
vivo	1
vivum	1
vocal	1
vogue	1
voice	8
void	1
volans_	1
volcanic	1
volplanes	1
volplaning	1
volume	1
volumes	1
volunteers	2
voracious	1
vortex	1
voyage	1
wade	1
waggons	1
wait	1
waited	1
wake	1
walk	2
walked	1
walks	1
wall	2
walls	7
waltz	1
waltzing	1
wander	1
wandering	1
waning	2
want	2
wanted	2
wanting	1
war	1
wariness	1
warm	2
warm-blooded	1
warm-bloodedness	1
warning	2
warrant	1
wary	1
was	236
washed	3
wasps	2
waste	4
wasted	1
watch	1
watched	1
watchful	1
watching	1
water	79
water-animals	1
water-basins	1
water-bird	1
water-measurers	1
water-ouzel	2
water-plants	1
water-shed	1
water-vapour	1
water-vole	1
waterfall	1
waters	11
wattle	1
wave	3
wave-length	2
wave-lengths	3
wave-motions	1
waves	40
wavy-to	1
wax	1
way	57
ways	13
we	310
weak	2
weaker	1
weakling	1
weapons	1
wear	3
wearisome	1
weather	3
weathered	1
weathering	3
weaves	1
web	6
web-wing	2
webbed	1
wedge-shaped	1
week	2
weekly	1
weeks	5
weigh	5
weighs	2
weight	8
weighted	1
weights	1
weird	1
welfare	1
well	21
well-advanced	1
well-defined	2
well-developed	3
well-formed	1
well-illumined	1
well-known	5
well-marked	2
went	7
were	114
west	2
wet	2
whale	4
whalebone	3
whales	4
what	71
whatever	4
whatsoever	3
wheat	11
wheats	1
wheel	5
whelk	3
when	96
whence	1
whenever	1
where	29
whereas	3
whereby	1
wherein	1
wherever	1
whether	8
which	396
while	18
whilst	1
whirling	2
whirlpool	1
white	24
white-hot	4
whiteness	1
who	33
whole	29
whose	6
why	7
wicketed	1
wide	5
widely	1
widened	1
widening	1
widespread	2
widest	1
width	1
wild	9
wildly	1
will	77
willing	2
willow	1
wind	3
winds	1
wing	8
winged	1
wingless	1
wings	9
winter	11
wiped	1
wire	7
wireless	2
wires	1
wisdom	2
wise	2
wisest	1
wish	1
wisps	1
with	285
withdrawal	1
withered	1
withering	1
within	23
without	29
witness	1
witnessed	1
wits	1
wives	1
wonder	2
wonder-world	1
wondered	1
wonderful	11
wonderfully	1
wonders	2
wont	1
wood	2
wood-cock	1
wood-snails	1
woodpecker	1
woodpeckers	1
woolly	1
woolly-haired	1
word	13
words	13
work	44
worked	7
working	6
works	22
world	40
worm	2
worms	5
worsted	1
worth	2
would	87
woven	1
wrack	1
wrapped	4
wreckage	1
wren	1
wriggle	1
wringing	1
wrist	1
writers	1
writes	2
writing	2
written	6
wrong	1
wrongly	1
wrought	3
www.gutenberg.org	2
yard	1
yards	2
year	19
years	48
yellow	2
yellowish	2
yet	17
yield	1
yolk	2
yolk-forming	1
you	39
young	49
youngest	2
your	8
youth	2
youthfulness	1
zero	1
zest	1
zinc	6
zone	2
zoological	2
zoologist	2
zoologists	1
zoophyte	2
zoophytes	1
zoölogical	1
{	9
|	70
|________________________________________________________________|	1
|_________|_______________|____________|____________|____________|	1
}	2
§	45
Æschylus	1
Æsop	2
æons	1
